20x20 grid, p = 0.5, f = 0.25, 500 steps
Ma D	Mi D	Red D	 Blue D	s+	s-
14996	55270	35155	35111	29.992000	110.540000
14748	55095	34887	34956	29.496000	110.190000
15062	55328	35146	35244	30.124000	110.656000
15002	54601	34834	34769	30.004000	109.202000
14924	54403	34726	34601	29.848000	108.806000
15192	55098	34936	35354	30.384000	110.196000
14986	55025	35001	35010	29.972000	110.050000
15162	54764	35107	34819	30.324000	109.528000
14810	54757	34714	34853	29.620000	109.514000
14940	55817	35231	35526	29.880000	111.634000
14960	54854	34930	34884	29.920000	109.708000
15184	54770	34982	34972	30.368000	109.540000
15121	54968	35136	34953	30.242000	109.936000
15131	54588	34791	34928	30.262000	109.176000
15091	55173	35247	35017	30.182000	110.346000
15060	55020	34886	35194	30.120000	110.040000
15010	54846	35124	34732	30.020000	109.692000
15280	54602	34824	35058	30.560000	109.204000
14962	55140	34965	35137	29.924000	110.280000
15098	55234	34996	35336	30.196000	110.468000
15073	54722	34905	34890	30.146000	109.444000
15139	54742	34923	34958	30.278000	109.484000
15084	54974	35006	35052	30.168000	109.948000
15141	55148	35211	35078	30.282000	110.296000
15459	55103	35239	35323	30.918000	110.206000
15039	55191	35022	35208	30.078000	110.382000
15207	55143	35131	35219	30.414000	110.286000
15137	54649	34882	34904	30.274000	109.298000
15330	54937	34890	35377	30.660000	109.874000
15153	54943	35042	35054	30.306000	109.886000
15309	55224	35287	35246	30.618000	110.448000
14844	55422	35294	34972	29.688000	110.844000
15072	54484	34866	34690	30.144000	108.968000
14932	55309	35189	35052	29.864000	110.618000
15046	55313	35201	35158	30.092000	110.626000
15151	54770	35023	34898	30.302000	109.540000
15159	54894	35012	35041	30.318000	109.788000
15078	54688	34856	34910	30.156000	109.376000
15014	54837	34885	34966	30.028000	109.674000
14988	55343	35417	34914	29.976000	110.686000
14765	55240	34921	35084	29.530000	110.480000
15006	55063	35115	34954	30.012000	110.126000
15186	54583	34922	34847	30.372000	109.166000
15120	54566	34828	34858	30.240000	109.132000
15468	54879	34953	35394	30.936000	109.758000
15156	54645	35044	34757	30.312000	109.290000
15143	54935	35032	35046	30.286000	109.870000
14863	55143	35078	34928	29.726000	110.286000
15243	54585	34981	34847	30.486000	109.170000
15383	54917	35047	35253	30.766000	109.834000
14904	54766	34952	34718	29.808000	109.532000
15105	55080	35069	35116	30.210000	110.160000
15069	55264	34988	35345	30.138000	110.528000
15021	54892	34984	34929	30.042000	109.784000
15154	55255	35163	35246	30.308000	110.510000
15227	54509	34764	34972	30.454000	109.018000
15273	54542	34878	34937	30.546000	109.084000
15069	54933	34931	35071	30.138000	109.866000
15276	54729	35135	34870	30.552000	109.458000
15104	54796	34898	35002	30.208000	109.592000
15018	54623	34742	34899	30.036000	109.246000
15316	54543	34894	34965	30.632000	109.086000
15412	54569	34987	34994	30.824000	109.138000
15132	54950	34983	35099	30.264000	109.900000
15073	54433	34692	34814	30.146000	108.866000
15051	54959	34979	35031	30.102000	109.918000
15406	54899	35142	35163	30.812000	109.798000
15223	54553	34845	34931	30.446000	109.106000
14971	55135	34983	35123	29.942000	110.270000
15199	55145	35077	35267	30.398000	110.290000
15037	54976	35232	34781	30.074000	109.952000
15308	54832	35120	35020	30.616000	109.664000
14905	55340	35064	35181	29.810000	110.680000
14900	55451	35251	35100	29.800000	110.902000
15238	55088	35059	35267	30.476000	110.176000
15168	54470	34824	34814	30.336000	108.940000
14824	54956	34947	34833	29.648000	109.912000
15047	55599	35333	35313	30.094000	111.198000
15017	54817	34950	34884	30.034000	109.634000
14996	55173	35054	35115	29.992000	110.346000
15218	54905	35042	35081	30.436000	109.810000
14982	55274	35230	35026	29.964000	110.548000
15291	54876	35076	35091	30.582000	109.752000
15158	55157	35091	35224	30.316000	110.314000
15144	54862	34986	35020	30.288000	109.724000
14915	55207	35123	34999	29.830000	110.414000
15132	55349	35304	35177	30.264000	110.698000
15169	54943	34894	35218	30.338000	109.886000
15040	54525	34939	34626	30.080000	109.050000
15074	54671	34887	34858	30.148000	109.342000
15126	54942	35194	34874	30.252000	109.884000
15013	55053	34894	35172	30.026000	110.106000
15106	55224	35247	35083	30.212000	110.448000
15079	55125	35172	35032	30.158000	110.250000
15080	54910	34997	34993	30.160000	109.820000
15450	54708	35124	35034	30.900000	109.416000
15070	55016	35166	34920	30.140000	110.032000
15155	54877	34798	35234	30.310000	109.754000
15155	54790	34890	35055	30.310000	109.580000
14916	54913	34918	34911	29.832000	109.826000
15039	54929	34961	35007	30.078000	109.858000
15118	54713	34758	35073	30.236000	109.426000
15098	54570	34768	34900	30.196000	109.140000
15358	54545	34844	35059	30.716000	109.090000
15278	55152	35267	35163	30.556000	110.304000
15243	55486	35415	35314	30.486000	110.972000
14926	54789	34799	34916	29.852000	109.578000
15079	55295	35320	35054	30.158000	110.590000
15055	54926	35069	34912	30.110000	109.852000
15247	55202	35285	35164	30.494000	110.404000
15395	54840	35152	35083	30.790000	109.680000
15093	54715	34859	34949	30.186000	109.430000
15181	54867	34879	35169	30.362000	109.734000
15166	55544	35383	35327	30.332000	111.088000
15199	54828	35033	34994	30.398000	109.656000
15112	54707	34882	34937	30.224000	109.414000
15368	54535	35069	34834	30.736000	109.070000
15176	54806	34967	35015	30.352000	109.612000
15296	54596	34725	35167	30.592000	109.192000
15271	54764	35010	35025	30.542000	109.528000
15048	55119	35087	35080	30.096000	110.238000
15093	54751	34818	35026	30.186000	109.502000
15245	54809	34977	35077	30.490000	109.618000
15156	54925	35260	34821	30.312000	109.850000
15115	55114	35154	35075	30.230000	110.228000
15213	55338	35175	35376	30.426000	110.676000
14956	55200	34956	35200	29.912000	110.400000
15043	54461	34718	34786	30.086000	108.922000
15045	55491	35345	35191	30.090000	110.982000
15271	54959	35169	35061	30.542000	109.918000
15478	54415	34834	35059	30.956000	108.830000
15234	54799	34949	35084	30.468000	109.598000
15253	54684	35004	34933	30.506000	109.368000
15178	54896	35009	35065	30.356000	109.792000
14976	55098	35080	34994	29.952000	110.196000
15198	55186	35180	35204	30.396000	110.372000
15096	54915	34958	35053	30.192000	109.830000
14799	55055	35063	34791	29.598000	110.110000
14935	54752	34886	34801	29.870000	109.504000
15257	54441	34787	34911	30.514000	108.882000
15182	54977	35153	35006	30.364000	109.954000
15011	55131	35105	35037	30.022000	110.262000
15081	55553	35122	35512	30.162000	111.106000
14968	55033	34897	35104	29.936000	110.066000
14934	55231	35193	34972	29.868000	110.462000
14829	54920	34917	34832	29.658000	109.840000
15353	54822	35098	35077	30.706000	109.644000
15148	55090	35107	35131	30.296000	110.180000
15423	54560	34944	35039	30.846000	109.120000
15156	54998	34948	35206	30.312000	109.996000
15263	54927	35135	35055	30.526000	109.854000
15475	54536	34950	35061	30.950000	109.072000
14983	55274	35183	35074	29.966000	110.548000
14854	55458	35037	35275	29.708000	110.916000
14890	55148	34907	35131	29.780000	110.296000
15111	54911	35064	34958	30.222000	109.822000
15245	55000	35319	34926	30.490000	110.000000
15173	55151	35196	35128	30.346000	110.302000
15357	54880	35129	35108	30.714000	109.760000
15104	55219	35114	35209	30.208000	110.438000
15281	54803	35352	34732	30.562000	109.606000
15318	54951	34997	35272	30.636000	109.902000
15265	54981	35196	35050	30.530000	109.962000
15052	55102	35133	35021	30.104000	110.204000
15392	54671	34963	35100	30.784000	109.342000
14959	55356	35110	35205	29.918000	110.712000
15009	55149	35134	35024	30.018000	110.298000
15320	54960	35195	35085	30.640000	109.920000
15122	54863	34989	34996	30.244000	109.726000
15002	54523	34785	34740	30.004000	109.046000
14925	54939	34669	35195	29.850000	109.878000
15003	54725	34954	34774	30.006000	109.450000
15177	54798	34835	35140	30.354000	109.596000
15201	54759	34977	34983	30.402000	109.518000
15015	55171	34964	35222	30.030000	110.342000
14998	54872	34978	34892	29.996000	109.744000
14809	55215	35042	34982	29.618000	110.430000
15313	55114	35238	35189	30.626000	110.228000
15143	55007	35089	35061	30.286000	110.014000
15262	54829	35329	34762	30.524000	109.658000
14872	54795	34797	34870	29.744000	109.590000
15183	54695	34962	34916	30.366000	109.390000
15259	54967	35035	35191	30.518000	109.934000
15096	54696	34914	34878	30.192000	109.392000
15272	55124	35120	35276	30.544000	110.248000
14987	55048	34965	35070	29.974000	110.096000
14964	55167	34991	35140	29.928000	110.334000
15212	54807	34859	35160	30.424000	109.614000
15100	54550	34851	34799	30.200000	109.100000
15083	54793	34858	35018	30.166000	109.586000
14751	55463	34850	35364	29.502000	110.926000
15168	54857	35034	34991	30.336000	109.714000
15085	54873	34986	34972	30.170000	109.746000
14796	54566	34710	34652	29.592000	109.132000
14919	54631	34829	34721	29.838000	109.262000
15125	54998	34990	35133	30.250000	109.996000
14953	55173	35096	35030	29.906000	110.346000
15284	54977	35085	35176	30.568000	109.954000
15187	54821	35113	34895	30.374000	109.642000
15033	54803	34928	34908	30.066000	109.606000
15109	54786	34978	34917	30.218000	109.572000
15106	54876	34959	35023	30.212000	109.752000
15075	54767	34822	35020	30.150000	109.534000
15147	54730	34851	35026	30.294000	109.460000
15270	54587	34943	34914	30.540000	109.174000
15125	55186	35194	35117	30.250000	110.372000
15290	54398	35017	34671	30.580000	108.796000
15134	54700	34881	34953	30.268000	109.400000
14947	55097	35173	34871	29.894000	110.194000
15179	54801	35016	34964	30.358000	109.602000
15056	54899	34952	35003	30.112000	109.798000
15361	54759	35046	35074	30.722000	109.518000
14884	55474	35107	35251	29.768000	110.948000
15026	54969	35164	34831	30.052000	109.938000
15208	55094	35065	35237	30.416000	110.188000
15221	54548	34974	34795	30.442000	109.096000
15042	54853	34820	35075	30.084000	109.706000
15078	54560	34901	34737	30.156000	109.120000
15131	54605	34907	34829	30.262000	109.210000
15132	54883	34938	35077	30.264000	109.766000
15102	54818	34761	35159	30.204000	109.636000
15084	54456	34678	34862	30.168000	108.912000
15051	55165	35203	35013	30.102000	110.330000
15171	54836	34798	35209	30.342000	109.672000
15018	55077	34929	35166	30.036000	110.154000
15222	54596	35036	34782	30.444000	109.192000
15120	54941	34948	35113	30.240000	109.882000
15195	54892	35187	34900	30.390000	109.784000
15034	55132	35065	35101	30.068000	110.264000
15085	55010	35010	35085	30.170000	110.020000
14962	54799	35018	34743	29.924000	109.598000
15193	54501	34936	34758	30.386000	109.002000
14931	55151	35000	35082	29.862000	110.302000
14944	54653	34760	34837	29.888000	109.306000
14819	54780	34809	34790	29.638000	109.560000
15208	54715	34958	34965	30.416000	109.430000
15247	54973	35014	35206	30.494000	109.946000
14994	54788	34792	34990	29.988000	109.576000
14907	55080	34810	35177	29.814000	110.160000
15024	55360	35053	35331	30.048000	110.720000
15148	54844	34988	35004	30.296000	109.688000
14924	55092	34932	35084	29.848000	110.184000
15168	54480	34783	34865	30.336000	108.960000
14756	54952	34859	34849	29.512000	109.904000
14742	55027	34792	34977	29.484000	110.054000
15250	54552	35038	34764	30.500000	109.104000
15311	54647	35096	34862	30.622000	109.294000
15175	55043	35086	35132	30.350000	110.086000
15207	54503	34832	34878	30.414000	109.006000
14974	55160	35066	35068	29.948000	110.320000
15190	54613	34791	35012	30.380000	109.226000
14966	55336	35103	35199	29.932000	110.672000
15398	54790	35046	35142	30.796000	109.580000
14944	55316	35220	35040	29.888000	110.632000
15135	55096	35085	35146	30.270000	110.192000
15093	55314	34947	35460	30.186000	110.628000
14869	54993	35286	34576	29.738000	109.986000
15020	55770	35169	35621	30.040000	111.540000
15119	54785	34872	35032	30.238000	109.570000
15185	54928	34972	35141	30.370000	109.856000
15154	54410	34793	34771	30.308000	108.820000
14955	54760	34880	34835	29.910000	109.520000
14875	54884	35000	34759	29.750000	109.768000
15147	55002	35144	35005	30.294000	110.004000
15105	54603	34781	34927	30.210000	109.206000
15047	55025	34903	35169	30.094000	110.050000
15343	54589	34963	34969	30.686000	109.178000
15131	55034	35181	34984	30.262000	110.068000
14856	54844	34940	34760	29.712000	109.688000
14959	55308	35080	35187	29.918000	110.616000
15181	55084	35088	35177	30.362000	110.168000
15206	55179	35132	35253	30.412000	110.358000
14928	55808	35422	35314	29.856000	111.616000
15402	55004	35208	35198	30.804000	110.008000
14980	54586	34831	34735	29.960000	109.172000
15128	55036	35063	35101	30.256000	110.072000
14932	54632	34770	34794	29.864000	109.264000
15056	55241	35177	35120	30.112000	110.482000
14840	55223	35053	35010	29.680000	110.446000
15055	54689	34764	34980	30.110000	109.378000
15057	55192	35205	35044	30.114000	110.384000
15226	54938	35020	35144	30.452000	109.876000
15163	54843	34829	35177	30.326000	109.686000
14959	54629	34777	34811	29.918000	109.258000
15273	55271	35173	35371	30.546000	110.542000
15212	54648	35078	34782	30.424000	109.296000
14958	55249	35177	35030	29.916000	110.498000
15144	55050	35120	35074	30.288000	110.100000
15192	54973	34971	35194	30.384000	109.946000
14904	54833	34856	34881	29.808000	109.666000
15132	54839	34903	35068	30.264000	109.678000
15082	54994	35036	35040	30.164000	109.988000
15206	55047	35117	35136	30.412000	110.094000
14935	55141	35105	34971	29.870000	110.282000
15148	54617	34763	35002	30.296000	109.234000
15169	54487	34874	34782	30.338000	108.974000
15211	55206	35163	35254	30.422000	110.412000
15350	54783	35131	35002	30.700000	109.566000
15179	54970	35095	35054	30.358000	109.940000
15402	54512	35210	34704	30.804000	109.024000
14992	54826	34998	34820	29.984000	109.652000
15071	54708	34710	35069	30.142000	109.416000
15284	54472	34798	34958	30.568000	108.944000
14980	54940	34932	34988	29.960000	109.880000
15212	54542	34764	34990	30.424000	109.084000
15024	54917	35199	34742	30.048000	109.834000
15219	55034	35170	35083	30.438000	110.068000
15297	54818	34943	35172	30.594000	109.636000
15060	54986	34917	35129	30.120000	109.972000
15158	54649	34900	34907	30.316000	109.298000
15053	55180	35133	35100	30.106000	110.360000
15066	55374	35147	35293	30.132000	110.748000
14996	54666	34685	34977	29.992000	109.332000
15046	55189	35166	35069	30.092000	110.378000
14940	55576	35474	35042	29.880000	111.152000
15179	54819	35025	34973	30.358000	109.638000
15269	54606	34906	34969	30.538000	109.212000
15017	55105	35180	34942	30.034000	110.210000
15086	55492	35330	35248	30.172000	110.984000
15459	54766	35039	35186	30.918000	109.532000
15220	54783	35046	34957	30.440000	109.566000
15151	54733	34996	34888	30.302000	109.466000
15124	54600	34706	35018	30.248000	109.200000
15086	55159	34981	35264	30.172000	110.318000
15047	54998	35011	35034	30.094000	109.996000
14896	54797	34743	34950	29.792000	109.594000
15004	54946	35085	34865	30.008000	109.892000
15044	54780	34902	34922	30.088000	109.560000
15218	54601	34856	34963	30.436000	109.202000
14826	55313	35101	35038	29.652000	110.626000
15048	55517	35226	35339	30.096000	111.034000
15249	54638	34998	34889	30.498000	109.276000
15118	54759	35116	34761	30.236000	109.518000
15075	54950	34936	35089	30.150000	109.900000
14926	55481	35219	35188	29.852000	110.962000
14992	55030	34888	35134	29.984000	110.060000
15410	54859	35004	35265	30.820000	109.718000
14970	54679	34799	34850	29.940000	109.358000
15110	55384	35225	35269	30.220000	110.768000
14898	54781	34998	34681	29.796000	109.562000
15127	55076	35024	35179	30.254000	110.152000
15137	54369	34733	34773	30.274000	108.738000
15141	55158	35106	35193	30.282000	110.316000
15199	55327	35489	35037	30.398000	110.654000
15092	55102	35045	35149	30.184000	110.204000
15364	54625	34847	35142	30.728000	109.250000
15107	54726	35029	34804	30.214000	109.452000
15259	54812	35015	35056	30.518000	109.624000
14842	55208	34868	35182	29.684000	110.416000
14869	55456	35268	35057	29.738000	110.912000
15044	54792	34850	34986	30.088000	109.584000
15207	54812	34939	35080	30.414000	109.624000
15183	54999	35012	35170	30.366000	109.998000
14947	54766	34974	34739	29.894000	109.532000
15006	55105	35092	35019	30.012000	110.210000
14959	55383	35061	35281	29.918000	110.766000
15353	54767	35258	34862	30.706000	109.534000
14941	54601	34700	34842	29.882000	109.202000
15227	54638	34945	34920	30.454000	109.276000
15170	54999	35139	35030	30.340000	109.998000
15279	55050	35045	35284	30.558000	110.100000
14931	55157	35077	35011	29.862000	110.314000
15113	55351	35409	35055	30.226000	110.702000
15160	54726	35048	34838	30.320000	109.452000
15159	54884	35355	34688	30.318000	109.768000
15024	54978	34995	35007	30.048000	109.956000
15168	54871	34859	35180	30.336000	109.742000
15175	54863	35001	35037	30.350000	109.726000
15232	54911	34951	35192	30.464000	109.822000
14972	55242	35077	35137	29.944000	110.484000
15118	54699	34881	34936	30.236000	109.398000
15057	55379	35224	35212	30.114000	110.758000
15282	54261	34798	34745	30.564000	108.522000
15158	55201	35288	35071	30.316000	110.402000
15162	55046	35039	35169	30.324000	110.092000
14934	54911	34862	34983	29.868000	109.822000
15009	55396	35276	35129	30.018000	110.792000
15113	54692	34869	34936	30.226000	109.384000
15145	54464	34693	34916	30.290000	108.928000
15146	55073	35023	35196	30.292000	110.146000
15224	54889	35074	35039	30.448000	109.778000
14898	54974	34925	34947	29.796000	109.948000
14901	54982	34804	35079	29.802000	109.964000
15031	54826	34883	34974	30.062000	109.652000
15391	55005	35303	35093	30.782000	110.010000
15379	54837	35198	35018	30.758000	109.674000
15027	55434	35352	35109	30.054000	110.868000
15248	54776	35084	34940	30.496000	109.552000
14955	55041	34929	35067	29.910000	110.082000
15145	54818	34993	34970	30.290000	109.636000
14954	55254	35092	35116	29.908000	110.508000
15114	55171	35208	35077	30.228000	110.342000
15039	55260	35187	35112	30.078000	110.520000
15422	54360	34563	35219	30.844000	108.720000
15242	55123	35217	35148	30.484000	110.246000
15004	54861	34930	34935	30.008000	109.722000
15020	55073	35004	35089	30.040000	110.146000
15174	54494	34819	34849	30.348000	108.988000
15154	54671	34749	35076	30.308000	109.342000
15116	55047	35100	35063	30.232000	110.094000
14911	55482	35282	35111	29.822000	110.964000
14815	55068	34747	35136	29.630000	110.136000
15205	55340	35401	35144	30.410000	110.680000
15462	54460	34945	34977	30.924000	108.920000
14974	55062	34971	35065	29.948000	110.124000
15009	54867	34911	34965	30.018000	109.734000
15107	54939	34991	35055	30.214000	109.878000
15141	54531	34682	34990	30.282000	109.062000
15143	54710	34935	34918	30.286000	109.420000
15055	54618	34646	35027	30.110000	109.236000
15337	54807	35135	35009	30.674000	109.614000
15090	54765	35171	34684	30.180000	109.530000
15395	54696	35031	35060	30.790000	109.392000
14905	55496	35101	35300	29.810000	110.992000
15109	55204	34882	35431	30.218000	110.408000
15448	54562	35003	35007	30.896000	109.124000
15063	55111	35091	35083	30.126000	110.222000
15000	54879	34992	34887	30.000000	109.758000
14982	54883	34833	35032	29.964000	109.766000
15242	54787	35024	35005	30.484000	109.574000
14991	55039	34958	35072	29.982000	110.078000
14920	55193	35135	34978	29.840000	110.386000
15194	54717	34929	34982	30.388000	109.434000
15252	55156	35215	35193	30.504000	110.312000
15210	54488	34781	34917	30.420000	108.976000
15200	54826	34894	35132	30.400000	109.652000
15172	54729	34893	35008	30.344000	109.458000
15307	54479	34794	34992	30.614000	108.958000
15051	54639	34942	34748	30.102000	109.278000
14878	54929	34838	34969	29.756000	109.858000
15129	54622	34885	34866	30.258000	109.244000
15262	54688	35296	34654	30.524000	109.376000
15123	54562	34756	34929	30.246000	109.124000
15095	54898	35147	34846	30.190000	109.796000
15281	55058	35120	35219	30.562000	110.116000
15284	54604	34990	34898	30.568000	109.208000
15467	54801	35109	35159	30.934000	109.602000
15081	55007	34961	35127	30.162000	110.014000
15124	55376	35336	35164	30.248000	110.752000
15110	55018	35078	35050	30.220000	110.036000
14857	55163	35049	34971	29.714000	110.326000
14764	55018	34872	34910	29.528000	110.036000
14994	55042	35054	34982	29.988000	110.084000
15180	54555	34939	34796	30.360000	109.110000
15053	54986	35212	34827	30.106000	109.972000
15031	54439	34511	34959	30.062000	108.878000
15281	54666	35001	34946	30.562000	109.332000
14931	55198	35092	35037	29.862000	110.396000
15082	55138	35209	35011	30.164000	110.276000
15203	54373	34847	34729	30.406000	108.746000
15119	54908	34970	35057	30.238000	109.816000
15211	55261	35271	35201	30.422000	110.522000
15176	54861	34873	35164	30.352000	109.722000
15080	54735	35028	34787	30.160000	109.470000
14904	54925	34925	34904	29.808000	109.850000
15285	54915	34957	35243	30.570000	109.830000
14894	54891	34909	34876	29.788000	109.782000
15121	54910	35058	34973	30.242000	109.820000
15104	55397	35323	35178	30.208000	110.794000
15047	55267	35095	35219	30.094000	110.534000
15026	54881	34899	35008	30.052000	109.762000
15101	54971	35088	34984	30.202000	109.942000
15239	54837	34899	35177	30.478000	109.674000
15006	55048	35107	34947	30.012000	110.096000
14995	55076	35175	34896	29.990000	110.152000
15215	55081	35060	35236	30.430000	110.162000
14994	55191	34915	35270	29.988000	110.382000
15214	54715	35010	34919	30.428000	109.430000
15465	54583	34979	35069	30.930000	109.166000
15263	54478	34886	34855	30.526000	108.956000
15094	55185	34975	35304	30.188000	110.370000
15275	54633	34907	35001	30.550000	109.266000
15214	54929	35033	35110	30.428000	109.858000
15040	54650	34928	34762	30.080000	109.300000
15299	55257	35213	35343	30.598000	110.514000
15351	54219	34897	34673	30.702000	108.438000
14768	54843	34733	34878	29.536000	109.686000
15176	54969	35004	35141	30.352000	109.938000
15306	54576	34779	35103	30.612000	109.152000
15064	54604	34807	34861	30.128000	109.208000
15021	54669	34930	34760	30.042000	109.338000
15097	55436	35323	35210	30.194000	110.872000
15032	55246	35086	35192	30.064000	110.492000
15247	55521	35347	35421	30.494000	111.042000
15170	54665	35031	34804	30.340000	109.330000
15176	55090	35105	35161	30.352000	110.180000
15053	54659	35078	34634	30.106000	109.318000
15061	55333	35270	35124	30.122000	110.666000
14876	55056	34995	34937	29.752000	110.112000
15180	55263	35212	35231	30.360000	110.526000
15145	54762	35139	34768	30.290000	109.524000
15142	54941	34935	35148	30.284000	109.882000
14939	54764	34717	34986	29.878000	109.528000
15156	54941	35045	35052	30.312000	109.882000
15325	54765	35133	34957	30.650000	109.530000
14923	54974	34948	34949	29.846000	109.948000
15257	55115	35146	35226	30.514000	110.230000
15103	55025	35100	35028	30.206000	110.050000
14771	55392	35181	34982	29.542000	110.784000
15155	54931	35186	34900	30.310000	109.862000
