10x10 grid, p = 0.5, f = 0.25, 2500 steps
Ma D	Mi D	s+	s-
17691	62354	7.076400	24.941600
17984	62388	7.193600	24.955200
17652	61928	7.060800	24.771200
18121	61977	7.248400	24.790800
17934	61714	7.173600	24.685600
17876	62030	7.150400	24.812000
18072	62486	7.228800	24.994400
17628	62719	7.051200	25.087600
17776	62104	7.110400	24.841600
17961	62181	7.184400	24.872400
18251	62420	7.300400	24.968000
18028	62480	7.211200	24.992000
17773	62773	7.109200	25.109200
17696	62214	7.078400	24.885600
18031	62169	7.212400	24.867600
18045	62220	7.218000	24.888000
17985	62075	7.194000	24.830000
17722	62847	7.088800	25.138800
18142	62545	7.256800	25.018000
17653	62218	7.061200	24.887200
17624	61992	7.049600	24.796800
17689	62367	7.075600	24.946800
17991	62743	7.196400	25.097200
17765	61643	7.106000	24.657200
18037	62218	7.214800	24.887200
18037	62179	7.214800	24.871600
17819	61654	7.127600	24.661600
17844	62900	7.137600	25.160000
17835	63277	7.134000	25.310800
17615	62730	7.046000	25.092000
17972	61856	7.188800	24.742400
17816	62444	7.126400	24.977600
17973	62162	7.189200	24.864800
18128	61869	7.251200	24.747600
17851	62203	7.140400	24.881200
18020	62939	7.208000	25.175600
17746	62661	7.098400	25.064400
17934	62363	7.173600	24.945200
18016	62396	7.206400	24.958400
18020	62435	7.208000	24.974000
17758	62418	7.103200	24.967200
17718	62487	7.087200	24.994800
17752	63071	7.100800	25.228400
17820	62256	7.128000	24.902400
17944	62125	7.177600	24.850000
17822	62298	7.128800	24.919200
17651	62540	7.060400	25.016000
17902	62640	7.160800	25.056000
17789	62108	7.115600	24.843200
17832	62418	7.132800	24.967200
18026	62508	7.210400	25.003200
17721	61988	7.088400	24.795200
17724	62241	7.089600	24.896400
17740	62501	7.096000	25.000400
17399	62453	6.959600	24.981200
17793	62001	7.117200	24.800400
17898	62084	7.159200	24.833600
17872	62651	7.148800	25.060400
17919	62495	7.167600	24.998000
17809	62709	7.123600	25.083600
17500	62546	7.000000	25.018400
17483	62666	6.993200	25.066400
17755	62398	7.102000	24.959200
17841	63087	7.136400	25.234800
17668	62155	7.067200	24.862000
18091	61769	7.236400	24.707600
17627	62425	7.050800	24.970000
17657	61820	7.062800	24.728000
17646	62327	7.058400	24.930800
17795	62200	7.118000	24.880000
17858	62579	7.143200	25.031600
17600	62490	7.040000	24.996000
17822	62168	7.128800	24.867200
17900	61765	7.160000	24.706000
17679	62335	7.071600	24.934000
17594	62607	7.037600	25.042800
17737	62677	7.094800	25.070800
17858	62721	7.143200	25.088400
17753	62467	7.101200	24.986800
17823	62866	7.129200	25.146400
17793	61478	7.117200	24.591200
18104	62455	7.241600	24.982000
17942	62010	7.176800	24.804000
17807	63010	7.122800	25.204000
17749	62561	7.099600	25.024400
17652	62396	7.060800	24.958400
17953	62040	7.181200	24.816000
17921	62642	7.168400	25.056800
17759	63022	7.103600	25.208800
18015	62751	7.206000	25.100400
17697	62477	7.078800	24.990800
18007	62761	7.202800	25.104400
17722	62058	7.088800	24.823200
17847	61957	7.138800	24.782800
17517	62670	7.006800	25.068000
17767	62703	7.106800	25.081200
17721	62236	7.088400	24.894400
17735	62960	7.094000	25.184000
17675	62692	7.070000	25.076800
18046	62685	7.218400	25.074000
17976	62344	7.190400	24.937600
17639	62189	7.055600	24.875600
17606	62196	7.042400	24.878400
17882	62040	7.152800	24.816000
17702	62918	7.080800	25.167200
18055	62579	7.222000	25.031600
17808	62557	7.123200	25.022800
17793	62463	7.117200	24.985200
17865	61854	7.146000	24.741600
17619	62556	7.047600	25.022400
18053	63002	7.221200	25.200800
17915	62151	7.166000	24.860400
17544	62880	7.017600	25.152000
17749	62196	7.099600	24.878400
18195	62298	7.278000	24.919200
17736	62311	7.094400	24.924400
17741	62481	7.096400	24.992400
17893	62584	7.157200	25.033600
17883	62216	7.153200	24.886400
17799	62154	7.119600	24.861600
17601	62297	7.040400	24.918800
17888	62883	7.155200	25.153200
17604	62729	7.041600	25.091600
18122	62590	7.248800	25.036000
17908	62053	7.163200	24.821200
17770	62191	7.108000	24.876400
17828	62373	7.131200	24.949200
17699	62690	7.079600	25.076000
17845	62477	7.138000	24.990800
17916	62469	7.166400	24.987600
17871	62670	7.148400	25.068000
17793	62527	7.117200	25.010800
17740	63066	7.096000	25.226400
17980	61988	7.192000	24.795200
18032	62371	7.212800	24.948400
17713	62383	7.085200	24.953200
17716	62591	7.086400	25.036400
17701	62881	7.080400	25.152400
17853	62292	7.141200	24.916800
17682	62304	7.072800	24.921600
17551	62338	7.020400	24.935200
17819	62801	7.127600	25.120400
17814	62286	7.125600	24.914400
18167	62173	7.266800	24.869200
18116	62177	7.246400	24.870800
18118	62457	7.247200	24.982800
17815	62290	7.126000	24.916000
17817	62430	7.126800	24.972000
17520	62438	7.008000	24.975200
17962	63039	7.184800	25.215600
17832	62490	7.132800	24.996000
17762	62475	7.104800	24.990000
17902	62774	7.160800	25.109600
17926	62584	7.170400	25.033600
17924	62765	7.169600	25.106000
17979	61698	7.191600	24.679200
17997	61997	7.198800	24.798800
18005	62159	7.202000	24.863600
17802	61843	7.120800	24.737200
17745	62312	7.098000	24.924800
18468	62364	7.387200	24.945600
17465	61934	6.986000	24.773600
17891	62409	7.156400	24.963600
17738	62807	7.095200	25.122800
18097	62103	7.238800	24.841200
17727	62197	7.090800	24.878800
17589	62244	7.035600	24.897600
17820	62774	7.128000	25.109600
17866	62085	7.146400	24.834000
17808	62437	7.123200	24.974800
17853	62575	7.141200	25.030000
17916	62502	7.166400	25.000800
17675	62474	7.070000	24.989600
17827	62771	7.130800	25.108400
17824	62452	7.129600	24.980800
17756	61862	7.102400	24.744800
18062	61822	7.224800	24.728800
17887	62127	7.154800	24.850800
17797	62215	7.118800	24.886000
18193	62201	7.277200	24.880400
17702	62918	7.080800	25.167200
17772	62792	7.108800	25.116800
17972	62633	7.188800	25.053200
17908	62104	7.163200	24.841600
17859	62331	7.143600	24.932400
17694	62467	7.077600	24.986800
17626	61835	7.050400	24.734000
17643	62636	7.057200	25.054400
17802	62360	7.120800	24.944000
17796	62791	7.118400	25.116400
17688	62642	7.075200	25.056800
17712	62275	7.084800	24.910000
17901	62346	7.160400	24.938400
17839	62672	7.135600	25.068800
17538	62869	7.015200	25.147600
17694	62275	7.077600	24.910000
17833	61726	7.133200	24.690400
18038	61940	7.215200	24.776000
17786	62330	7.114400	24.932000
18010	62726	7.204000	25.090400
17927	62784	7.170800	25.113600
17925	62154	7.170000	24.861600
17660	62483	7.064000	24.993200
17693	62395	7.077200	24.958000
17953	62542	7.181200	25.016800
17371	62073	6.948400	24.829200
17879	62372	7.151600	24.948800
17610	63034	7.044000	25.213600
17938	62144	7.175200	24.857600
17970	62600	7.188000	25.040000
17802	62512	7.120800	25.004800
18057	62896	7.222800	25.158400
18007	61510	7.202800	24.604000
17817	62028	7.126800	24.811200
17915	61692	7.166000	24.676800
17935	62950	7.174000	25.180000
18029	62704	7.211600	25.081600
17470	62277	6.988000	24.910800
17939	62629	7.175600	25.051600
17791	62330	7.116400	24.932000
17740	62380	7.096000	24.952000
17523	62015	7.009200	24.806000
17866	62242	7.146400	24.896800
18027	62813	7.210800	25.125200
17901	62416	7.160400	24.966400
18041	61846	7.216400	24.738400
17671	62452	7.068400	24.980800
17761	61576	7.104400	24.630400
17519	62362	7.007600	24.944800
18012	62637	7.204800	25.054800
17701	62470	7.080400	24.988000
18236	62115	7.294400	24.846000
18002	62471	7.200800	24.988400
17890	62070	7.156000	24.828000
17973	61704	7.189200	24.681600
17892	61939	7.156800	24.775600
17922	62558	7.168800	25.023200
18029	61944	7.211600	24.777600
17990	62480	7.196000	24.992000
17642	62603	7.056800	25.041200
17824	62568	7.129600	25.027200
17939	62184	7.175600	24.873600
18015	61887	7.206000	24.754800
17935	63106	7.174000	25.242400
17701	61420	7.080400	24.568000
18068	62044	7.227200	24.817600
17906	62094	7.162400	24.837600
17822	62192	7.128800	24.876800
18105	62114	7.242000	24.845600
17719	62548	7.087600	25.019200
17746	62483	7.098400	24.993200
17741	61597	7.096400	24.638800
17880	62873	7.152000	25.149200
17907	62614	7.162800	25.045600
17570	62735	7.028000	25.094000
17867	62240	7.146800	24.896000
17985	62033	7.194000	24.813200
17509	62513	7.003600	25.005200
17582	62474	7.032800	24.989600
17953	62272	7.181200	24.908800
17957	62043	7.182800	24.817200
18141	62228	7.256400	24.891200
17850	62076	7.140000	24.830400
17506	61905	7.002400	24.762000
17887	62267	7.154800	24.906800
18155	62353	7.262000	24.941200
17778	61994	7.111200	24.797600
18134	62302	7.253600	24.920800
17684	62050	7.073600	24.820000
17738	62009	7.095200	24.803600
18107	62397	7.242800	24.958800
17858	62879	7.143200	25.151600
17897	61817	7.158800	24.726800
17796	62073	7.118400	24.829200
17894	62269	7.157600	24.907600
17941	62239	7.176400	24.895600
17819	63242	7.127600	25.296800
18072	62683	7.228800	25.073200
17534	62046	7.013600	24.818400
17856	62056	7.142400	24.822400
17838	62761	7.135200	25.104400
17678	62558	7.071200	25.023200
17637	62105	7.054800	24.842000
17761	62343	7.104400	24.937200
17546	62287	7.018400	24.914800
17851	61844	7.140400	24.737600
17805	62447	7.122000	24.978800
17845	61975	7.138000	24.790000
17888	62766	7.155200	25.106400
17680	62658	7.072000	25.063200
17881	62840	7.152400	25.136000
17694	62608	7.077600	25.043200
17595	62430	7.038000	24.972000
17758	62611	7.103200	25.044400
18006	62189	7.202400	24.875600
18015	61795	7.206000	24.718000
17738	62818	7.095200	25.127200
18009	62334	7.203600	24.933600
17624	62463	7.049600	24.985200
17883	61953	7.153200	24.781200
18230	62700	7.292000	25.080000
17552	62666	7.020800	25.066400
17605	62709	7.042000	25.083600
18104	62422	7.241600	24.968800
17439	62890	6.975600	25.156000
17431	62336	6.972400	24.934400
17461	62158	6.984400	24.863200
17779	62119	7.111600	24.847600
17707	62432	7.082800	24.972800
17936	62384	7.174400	24.953600
17897	62406	7.158800	24.962400
17729	62705	7.091600	25.082000
17923	62429	7.169200	24.971600
17892	61866	7.156800	24.746400
17891	62825	7.156400	25.130000
17800	62255	7.120000	24.902000
17797	62644	7.118800	25.057600
17841	62692	7.136400	25.076800
17431	62221	6.972400	24.888400
17965	62267	7.186000	24.906800
17860	62850	7.144000	25.140000
17839	62512	7.135600	25.004800
17892	62475	7.156800	24.990000
17958	63007	7.183200	25.202800
17853	63149	7.141200	25.259600
17917	61955	7.166800	24.782000
17665	62707	7.066000	25.082800
17924	62236	7.169600	24.894400
17778	62601	7.111200	25.040400
17514	63051	7.005600	25.220400
17847	62276	7.138800	24.910400
17412	61978	6.964800	24.791200
17451	61968	6.980400	24.787200
17935	62413	7.174000	24.965200
17880	62188	7.152000	24.875200
17648	62912	7.059200	25.164800
17919	61478	7.167600	24.591200
17830	62441	7.132000	24.976400
17817	62811	7.126800	25.124400
17976	62022	7.190400	24.808800
17702	62724	7.080800	25.089600
17628	62455	7.051200	24.982000
18033	62367	7.213200	24.946800
17738	61628	7.095200	24.651200
17714	62847	7.085600	25.138800
17765	62459	7.106000	24.983600
17693	62434	7.077200	24.973600
17965	62573	7.186000	25.029200
17806	62263	7.122400	24.905200
17722	62630	7.088800	25.052000
17652	62811	7.060800	25.124400
17947	61712	7.178800	24.684800
18031	62738	7.212400	25.095200
17919	63193	7.167600	25.277200
17827	62387	7.130800	24.954800
17781	62658	7.112400	25.063200
17817	62839	7.126800	25.135600
17772	62924	7.108800	25.169600
17848	62809	7.139200	25.123600
17905	62392	7.162000	24.956800
18147	62306	7.258800	24.922400
18090	62779	7.236000	25.111600
17608	61857	7.043200	24.742800
17934	62461	7.173600	24.984400
18355	62075	7.342000	24.830000
17412	62752	6.964800	25.100800
17878	62738	7.151200	25.095200
17812	62767	7.124800	25.106800
18001	62075	7.200400	24.830000
17862	62060	7.144800	24.824000
17921	62739	7.168400	25.095600
17862	62810	7.144800	25.124000
17529	62709	7.011600	25.083600
17689	62060	7.075600	24.824000
17544	62506	7.017600	25.002400
17704	62197	7.081600	24.878800
17721	61607	7.088400	24.642800
17902	62120	7.160800	24.848000
18087	61863	7.234800	24.745200
18103	62812	7.241200	25.124800
17686	62529	7.074400	25.011600
17933	62105	7.173200	24.842000
18067	63093	7.226800	25.237200
17501	63084	7.000400	25.233600
17968	62434	7.187200	24.973600
17733	62761	7.093200	25.104400
17906	62299	7.162400	24.919600
17770	62615	7.108000	25.046000
17958	62155	7.183200	24.862000
17885	61528	7.154000	24.611200
18075	62450	7.230000	24.980000
17470	61936	6.988000	24.774400
18081	62498	7.232400	24.999200
17869	62393	7.147600	24.957200
17832	62730	7.132800	25.092000
17906	62425	7.162400	24.970000
17821	61755	7.128400	24.702000
17691	62248	7.076400	24.899200
17823	62737	7.129200	25.094800
18023	62354	7.209200	24.941600
17555	62377	7.022000	24.950800
17780	62834	7.112000	25.133600
17944	62124	7.177600	24.849600
17611	62350	7.044400	24.940000
17696	62545	7.078400	25.018000
17902	62767	7.160800	25.106800
17941	62103	7.176400	24.841200
17605	62312	7.042000	24.924800
17402	63382	6.960800	25.352800
17931	62148	7.172400	24.859200
17814	62690	7.125600	25.076000
17888	62446	7.155200	24.978400
17795	62518	7.118000	25.007200
17896	62509	7.158400	25.003600
17773	62728	7.109200	25.091200
17911	62306	7.164400	24.922400
17911	61889	7.164400	24.755600
17529	62235	7.011600	24.894000
17813	62560	7.125200	25.024000
18200	62674	7.280000	25.069600
17620	62821	7.048000	25.128400
17987	62561	7.194800	25.024400
17887	62047	7.154800	24.818800
17876	62320	7.150400	24.928000
17883	62198	7.153200	24.879200
17637	62346	7.054800	24.938400
18131	62600	7.252400	25.040000
17851	62219	7.140400	24.887600
18008	62527	7.203200	25.010800
18097	62167	7.238800	24.866800
18014	62898	7.205600	25.159200
17893	62486	7.157200	24.994400
18095	62325	7.238000	24.930000
17994	62521	7.197600	25.008400
17883	62534	7.153200	25.013600
17961	61821	7.184400	24.728400
17695	62407	7.078000	24.962800
17706	62193	7.082400	24.877200
17909	62579	7.163600	25.031600
17886	62478	7.154400	24.991200
17733	61982	7.093200	24.792800
17414	62417	6.965600	24.966800
17759	62504	7.103600	25.001600
17857	62494	7.142800	24.997600
17920	62647	7.168000	25.058800
17871	62771	7.148400	25.108400
17913	62343	7.165200	24.937200
17600	62870	7.040000	25.148000
17573	61847	7.029200	24.738800
18262	61956	7.304800	24.782400
17572	62452	7.028800	24.980800
17729	62808	7.091600	25.123200
17906	62391	7.162400	24.956400
17746	62410	7.098400	24.964000
17745	62842	7.098000	25.136800
17954	62553	7.181600	25.021200
17557	61656	7.022800	24.662400
17858	61969	7.143200	24.787600
17752	62951	7.100800	25.180400
17784	62271	7.113600	24.908400
17687	61828	7.074800	24.731200
17918	62015	7.167200	24.806000
17993	62465	7.197200	24.986000
18061	62693	7.224400	25.077200
17718	62365	7.087200	24.946000
17805	62894	7.122000	25.157600
17929	62712	7.171600	25.084800
17805	61976	7.122000	24.790400
17844	62244	7.137600	24.897600
17546	62593	7.018400	25.037200
17924	62861	7.169600	25.144400
17767	62413	7.106800	24.965200
17702	62642	7.080800	25.056800
17410	61954	6.964000	24.781600
17919	61955	7.167600	24.782000
17858	62932	7.143200	25.172800
17597	62555	7.038800	25.022000
17945	61889	7.178000	24.755600
17891	62063	7.156400	24.825200
17446	63166	6.978400	25.266400
18050	62992	7.220000	25.196800
17587	62583	7.034800	25.033200
17826	62873	7.130400	25.149200
17888	61904	7.155200	24.761600
17886	61601	7.154400	24.640400
17913	62064	7.165200	24.825600
17736	61957	7.094400	24.782800
17716	62056	7.086400	24.822400
17732	62394	7.092800	24.957600
17882	62175	7.152800	24.870000
18145	62231	7.258000	24.892400
17948	62524	7.179200	25.009600
17945	62329	7.178000	24.931600
18294	61916	7.317600	24.766400
17774	62220	7.109600	24.888000
17674	62615	7.069600	25.046000
17712	62232	7.084800	24.892800
17808	62528	7.123200	25.011200
17857	62154	7.142800	24.861600
18052	62013	7.220800	24.805200
18057	61837	7.222800	24.734800
17951	62328	7.180400	24.931200
17728	61824	7.091200	24.729600
17826	61809	7.130400	24.723600
17504	61964	7.001600	24.785600
17665	62797	7.066000	25.118800
17583	61993	7.033200	24.797200
17696	62388	7.078400	24.955200
18144	62042	7.257600	24.816800
17952	62164	7.180800	24.865600
17970	62448	7.188000	24.979200
17663	62837	7.065200	25.134800
18087	62527	7.234800	25.010800
17969	62073	7.187600	24.829200
17481	61930	6.992400	24.772000
17973	62202	7.189200	24.880800
17869	62308	7.147600	24.923200
17753	62579	7.101200	25.031600
17744	62173	7.097600	24.869200
17818	62080	7.127200	24.832000
17753	62346	7.101200	24.938400
17952	62532	7.180800	25.012800
18040	62333	7.216000	24.933200
17831	63069	7.132400	25.227600
17674	62699	7.069600	25.079600
17931	62098	7.172400	24.839200
17957	62489	7.182800	24.995600
18049	62775	7.219600	25.110000
17449	62245	6.979600	24.898000
17813	62660	7.125200	25.064000
17689	62175	7.075600	24.870000
17735	62948	7.094000	25.179200
17940	61961	7.176000	24.784400
17976	61925	7.190400	24.770000
17711	62038	7.084400	24.815200
18002	62201	7.200800	24.880400
18184	62436	7.273600	24.974400
17635	62430	7.054000	24.972000
17958	62150	7.183200	24.860000
17749	62134	7.099600	24.853600
17562	62241	7.024800	24.896400
18136	62223	7.254400	24.889200
17853	62271	7.141200	24.908400
17716	62435	7.086400	24.974000
17916	61459	7.166400	24.583600
17891	62335	7.156400	24.934000
17831	62200	7.132400	24.880000
17892	62241	7.156800	24.896400
18019	62087	7.207600	24.834800
17911	61731	7.164400	24.692400
17617	62283	7.046800	24.913200
17742	62497	7.096800	24.998800
17796	62132	7.118400	24.852800
18106	62150	7.242400	24.860000
17600	62880	7.040000	25.152000
17822	62194	7.128800	24.877600
17692	62244	7.076800	24.897600
18045	62313	7.218000	24.925200
17691	62686	7.076400	25.074400
17651	62277	7.060400	24.910800
17670	62603	7.068000	25.041200
17972	62792	7.188800	25.116800
18098	61517	7.239200	24.606800
17654	62152	7.061600	24.860800
17597	62056	7.038800	24.822400
17930	62679	7.172000	25.071600
17555	62315	7.022000	24.926000
17827	62422	7.130800	24.968800
17752	62300	7.100800	24.920000
17742	62263	7.096800	24.905200
17742	62347	7.096800	24.938800
18030	62396	7.212000	24.958400
17801	62470	7.120400	24.988000
17833	63025	7.133200	25.210000
18005	62159	7.202000	24.863600
17824	62557	7.129600	25.022800
17630	63145	7.052000	25.258000
17769	62476	7.107600	24.990400
17592	61796	7.036800	24.718400
18001	62272	7.200400	24.908800
17847	62472	7.138800	24.988800
17672	62577	7.068800	25.030800
18098	62641	7.239200	25.056400
18060	62391	7.224000	24.956400
17613	62493	7.045200	24.997200
17638	62159	7.055200	24.863600
17981	62576	7.192400	25.030400
17991	61710	7.196400	24.684000
18085	62111	7.234000	24.844400
17651	61839	7.060400	24.735600
18350	62242	7.340000	24.896800
18134	62530	7.253600	25.012000
17647	62952	7.058800	25.180800
17930	62724	7.172000	25.089600
17692	62617	7.076800	25.046800
17984	62788	7.193600	25.115200
17837	62386	7.134800	24.954400
17928	61957	7.171200	24.782800
17826	62190	7.130400	24.876000
17621	61914	7.048400	24.765600
18103	61542	7.241200	24.616800
17950	61824	7.180000	24.729600
17962	62365	7.184800	24.946000
18278	62017	7.311200	24.806800
17652	62871	7.060800	25.148400
17667	62148	7.066800	24.859200
17867	61967	7.146800	24.786800
17848	62212	7.139200	24.884800
17791	62850	7.116400	25.140000
17859	62086	7.143600	24.834400
17670	62712	7.068000	25.084800
18193	61906	7.277200	24.762400
18028	62428	7.211200	24.971200
17537	62149	7.014800	24.859600
17769	62649	7.107600	25.059600
17621	62740	7.048400	25.096000
17884	63099	7.153600	25.239600
17747	62354	7.098800	24.941600
18075	62176	7.230000	24.870400
17924	62593	7.169600	25.037200
17519	62855	7.007600	25.142000
17926	62181	7.170400	24.872400
18070	61993	7.228000	24.797200
17555	61870	7.022000	24.748000
17772	62353	7.108800	24.941200
17890	61810	7.156000	24.724000
17857	61943	7.142800	24.777200
17637	61906	7.054800	24.762400
17726	62580	7.090400	25.032000
17808	62447	7.123200	24.978800
17844	62254	7.137600	24.901600
17741	62583	7.096400	25.033200
18042	61461	7.216800	24.584400
18163	62228	7.265200	24.891200
17838	62625	7.135200	25.050000
17986	61950	7.194400	24.780000
17719	63049	7.087600	25.219600
17747	62967	7.098800	25.186800
17546	61949	7.018400	24.779600
17762	62750	7.104800	25.100000
17722	62678	7.088800	25.071200
17580	62709	7.032000	25.083600
17786	62063	7.114400	24.825200
18010	62596	7.204000	25.038400
17783	62320	7.113200	24.928000
17685	62460	7.074000	24.984000
17997	62262	7.198800	24.904800
17707	62371	7.082800	24.948400
17936	61969	7.174400	24.787600
17590	63217	7.036000	25.286800
18026	62134	7.210400	24.853600
17712	62236	7.084800	24.894400
17653	61681	7.061200	24.672400
17813	62027	7.125200	24.810800
17690	62278	7.076000	24.911200
18024	61910	7.209600	24.764000
17878	61894	7.151200	24.757600
17606	62428	7.042400	24.971200
17782	62330	7.112800	24.932000
17632	62162	7.052800	24.864800
17808	62573	7.123200	25.029200
17795	62364	7.118000	24.945600
17880	62930	7.152000	25.172000
17826	61791	7.130400	24.716400
17945	62231	7.178000	24.892400
17952	61664	7.180800	24.665600
17993	62210	7.197200	24.884000
17671	61943	7.068400	24.777200
17685	62460	7.074000	24.984000
17710	62321	7.084000	24.928400
17988	62529	7.195200	25.011600
17619	62513	7.047600	25.005200
17544	62845	7.017600	25.138000
18193	61992	7.277200	24.796800
17757	62093	7.102800	24.837200
17667	61805	7.066800	24.722000
17887	62240	7.154800	24.896000
17812	62705	7.124800	25.082000
18162	62782	7.264800	25.112800
17671	62388	7.068400	24.955200
17685	62187	7.074000	24.874800
17930	61992	7.172000	24.796800
17548	62185	7.019200	24.874000
17546	61927	7.018400	24.770800
17878	62480	7.151200	24.992000
17701	62655	7.080400	25.062000
17520	62425	7.008000	24.970000
17755	61964	7.102000	24.785600
17876	62825	7.150400	25.130000
17772	62638	7.108800	25.055200
18173	62270	7.269200	24.908000
17739	62494	7.095600	24.997600
17639	62456	7.055600	24.982400
17430	62371	6.972000	24.948400
18017	62262	7.206800	24.904800
17766	61856	7.106400	24.742400
17469	62388	6.987600	24.955200
17900	61772	7.160000	24.708800
17765	62713	7.106000	25.085200
17790	62136	7.116000	24.854400
18123	61804	7.249200	24.721600
18196	62041	7.278400	24.816400
18041	62830	7.216400	25.132000
17758	62670	7.103200	25.068000
17789	62385	7.115600	24.954000
17902	62185	7.160800	24.874000
18144	62778	7.257600	25.111200
17475	62066	6.990000	24.826400
17630	62375	7.052000	24.950000
17549	62883	7.019600	25.153200
17709	62618	7.083600	25.047200
17968	62122	7.187200	24.848800
17527	62461	7.010800	24.984400
17664	62903	7.065600	25.161200
17645	62593	7.058000	25.037200
17771	62746	7.108400	25.098400
17686	62185	7.074400	24.874000
17813	61629	7.125200	24.651600
17952	61939	7.180800	24.775600
17793	61681	7.117200	24.672400
17683	62085	7.073200	24.834000
17667	62367	7.066800	24.946800
17868	62701	7.147200	25.080400
17680	61701	7.072000	24.680400
18024	62616	7.209600	25.046400
17551	61845	7.020400	24.738000
17935	61598	7.174000	24.639200
17724	62696	7.089600	25.078400
18112	61704	7.244800	24.681600
17676	61540	7.070400	24.616000
17717	62939	7.086800	25.175600
17796	62820	7.118400	25.128000
17736	62084	7.094400	24.833600
18004	62631	7.201600	25.052400
17929	62278	7.171600	24.911200
17892	62099	7.156800	24.839600
17766	62011	7.106400	24.804400
18083	62507	7.233200	25.002800
17785	62147	7.114000	24.858800
17889	62253	7.155600	24.901200
17879	62052	7.151600	24.820800
17741	62297	7.096400	24.918800
17722	61957	7.088800	24.782800
17856	62057	7.142400	24.822800
17720	62343	7.088000	24.937200
17864	62657	7.145600	25.062800
17959	61711	7.183600	24.684400
17733	62705	7.093200	25.082000
17983	61952	7.193200	24.780800
17785	62130	7.114000	24.852000
17814	62334	7.125600	24.933600
17852	62178	7.140800	24.871200
17942	62896	7.176800	25.158400
18109	62138	7.243600	24.855200
17859	62259	7.143600	24.903600
18060	62477	7.224000	24.990800
18149	62131	7.259600	24.852400
18005	62278	7.202000	24.911200
17644	62253	7.057600	24.901200
18130	61471	7.252000	24.588400
17926	61777	7.170400	24.710800
18093	62370	7.237200	24.948000
17858	62416	7.143200	24.966400
17790	61995	7.116000	24.798000
17872	62250	7.148800	24.900000
17733	62161	7.093200	24.864400
17762	62439	7.104800	24.975600
17850	62048	7.140000	24.819200
18071	62170	7.228400	24.868000
17990	62586	7.196000	25.034400
17536	62250	7.014400	24.900000
17813	62157	7.125200	24.862800
17755	62548	7.102000	25.019200
18029	61859	7.211600	24.743600
17511	62475	7.004400	24.990000
17605	62552	7.042000	25.020800
17786	61933	7.114400	24.773200
17784	62822	7.113600	25.128800
18119	62749	7.247600	25.099600
17668	62142	7.067200	24.856800
17707	61732	7.082800	24.692800
17681	62739	7.072400	25.095600
17785	62288	7.114000	24.915200
18084	61713	7.233600	24.685200
17919	62470	7.167600	24.988000
17807	62318	7.122800	24.927200
17795	62645	7.118000	25.058000
17816	61787	7.126400	24.714800
17925	62816	7.170000	25.126400
17884	61911	7.153600	24.764400
17709	62192	7.083600	24.876800
17966	62789	7.186400	25.115600
17832	62439	7.132800	24.975600
17958	62928	7.183200	25.171200
18052	62066	7.220800	24.826400
18188	62370	7.275200	24.948000
17836	62340	7.134400	24.936000
17798	62155	7.119200	24.862000
17834	62869	7.133600	25.147600
18191	62417	7.276400	24.966800
17948	62726	7.179200	25.090400
17935	62208	7.174000	24.883200
17874	62251	7.149600	24.900400
18038	62167	7.215200	24.866800
17824	62193	7.129600	24.877200
18143	62562	7.257200	25.024800
17787	62118	7.114800	24.847200
17869	62211	7.147600	24.884400
17925	62775	7.170000	25.110000
17823	62868	7.129200	25.147200
17663	62736	7.065200	25.094400
17788	62447	7.115200	24.978800
17847	62401	7.138800	24.960400
17524	62432	7.009600	24.972800
17526	61948	7.010400	24.779200
17838	62081	7.135200	24.832400
17882	62047	7.152800	24.818800
18047	62146	7.218800	24.858400
18158	62367	7.263200	24.946800
17781	61913	7.112400	24.765200
18160	62298	7.264000	24.919200
17581	61688	7.032400	24.675200
17887	62048	7.154800	24.819200
17848	62457	7.139200	24.982800
17675	61818	7.070000	24.727200
17755	63278	7.102000	25.311200
18133	62593	7.253200	25.037200
17706	62310	7.082400	24.924000
18151	62363	7.260400	24.945200
17739	62387	7.095600	24.954800
18276	62376	7.310400	24.950400
17433	61831	6.973200	24.732400
17950	61829	7.180000	24.731600
17547	62660	7.018800	25.064000
18024	62329	7.209600	24.931600
18089	61604	7.235600	24.641600
17821	62229	7.128400	24.891600
17520	61944	7.008000	24.777600
17967	62326	7.186800	24.930400
17759	62431	7.103600	24.972400
17726	62122	7.090400	24.848800
17625	62772	7.050000	25.108800
17792	61977	7.116800	24.790800
17804	62760	7.121600	25.104000
17876	62666	7.150400	25.066400
18062	62380	7.224800	24.952000
17748	62701	7.099200	25.080400
17736	63069	7.094400	25.227600
17603	62205	7.041200	24.882000
17688	62309	7.075200	24.923600
17784	62493	7.113600	24.997200
17941	62260	7.176400	24.904000
17890	62248	7.156000	24.899200
17773	63036	7.109200	25.214400
17932	62231	7.172800	24.892400
18026	62201	7.210400	24.880400
17752	62644	7.100800	25.057600
17874	62512	7.149600	25.004800
17617	62082	7.046800	24.832800
17992	62581	7.196800	25.032400
17843	61970	7.137200	24.788000
17600	62554	7.040000	25.021600
17860	62441	7.144000	24.976400
17836	61912	7.134400	24.764800
17819	62313	7.127600	24.925200
17821	62309	7.128400	24.923600
17876	61955	7.150400	24.782000
17702	62348	7.080800	24.939200
17595	61860	7.038000	24.744000
17928	61808	7.171200	24.723200
17709	62390	7.083600	24.956000
17508	61761	7.003200	24.704400
17874	62495	7.149600	24.998000
17701	62810	7.080400	25.124000
17787	62988	7.114800	25.195200
17425	62605	6.970000	25.042000
17989	62311	7.195600	24.924400
17813	62411	7.125200	24.964400
17936	62502	7.174400	25.000800
17885	62243	7.154000	24.897200
17871	62207	7.148400	24.882800
17685	61783	7.074000	24.713200
17454	62615	6.981600	25.046000
17742	62206	7.096800	24.882400
17913	62573	7.165200	25.029200
17814	62404	7.125600	24.961600
17889	62238	7.155600	24.895200
17689	62492	7.075600	24.996800
17655	62075	7.062000	24.830000
17768	62773	7.107200	25.109200
17553	62007	7.021200	24.802800
17953	62345	7.181200	24.938000
17749	62637	7.099600	25.054800
17566	62418	7.026400	24.967200
17542	62443	7.016800	24.977200
17803	61644	7.121200	24.657600
17940	62239	7.176000	24.895600
17782	63019	7.112800	25.207600
17734	61772	7.093600	24.708800
17611	62636	7.044400	25.054400
17839	61821	7.135600	24.728400
17693	61657	7.077200	24.662800
17680	62300	7.072000	24.920000
17799	62667	7.119600	25.066800
17888	62530	7.155200	25.012000
17947	62340	7.178800	24.936000
17812	62515	7.124800	25.006000
17879	61749	7.151600	24.699600
17766	61860	7.106400	24.744000
17631	62662	7.052400	25.064800
17862	62567	7.144800	25.026800
17729	62405	7.091600	24.962000
17742	62364	7.096800	24.945600
17856	62346	7.142400	24.938400
17915	62599	7.166000	25.039600
17785	62234	7.114000	24.893600
17664	62071	7.065600	24.828400
17730	62341	7.092000	24.936400
17790	62088	7.116000	24.835200
17742	62240	7.096800	24.896000
18059	62021	7.223600	24.808400
17772	62157	7.108800	24.862800
17778	62532	7.111200	25.012800
17941	62531	7.176400	25.012400
17953	63009	7.181200	25.203600
18123	62746	7.249200	25.098400
17551	62907	7.020400	25.162800
17649	62765	7.059600	25.106000
17478	62311	6.991200	24.924400
17958	62206	7.183200	24.882400
17730	62047	7.092000	24.818800
18046	61823	7.218400	24.729200
17686	62474	7.074400	24.989600
17848	62031	7.139200	24.812400
17809	62848	7.123600	25.139200
18027	62819	7.210800	25.127600
17971	61528	7.188400	24.611200
17845	63352	7.138000	25.340800
17699	63030	7.079600	25.212000
17971	61976	7.188400	24.790400
17809	61918	7.123600	24.767200
17945	62355	7.178000	24.942000
17882	62167	7.152800	24.866800
18057	62047	7.222800	24.818800
17874	61924	7.149600	24.769600
17725	62364	7.090000	24.945600
17519	62422	7.007600	24.968800
17620	62239	7.048000	24.895600
17847	61963	7.138800	24.785200
17748	62306	7.099200	24.922400
17861	62049	7.144400	24.819600
17889	62673	7.155600	25.069200
17812	62889	7.124800	25.155600
17599	62498	7.039600	24.999200
17961	62833	7.184400	25.133200
17688	62174	7.075200	24.869600
17997	62505	7.198800	25.002000
18024	61848	7.209600	24.739200
17536	63091	7.014400	25.236400
17568	62480	7.027200	24.992000
17840	62430	7.136000	24.972000
17961	61805	7.184400	24.722000
17844	62766	7.137600	25.106400
17820	62310	7.128000	24.924000
17784	62706	7.113600	25.082400
17612	62013	7.044800	24.805200
17556	61269	7.022400	24.507600
17484	62984	6.993600	25.193600
17982	62524	7.192800	25.009600
17586	62530	7.034400	25.012000
17791	62834	7.116400	25.133600
17917	61901	7.166800	24.760400
17918	61890	7.167200	24.756000
18098	62117	7.239200	24.846800
17847	62094	7.138800	24.837600
18204	62136	7.281600	24.854400
17940	62521	7.176000	25.008400
17775	62524	7.110000	25.009600
17650	62277	7.060000	24.910800
18025	62374	7.210000	24.949600
17934	62543	7.173600	25.017200
17997	62103	7.198800	24.841200
18135	62416	7.254000	24.966400
17847	62618	7.138800	25.047200
17932	61716	7.172800	24.686400
17971	62376	7.188400	24.950400
18086	62279	7.234400	24.911600
17704	61960	7.081600	24.784000
17985	62513	7.194000	25.005200
17738	62560	7.095200	25.024000
17832	61959	7.132800	24.783600
17641	62517	7.056400	25.006800
17626	62555	7.050400	25.022000
18000	62368	7.200000	24.947200
17851	62366	7.140400	24.946400
17962	62121	7.184800	24.848400
17720	62040	7.088000	24.816000
17829	61695	7.131600	24.678000
17842	62277	7.136800	24.910800
17679	62222	7.071600	24.888800
