10x10 grid, p = 0.03, f = 0.21, 1000 steps
Ma D	Mi D	s+	s-
391	1634	0.391000	1.634000
403	1665	0.403000	1.665000
423	1678	0.423000	1.678000
418	1647	0.418000	1.647000
423	1627	0.423000	1.627000
439	1616	0.439000	1.616000
406	1675	0.406000	1.675000
407	1599	0.407000	1.599000
450	1633	0.450000	1.633000
406	1657	0.406000	1.657000
388	1600	0.388000	1.600000
427	1708	0.427000	1.708000
397	1669	0.397000	1.669000
436	1690	0.436000	1.690000
435	1641	0.435000	1.641000
417	1701	0.417000	1.701000
455	1649	0.455000	1.649000
433	1718	0.433000	1.718000
397	1647	0.397000	1.647000
448	1727	0.448000	1.727000
390	1636	0.390000	1.636000
410	1706	0.410000	1.706000
392	1675	0.392000	1.675000
433	1620	0.433000	1.620000
383	1584	0.383000	1.584000
405	1557	0.405000	1.557000
402	1583	0.402000	1.583000
419	1702	0.419000	1.702000
435	1676	0.435000	1.676000
432	1658	0.432000	1.658000
418	1699	0.418000	1.699000
375	1517	0.375000	1.517000
443	1697	0.443000	1.697000
448	1648	0.448000	1.648000
437	1622	0.437000	1.622000
392	1689	0.392000	1.689000
420	1742	0.420000	1.742000
435	1619	0.435000	1.619000
412	1682	0.412000	1.682000
399	1733	0.399000	1.733000
391	1588	0.391000	1.588000
367	1635	0.367000	1.635000
405	1608	0.405000	1.608000
415	1590	0.415000	1.590000
407	1700	0.407000	1.700000
433	1619	0.433000	1.619000
416	1655	0.416000	1.655000
436	1605	0.436000	1.605000
440	1660	0.440000	1.660000
450	1671	0.450000	1.671000
415	1686	0.415000	1.686000
378	1623	0.378000	1.623000
430	1649	0.430000	1.649000
411	1599	0.411000	1.599000
393	1698	0.393000	1.698000
438	1630	0.438000	1.630000
381	1584	0.381000	1.584000
421	1667	0.421000	1.667000
443	1650	0.443000	1.650000
416	1625	0.416000	1.625000
398	1584	0.398000	1.584000
379	1650	0.379000	1.650000
455	1651	0.455000	1.651000
423	1608	0.423000	1.608000
446	1699	0.446000	1.699000
409	1602	0.409000	1.602000
381	1610	0.381000	1.610000
419	1693	0.419000	1.693000
428	1652	0.428000	1.652000
400	1646	0.400000	1.646000
468	1661	0.468000	1.661000
397	1573	0.397000	1.573000
405	1552	0.405000	1.552000
410	1588	0.410000	1.588000
453	1634	0.453000	1.634000
410	1664	0.410000	1.664000
415	1644	0.415000	1.644000
430	1659	0.430000	1.659000
452	1586	0.452000	1.586000
443	1681	0.443000	1.681000
411	1656	0.411000	1.656000
429	1584	0.429000	1.584000
366	1530	0.366000	1.530000
433	1674	0.433000	1.674000
386	1565	0.386000	1.565000
409	1624	0.409000	1.624000
406	1612	0.406000	1.612000
461	1698	0.461000	1.698000
433	1691	0.433000	1.691000
436	1586	0.436000	1.586000
408	1646	0.408000	1.646000
441	1629	0.441000	1.629000
431	1796	0.431000	1.796000
440	1670	0.440000	1.670000
382	1588	0.382000	1.588000
409	1736	0.409000	1.736000
426	1699	0.426000	1.699000
405	1603	0.405000	1.603000
393	1676	0.393000	1.676000
440	1565	0.440000	1.565000
454	1767	0.454000	1.767000
419	1676	0.419000	1.676000
431	1627	0.431000	1.627000
444	1639	0.444000	1.639000
379	1666	0.379000	1.666000
396	1742	0.396000	1.742000
416	1666	0.416000	1.666000
382	1649	0.382000	1.649000
439	1723	0.439000	1.723000
431	1625	0.431000	1.625000
437	1701	0.437000	1.701000
460	1773	0.460000	1.773000
445	1674	0.445000	1.674000
407	1750	0.407000	1.750000
388	1699	0.388000	1.699000
396	1701	0.396000	1.701000
426	1623	0.426000	1.623000
447	1722	0.447000	1.722000
472	1616	0.472000	1.616000
372	1585	0.372000	1.585000
417	1679	0.417000	1.679000
442	1641	0.442000	1.641000
438	1639	0.438000	1.639000
420	1608	0.420000	1.608000
484	1682	0.484000	1.682000
430	1653	0.430000	1.653000
410	1652	0.410000	1.652000
399	1576	0.399000	1.576000
425	1634	0.425000	1.634000
413	1563	0.413000	1.563000
413	1630	0.413000	1.630000
412	1641	0.412000	1.641000
413	1656	0.413000	1.656000
420	1592	0.420000	1.592000
400	1548	0.400000	1.548000
447	1597	0.447000	1.597000
396	1761	0.396000	1.761000
443	1575	0.443000	1.575000
463	1569	0.463000	1.569000
402	1554	0.402000	1.554000
403	1764	0.403000	1.764000
459	1703	0.459000	1.703000
432	1676	0.432000	1.676000
435	1607	0.435000	1.607000
424	1721	0.424000	1.721000
455	1671	0.455000	1.671000
489	1693	0.489000	1.693000
390	1516	0.390000	1.516000
406	1605	0.406000	1.605000
436	1643	0.436000	1.643000
479	1694	0.479000	1.694000
479	1724	0.479000	1.724000
368	1633	0.368000	1.633000
391	1621	0.391000	1.621000
410	1723	0.410000	1.723000
428	1603	0.428000	1.603000
426	1638	0.426000	1.638000
457	1695	0.457000	1.695000
400	1535	0.400000	1.535000
373	1580	0.373000	1.580000
409	1721	0.409000	1.721000
435	1705	0.435000	1.705000
420	1560	0.420000	1.560000
414	1677	0.414000	1.677000
395	1612	0.395000	1.612000
428	1572	0.428000	1.572000
389	1589	0.389000	1.589000
438	1624	0.438000	1.624000
386	1604	0.386000	1.604000
423	1656	0.423000	1.656000
424	1641	0.424000	1.641000
427	1617	0.427000	1.617000
397	1671	0.397000	1.671000
380	1589	0.380000	1.589000
446	1676	0.446000	1.676000
420	1618	0.420000	1.618000
442	1675	0.442000	1.675000
405	1612	0.405000	1.612000
386	1606	0.386000	1.606000
410	1701	0.410000	1.701000
388	1594	0.388000	1.594000
412	1669	0.412000	1.669000
406	1699	0.406000	1.699000
415	1647	0.415000	1.647000
414	1662	0.414000	1.662000
419	1667	0.419000	1.667000
407	1707	0.407000	1.707000
407	1693	0.407000	1.693000
440	1692	0.440000	1.692000
419	1647	0.419000	1.647000
424	1755	0.424000	1.755000
392	1645	0.392000	1.645000
440	1673	0.440000	1.673000
445	1702	0.445000	1.702000
406	1667	0.406000	1.667000
431	1605	0.431000	1.605000
434	1661	0.434000	1.661000
442	1629	0.442000	1.629000
409	1632	0.409000	1.632000
422	1644	0.422000	1.644000
425	1804	0.425000	1.804000
422	1701	0.422000	1.701000
425	1641	0.425000	1.641000
413	1619	0.413000	1.619000
421	1628	0.421000	1.628000
424	1674	0.424000	1.674000
400	1540	0.400000	1.540000
408	1651	0.408000	1.651000
397	1591	0.397000	1.591000
438	1677	0.438000	1.677000
436	1585	0.436000	1.585000
406	1607	0.406000	1.607000
407	1576	0.407000	1.576000
400	1683	0.400000	1.683000
435	1627	0.435000	1.627000
411	1622	0.411000	1.622000
405	1598	0.405000	1.598000
470	1699	0.470000	1.699000
431	1681	0.431000	1.681000
411	1751	0.411000	1.751000
438	1595	0.438000	1.595000
417	1616	0.417000	1.616000
387	1684	0.387000	1.684000
413	1566	0.413000	1.566000
416	1617	0.416000	1.617000
420	1650	0.420000	1.650000
488	1688	0.488000	1.688000
419	1599	0.419000	1.599000
426	1513	0.426000	1.513000
428	1671	0.428000	1.671000
400	1636	0.400000	1.636000
417	1645	0.417000	1.645000
469	1758	0.469000	1.758000
411	1568	0.411000	1.568000
404	1614	0.404000	1.614000
402	1698	0.402000	1.698000
448	1674	0.448000	1.674000
426	1668	0.426000	1.668000
408	1590	0.408000	1.590000
392	1650	0.392000	1.650000
414	1612	0.414000	1.612000
441	1678	0.441000	1.678000
378	1553	0.378000	1.553000
379	1638	0.379000	1.638000
450	1576	0.450000	1.576000
417	1607	0.417000	1.607000
459	1672	0.459000	1.672000
445	1735	0.445000	1.735000
407	1655	0.407000	1.655000
403	1640	0.403000	1.640000
432	1593	0.432000	1.593000
390	1665	0.390000	1.665000
399	1717	0.399000	1.717000
383	1526	0.383000	1.526000
436	1647	0.436000	1.647000
444	1625	0.444000	1.625000
403	1601	0.403000	1.601000
400	1701	0.400000	1.701000
436	1639	0.436000	1.639000
441	1600	0.441000	1.600000
405	1714	0.405000	1.714000
426	1678	0.426000	1.678000
444	1600	0.444000	1.600000
452	1670	0.452000	1.670000
405	1610	0.405000	1.610000
484	1679	0.484000	1.679000
442	1595	0.442000	1.595000
467	1673	0.467000	1.673000
414	1712	0.414000	1.712000
459	1583	0.459000	1.583000
441	1737	0.441000	1.737000
422	1600	0.422000	1.600000
442	1636	0.442000	1.636000
389	1649	0.389000	1.649000
420	1677	0.420000	1.677000
434	1620	0.434000	1.620000
432	1697	0.432000	1.697000
419	1544	0.419000	1.544000
423	1600	0.423000	1.600000
427	1635	0.427000	1.635000
395	1643	0.395000	1.643000
403	1652	0.403000	1.652000
380	1622	0.380000	1.622000
460	1731	0.460000	1.731000
399	1660	0.399000	1.660000
438	1680	0.438000	1.680000
445	1629	0.445000	1.629000
383	1549	0.383000	1.549000
386	1753	0.386000	1.753000
412	1684	0.412000	1.684000
407	1732	0.407000	1.732000
448	1549	0.448000	1.549000
425	1731	0.425000	1.731000
454	1678	0.454000	1.678000
452	1776	0.452000	1.776000
445	1638	0.445000	1.638000
417	1703	0.417000	1.703000
410	1695	0.410000	1.695000
449	1599	0.449000	1.599000
482	1632	0.482000	1.632000
435	1647	0.435000	1.647000
438	1624	0.438000	1.624000
400	1675	0.400000	1.675000
405	1670	0.405000	1.670000
449	1605	0.449000	1.605000
470	1683	0.470000	1.683000
435	1584	0.435000	1.584000
449	1690	0.449000	1.690000
445	1671	0.445000	1.671000
388	1626	0.388000	1.626000
460	1727	0.460000	1.727000
401	1668	0.401000	1.668000
419	1711	0.419000	1.711000
410	1596	0.410000	1.596000
389	1589	0.389000	1.589000
399	1567	0.399000	1.567000
434	1701	0.434000	1.701000
403	1626	0.403000	1.626000
365	1626	0.365000	1.626000
463	1688	0.463000	1.688000
394	1606	0.394000	1.606000
401	1682	0.401000	1.682000
429	1640	0.429000	1.640000
430	1693	0.430000	1.693000
453	1637	0.453000	1.637000
395	1619	0.395000	1.619000
400	1632	0.400000	1.632000
408	1620	0.408000	1.620000
445	1688	0.445000	1.688000
442	1573	0.442000	1.573000
436	1595	0.436000	1.595000
428	1522	0.428000	1.522000
407	1761	0.407000	1.761000
430	1549	0.430000	1.549000
416	1664	0.416000	1.664000
442	1688	0.442000	1.688000
410	1703	0.410000	1.703000
455	1665	0.455000	1.665000
444	1669	0.444000	1.669000
453	1760	0.453000	1.760000
401	1669	0.401000	1.669000
356	1491	0.356000	1.491000
447	1656	0.447000	1.656000
418	1613	0.418000	1.613000
397	1502	0.397000	1.502000
388	1548	0.388000	1.548000
404	1553	0.404000	1.553000
413	1635	0.413000	1.635000
424	1590	0.424000	1.590000
418	1641	0.418000	1.641000
446	1621	0.446000	1.621000
391	1700	0.391000	1.700000
442	1644	0.442000	1.644000
400	1575	0.400000	1.575000
436	1710	0.436000	1.710000
440	1709	0.440000	1.709000
386	1714	0.386000	1.714000
425	1748	0.425000	1.748000
415	1691	0.415000	1.691000
437	1703	0.437000	1.703000
463	1640	0.463000	1.640000
437	1718	0.437000	1.718000
433	1657	0.433000	1.657000
419	1601	0.419000	1.601000
442	1619	0.442000	1.619000
373	1639	0.373000	1.639000
428	1751	0.428000	1.751000
445	1730	0.445000	1.730000
377	1539	0.377000	1.539000
415	1570	0.415000	1.570000
431	1663	0.431000	1.663000
429	1652	0.429000	1.652000
414	1635	0.414000	1.635000
463	1678	0.463000	1.678000
452	1624	0.452000	1.624000
427	1678	0.427000	1.678000
442	1607	0.442000	1.607000
422	1645	0.422000	1.645000
471	1668	0.471000	1.668000
414	1608	0.414000	1.608000
414	1653	0.414000	1.653000
419	1632	0.419000	1.632000
452	1655	0.452000	1.655000
467	1750	0.467000	1.750000
448	1723	0.448000	1.723000
448	1695	0.448000	1.695000
400	1590	0.400000	1.590000
381	1552	0.381000	1.552000
447	1649	0.447000	1.649000
399	1597	0.399000	1.597000
443	1696	0.443000	1.696000
432	1608	0.432000	1.608000
437	1597	0.437000	1.597000
409	1605	0.409000	1.605000
448	1701	0.448000	1.701000
439	1617	0.439000	1.617000
413	1617	0.413000	1.617000
456	1647	0.456000	1.647000
405	1727	0.405000	1.727000
398	1596	0.398000	1.596000
430	1670	0.430000	1.670000
399	1618	0.399000	1.618000
431	1563	0.431000	1.563000
415	1635	0.415000	1.635000
428	1636	0.428000	1.636000
377	1547	0.377000	1.547000
415	1581	0.415000	1.581000
404	1573	0.404000	1.573000
435	1725	0.435000	1.725000
400	1550	0.400000	1.550000
435	1665	0.435000	1.665000
446	1636	0.446000	1.636000
483	1783	0.483000	1.783000
393	1629	0.393000	1.629000
375	1570	0.375000	1.570000
426	1616	0.426000	1.616000
432	1684	0.432000	1.684000
413	1615	0.413000	1.615000
369	1656	0.369000	1.656000
416	1640	0.416000	1.640000
449	1703	0.449000	1.703000
430	1597	0.430000	1.597000
418	1691	0.418000	1.691000
445	1661	0.445000	1.661000
400	1615	0.400000	1.615000
411	1663	0.411000	1.663000
430	1691	0.430000	1.691000
428	1640	0.428000	1.640000
404	1605	0.404000	1.605000
452	1595	0.452000	1.595000
431	1524	0.431000	1.524000
428	1689	0.428000	1.689000
358	1623	0.358000	1.623000
419	1654	0.419000	1.654000
426	1735	0.426000	1.735000
418	1669	0.418000	1.669000
391	1709	0.391000	1.709000
407	1638	0.407000	1.638000
432	1689	0.432000	1.689000
419	1665	0.419000	1.665000
394	1632	0.394000	1.632000
391	1560	0.391000	1.560000
405	1637	0.405000	1.637000
413	1592	0.413000	1.592000
442	1652	0.442000	1.652000
402	1618	0.402000	1.618000
430	1680	0.430000	1.680000
427	1628	0.427000	1.628000
423	1712	0.423000	1.712000
455	1684	0.455000	1.684000
373	1765	0.373000	1.765000
391	1632	0.391000	1.632000
417	1650	0.417000	1.650000
468	1662	0.468000	1.662000
358	1660	0.358000	1.660000
431	1636	0.431000	1.636000
413	1538	0.413000	1.538000
418	1672	0.418000	1.672000
462	1706	0.462000	1.706000
463	1682	0.463000	1.682000
428	1662	0.428000	1.662000
388	1691	0.388000	1.691000
400	1590	0.400000	1.590000
398	1554	0.398000	1.554000
373	1667	0.373000	1.667000
407	1582	0.407000	1.582000
409	1563	0.409000	1.563000
393	1565	0.393000	1.565000
389	1479	0.389000	1.479000
419	1651	0.419000	1.651000
371	1616	0.371000	1.616000
414	1665	0.414000	1.665000
448	1723	0.448000	1.723000
429	1653	0.429000	1.653000
395	1612	0.395000	1.612000
400	1635	0.400000	1.635000
419	1620	0.419000	1.620000
421	1632	0.421000	1.632000
421	1583	0.421000	1.583000
451	1711	0.451000	1.711000
407	1703	0.407000	1.703000
434	1645	0.434000	1.645000
386	1613	0.386000	1.613000
420	1689	0.420000	1.689000
422	1686	0.422000	1.686000
428	1630	0.428000	1.630000
441	1740	0.441000	1.740000
427	1768	0.427000	1.768000
392	1593	0.392000	1.593000
449	1599	0.449000	1.599000
419	1660	0.419000	1.660000
376	1423	0.376000	1.423000
408	1624	0.408000	1.624000
455	1659	0.455000	1.659000
426	1728	0.426000	1.728000
458	1698	0.458000	1.698000
397	1612	0.397000	1.612000
426	1648	0.426000	1.648000
411	1602	0.411000	1.602000
392	1652	0.392000	1.652000
446	1742	0.446000	1.742000
422	1643	0.422000	1.643000
421	1664	0.421000	1.664000
421	1676	0.421000	1.676000
469	1673	0.469000	1.673000
408	1515	0.408000	1.515000
411	1652	0.411000	1.652000
440	1595	0.440000	1.595000
396	1646	0.396000	1.646000
426	1661	0.426000	1.661000
432	1611	0.432000	1.611000
425	1625	0.425000	1.625000
485	1688	0.485000	1.688000
423	1553	0.423000	1.553000
406	1532	0.406000	1.532000
397	1680	0.397000	1.680000
437	1676	0.437000	1.676000
417	1644	0.417000	1.644000
452	1669	0.452000	1.669000
435	1614	0.435000	1.614000
438	1688	0.438000	1.688000
386	1689	0.386000	1.689000
438	1708	0.438000	1.708000
401	1641	0.401000	1.641000
436	1687	0.436000	1.687000
427	1655	0.427000	1.655000
395	1628	0.395000	1.628000
422	1616	0.422000	1.616000
447	1727	0.447000	1.727000
413	1599	0.413000	1.599000
451	1632	0.451000	1.632000
429	1634	0.429000	1.634000
400	1731	0.400000	1.731000
388	1602	0.388000	1.602000
397	1628	0.397000	1.628000
398	1652	0.398000	1.652000
432	1723	0.432000	1.723000
425	1719	0.425000	1.719000
390	1618	0.390000	1.618000
388	1664	0.388000	1.664000
410	1713	0.410000	1.713000
424	1588	0.424000	1.588000
436	1598	0.436000	1.598000
400	1644	0.400000	1.644000
444	1648	0.444000	1.648000
441	1716	0.441000	1.716000
457	1734	0.457000	1.734000
426	1634	0.426000	1.634000
413	1625	0.413000	1.625000
391	1556	0.391000	1.556000
409	1692	0.409000	1.692000
377	1648	0.377000	1.648000
367	1683	0.367000	1.683000
434	1687	0.434000	1.687000
406	1680	0.406000	1.680000
443	1657	0.443000	1.657000
417	1699	0.417000	1.699000
412	1727	0.412000	1.727000
423	1688	0.423000	1.688000
410	1742	0.410000	1.742000
416	1670	0.416000	1.670000
471	1787	0.471000	1.787000
395	1694	0.395000	1.694000
415	1660	0.415000	1.660000
399	1577	0.399000	1.577000
393	1627	0.393000	1.627000
370	1611	0.370000	1.611000
425	1643	0.425000	1.643000
426	1685	0.426000	1.685000
426	1629	0.426000	1.629000
477	1707	0.477000	1.707000
432	1589	0.432000	1.589000
398	1591	0.398000	1.591000
368	1650	0.368000	1.650000
393	1518	0.393000	1.518000
428	1555	0.428000	1.555000
408	1542	0.408000	1.542000
404	1568	0.404000	1.568000
381	1587	0.381000	1.587000
450	1670	0.450000	1.670000
407	1622	0.407000	1.622000
486	1692	0.486000	1.692000
434	1678	0.434000	1.678000
477	1670	0.477000	1.670000
434	1695	0.434000	1.695000
392	1591	0.392000	1.591000
426	1664	0.426000	1.664000
421	1731	0.421000	1.731000
392	1645	0.392000	1.645000
445	1724	0.445000	1.724000
404	1695	0.404000	1.695000
439	1629	0.439000	1.629000
411	1666	0.411000	1.666000
394	1616	0.394000	1.616000
461	1707	0.461000	1.707000
419	1676	0.419000	1.676000
446	1714	0.446000	1.714000
457	1704	0.457000	1.704000
405	1619	0.405000	1.619000
448	1626	0.448000	1.626000
384	1657	0.384000	1.657000
416	1681	0.416000	1.681000
419	1699	0.419000	1.699000
389	1675	0.389000	1.675000
445	1606	0.445000	1.606000
404	1645	0.404000	1.645000
430	1728	0.430000	1.728000
416	1552	0.416000	1.552000
448	1665	0.448000	1.665000
405	1658	0.405000	1.658000
372	1632	0.372000	1.632000
414	1741	0.414000	1.741000
410	1601	0.410000	1.601000
451	1740	0.451000	1.740000
417	1681	0.417000	1.681000
464	1614	0.464000	1.614000
404	1599	0.404000	1.599000
431	1691	0.431000	1.691000
402	1653	0.402000	1.653000
438	1548	0.438000	1.548000
453	1726	0.453000	1.726000
408	1602	0.408000	1.602000
408	1636	0.408000	1.636000
411	1549	0.411000	1.549000
431	1663	0.431000	1.663000
438	1809	0.438000	1.809000
415	1599	0.415000	1.599000
419	1642	0.419000	1.642000
402	1605	0.402000	1.605000
403	1768	0.403000	1.768000
434	1584	0.434000	1.584000
448	1626	0.448000	1.626000
425	1643	0.425000	1.643000
404	1671	0.404000	1.671000
467	1667	0.467000	1.667000
416	1596	0.416000	1.596000
359	1600	0.359000	1.600000
396	1632	0.396000	1.632000
449	1715	0.449000	1.715000
402	1644	0.402000	1.644000
386	1631	0.386000	1.631000
456	1677	0.456000	1.677000
435	1615	0.435000	1.615000
403	1677	0.403000	1.677000
449	1727	0.449000	1.727000
440	1708	0.440000	1.708000
395	1605	0.395000	1.605000
434	1638	0.434000	1.638000
427	1622	0.427000	1.622000
455	1666	0.455000	1.666000
406	1600	0.406000	1.600000
467	1646	0.467000	1.646000
447	1609	0.447000	1.609000
446	1660	0.446000	1.660000
430	1649	0.430000	1.649000
447	1725	0.447000	1.725000
455	1681	0.455000	1.681000
409	1583	0.409000	1.583000
417	1601	0.417000	1.601000
381	1530	0.381000	1.530000
376	1498	0.376000	1.498000
421	1571	0.421000	1.571000
470	1624	0.470000	1.624000
396	1534	0.396000	1.534000
441	1812	0.441000	1.812000
463	1706	0.463000	1.706000
433	1622	0.433000	1.622000
444	1714	0.444000	1.714000
469	1716	0.469000	1.716000
414	1613	0.414000	1.613000
428	1658	0.428000	1.658000
411	1688	0.411000	1.688000
441	1723	0.441000	1.723000
397	1664	0.397000	1.664000
440	1703	0.440000	1.703000
420	1749	0.420000	1.749000
421	1652	0.421000	1.652000
421	1752	0.421000	1.752000
429	1840	0.429000	1.840000
389	1546	0.389000	1.546000
427	1639	0.427000	1.639000
372	1690	0.372000	1.690000
439	1670	0.439000	1.670000
419	1730	0.419000	1.730000
382	1651	0.382000	1.651000
403	1657	0.403000	1.657000
456	1703	0.456000	1.703000
392	1627	0.392000	1.627000
457	1586	0.457000	1.586000
427	1599	0.427000	1.599000
408	1691	0.408000	1.691000
483	1742	0.483000	1.742000
413	1618	0.413000	1.618000
394	1634	0.394000	1.634000
432	1593	0.432000	1.593000
408	1610	0.408000	1.610000
426	1646	0.426000	1.646000
473	1651	0.473000	1.651000
407	1707	0.407000	1.707000
397	1533	0.397000	1.533000
440	1613	0.440000	1.613000
417	1709	0.417000	1.709000
427	1620	0.427000	1.620000
402	1585	0.402000	1.585000
462	1733	0.462000	1.733000
444	1599	0.444000	1.599000
421	1660	0.421000	1.660000
385	1642	0.385000	1.642000
420	1629	0.420000	1.629000
427	1745	0.427000	1.745000
430	1624	0.430000	1.624000
417	1629	0.417000	1.629000
460	1577	0.460000	1.577000
443	1609	0.443000	1.609000
414	1630	0.414000	1.630000
454	1632	0.454000	1.632000
373	1526	0.373000	1.526000
406	1664	0.406000	1.664000
414	1572	0.414000	1.572000
412	1600	0.412000	1.600000
397	1732	0.397000	1.732000
426	1520	0.426000	1.520000
448	1624	0.448000	1.624000
425	1711	0.425000	1.711000
379	1544	0.379000	1.544000
415	1594	0.415000	1.594000
411	1649	0.411000	1.649000
382	1696	0.382000	1.696000
448	1765	0.448000	1.765000
419	1597	0.419000	1.597000
418	1675	0.418000	1.675000
416	1661	0.416000	1.661000
416	1682	0.416000	1.682000
474	1706	0.474000	1.706000
431	1634	0.431000	1.634000
435	1593	0.435000	1.593000
432	1732	0.432000	1.732000
405	1632	0.405000	1.632000
407	1693	0.407000	1.693000
434	1725	0.434000	1.725000
437	1629	0.437000	1.629000
425	1702	0.425000	1.702000
403	1627	0.403000	1.627000
415	1657	0.415000	1.657000
443	1610	0.443000	1.610000
372	1629	0.372000	1.629000
460	1687	0.460000	1.687000
413	1621	0.413000	1.621000
403	1681	0.403000	1.681000
430	1578	0.430000	1.578000
454	1632	0.454000	1.632000
406	1581	0.406000	1.581000
425	1600	0.425000	1.600000
446	1614	0.446000	1.614000
399	1624	0.399000	1.624000
445	1624	0.445000	1.624000
438	1590	0.438000	1.590000
387	1470	0.387000	1.470000
379	1657	0.379000	1.657000
423	1618	0.423000	1.618000
461	1667	0.461000	1.667000
398	1612	0.398000	1.612000
440	1697	0.440000	1.697000
388	1560	0.388000	1.560000
414	1662	0.414000	1.662000
462	1590	0.462000	1.590000
408	1702	0.408000	1.702000
409	1622	0.409000	1.622000
448	1625	0.448000	1.625000
453	1664	0.453000	1.664000
418	1611	0.418000	1.611000
406	1685	0.406000	1.685000
494	1708	0.494000	1.708000
445	1616	0.445000	1.616000
400	1683	0.400000	1.683000
445	1714	0.445000	1.714000
439	1681	0.439000	1.681000
432	1718	0.432000	1.718000
422	1570	0.422000	1.570000
367	1510	0.367000	1.510000
452	1688	0.452000	1.688000
440	1619	0.440000	1.619000
436	1667	0.436000	1.667000
463	1746	0.463000	1.746000
433	1668	0.433000	1.668000
443	1636	0.443000	1.636000
435	1713	0.435000	1.713000
412	1618	0.412000	1.618000
440	1654	0.440000	1.654000
458	1694	0.458000	1.694000
469	1692	0.469000	1.692000
451	1694	0.451000	1.694000
433	1627	0.433000	1.627000
451	1502	0.451000	1.502000
381	1569	0.381000	1.569000
432	1694	0.432000	1.694000
417	1706	0.417000	1.706000
414	1646	0.414000	1.646000
433	1673	0.433000	1.673000
368	1606	0.368000	1.606000
409	1588	0.409000	1.588000
428	1659	0.428000	1.659000
404	1647	0.404000	1.647000
421	1652	0.421000	1.652000
424	1477	0.424000	1.477000
429	1644	0.429000	1.644000
448	1681	0.448000	1.681000
393	1648	0.393000	1.648000
443	1734	0.443000	1.734000
414	1590	0.414000	1.590000
438	1649	0.438000	1.649000
429	1584	0.429000	1.584000
451	1738	0.451000	1.738000
432	1704	0.432000	1.704000
438	1714	0.438000	1.714000
393	1586	0.393000	1.586000
417	1701	0.417000	1.701000
401	1482	0.401000	1.482000
407	1586	0.407000	1.586000
407	1695	0.407000	1.695000
383	1622	0.383000	1.622000
395	1591	0.395000	1.591000
459	1639	0.459000	1.639000
416	1649	0.416000	1.649000
433	1638	0.433000	1.638000
435	1493	0.435000	1.493000
414	1640	0.414000	1.640000
473	1764	0.473000	1.764000
407	1652	0.407000	1.652000
396	1589	0.396000	1.589000
422	1635	0.422000	1.635000
403	1652	0.403000	1.652000
429	1708	0.429000	1.708000
402	1567	0.402000	1.567000
410	1658	0.410000	1.658000
426	1622	0.426000	1.622000
443	1694	0.443000	1.694000
411	1610	0.411000	1.610000
408	1684	0.408000	1.684000
439	1633	0.439000	1.633000
396	1561	0.396000	1.561000
365	1664	0.365000	1.664000
367	1596	0.367000	1.596000
414	1631	0.414000	1.631000
434	1630	0.434000	1.630000
394	1643	0.394000	1.643000
441	1636	0.441000	1.636000
408	1663	0.408000	1.663000
455	1609	0.455000	1.609000
401	1587	0.401000	1.587000
443	1713	0.443000	1.713000
435	1698	0.435000	1.698000
439	1700	0.439000	1.700000
411	1687	0.411000	1.687000
391	1561	0.391000	1.561000
430	1675	0.430000	1.675000
422	1675	0.422000	1.675000
383	1677	0.383000	1.677000
445	1693	0.445000	1.693000
417	1635	0.417000	1.635000
425	1643	0.425000	1.643000
407	1598	0.407000	1.598000
410	1666	0.410000	1.666000
436	1646	0.436000	1.646000
427	1640	0.427000	1.640000
402	1589	0.402000	1.589000
425	1616	0.425000	1.616000
468	1667	0.468000	1.667000
427	1694	0.427000	1.694000
414	1662	0.414000	1.662000
375	1590	0.375000	1.590000
396	1573	0.396000	1.573000
443	1650	0.443000	1.650000
446	1663	0.446000	1.663000
425	1543	0.425000	1.543000
398	1681	0.398000	1.681000
431	1648	0.431000	1.648000
434	1612	0.434000	1.612000
453	1712	0.453000	1.712000
396	1624	0.396000	1.624000
408	1800	0.408000	1.800000
441	1676	0.441000	1.676000
448	1762	0.448000	1.762000
421	1576	0.421000	1.576000
474	1639	0.474000	1.639000
374	1652	0.374000	1.652000
424	1593	0.424000	1.593000
399	1693	0.399000	1.693000
408	1519	0.408000	1.519000
475	1678	0.475000	1.678000
469	1607	0.469000	1.607000
389	1644	0.389000	1.644000
458	1727	0.458000	1.727000
399	1638	0.399000	1.638000
412	1562	0.412000	1.562000
429	1607	0.429000	1.607000
428	1642	0.428000	1.642000
398	1680	0.398000	1.680000
428	1594	0.428000	1.594000
381	1688	0.381000	1.688000
462	1645	0.462000	1.645000
369	1519	0.369000	1.519000
413	1643	0.413000	1.643000
422	1655	0.422000	1.655000
465	1685	0.465000	1.685000
443	1612	0.443000	1.612000
416	1620	0.416000	1.620000
436	1595	0.436000	1.595000
418	1670	0.418000	1.670000
465	1728	0.465000	1.728000
428	1697	0.428000	1.697000
435	1595	0.435000	1.595000
428	1630	0.428000	1.630000
434	1609	0.434000	1.609000
407	1647	0.407000	1.647000
364	1506	0.364000	1.506000
427	1588	0.427000	1.588000
480	1655	0.480000	1.655000
419	1536	0.419000	1.536000
403	1640	0.403000	1.640000
390	1604	0.390000	1.604000
419	1583	0.419000	1.583000
400	1603	0.400000	1.603000
369	1642	0.369000	1.642000
418	1596	0.418000	1.596000
412	1801	0.412000	1.801000
379	1611	0.379000	1.611000
418	1761	0.418000	1.761000
424	1676	0.424000	1.676000
439	1635	0.439000	1.635000
424	1671	0.424000	1.671000
459	1687	0.459000	1.687000
459	1654	0.459000	1.654000
418	1585	0.418000	1.585000
445	1677	0.445000	1.677000
432	1643	0.432000	1.643000
421	1676	0.421000	1.676000
454	1684	0.454000	1.684000
389	1620	0.389000	1.620000
465	1671	0.465000	1.671000
406	1577	0.406000	1.577000
388	1676	0.388000	1.676000
435	1645	0.435000	1.645000
457	1637	0.457000	1.637000
400	1688	0.400000	1.688000
382	1642	0.382000	1.642000
418	1640	0.418000	1.640000
460	1590	0.460000	1.590000
403	1702	0.403000	1.702000
453	1714	0.453000	1.714000
411	1708	0.411000	1.708000
396	1641	0.396000	1.641000
452	1692	0.452000	1.692000
426	1651	0.426000	1.651000
427	1548	0.427000	1.548000
471	1683	0.471000	1.683000
391	1626	0.391000	1.626000
463	1716	0.463000	1.716000
416	1612	0.416000	1.612000
429	1649	0.429000	1.649000
437	1752	0.437000	1.752000
412	1780	0.412000	1.780000
447	1681	0.447000	1.681000
407	1680	0.407000	1.680000
433	1640	0.433000	1.640000
457	1623	0.457000	1.623000
453	1634	0.453000	1.634000
423	1730	0.423000	1.730000
455	1671	0.455000	1.671000
423	1676	0.423000	1.676000
388	1607	0.388000	1.607000
393	1668	0.393000	1.668000
411	1557	0.411000	1.557000
428	1600	0.428000	1.600000
412	1628	0.412000	1.628000
450	1617	0.450000	1.617000
425	1601	0.425000	1.601000
445	1742	0.445000	1.742000
441	1741	0.441000	1.741000
387	1604	0.387000	1.604000
412	1669	0.412000	1.669000
399	1708	0.399000	1.708000
430	1685	0.430000	1.685000
397	1578	0.397000	1.578000
433	1651	0.433000	1.651000
452	1787	0.452000	1.787000
447	1738	0.447000	1.738000
421	1677	0.421000	1.677000
383	1628	0.383000	1.628000
372	1639	0.372000	1.639000
432	1652	0.432000	1.652000
424	1488	0.424000	1.488000
446	1634	0.446000	1.634000
416	1687	0.416000	1.687000
424	1537	0.424000	1.537000
424	1792	0.424000	1.792000
380	1709	0.380000	1.709000
448	1740	0.448000	1.740000
439	1616	0.439000	1.616000
392	1691	0.392000	1.691000
