20x20 grid, p = 0.7, redf = 0.4, bluef = 0.2, 500 steps
Ma D	Mi D	Red D	 Blue D	red s+	blue s+	s-
21231	62991	41558	42664	28.218000	14.244000	125.982000
20999	62570	41236	42333	28.036000	13.962000	125.140000
21007	63634	41689	42952	27.906000	14.108000	127.268000
20541	63289	41181	42649	27.358000	13.724000	126.578000
21052	62756	41083	42725	28.058000	14.046000	125.512000
20957	62499	41119	42337	27.904000	14.010000	124.998000
21316	63222	41481	43057	28.398000	14.234000	126.444000
20915	62785	41208	42492	27.710000	14.120000	125.570000
20974	63591	41556	43009	27.788000	14.160000	127.182000
21003	63052	41393	42662	27.900000	14.106000	126.104000
20562	63606	41410	42758	27.328000	13.796000	127.212000
20973	62399	41182	42190	27.984000	13.962000	124.798000
20782	62265	40775	42272	27.824000	13.740000	124.530000
21368	63787	41977	43178	28.320000	14.416000	127.574000
21208	64338	41986	43560	28.060000	14.356000	128.676000
20933	62999	41324	42608	27.888000	13.978000	125.998000
20776	61967	40800	41943	27.702000	13.850000	123.934000
21272	63665	41564	43373	28.044000	14.500000	127.330000
21099	63366	41569	42896	27.958000	14.240000	126.732000
20936	62854	41252	42538	27.778000	14.094000	125.708000
20984	63181	41342	42823	27.816000	14.152000	126.362000
20749	63392	41227	42914	27.698000	13.800000	126.784000
20742	62260	40956	42046	27.708000	13.776000	124.520000
20677	63420	41372	42725	27.632000	13.722000	126.840000
21020	63771	41687	43104	27.938000	14.102000	127.542000
21269	62430	41137	42562	28.474000	14.064000	124.860000
20840	63868	41607	43101	27.766000	13.914000	127.736000
20718	62472	40945	42245	27.748000	13.688000	124.944000
21032	63954	41607	43379	27.798000	14.266000	127.908000
21292	63019	41441	42870	28.308000	14.276000	126.038000
21071	64711	42127	43655	27.952000	14.190000	129.422000
20625	63040	41123	42542	27.398000	13.852000	126.080000
20583	62537	40926	42194	27.530000	13.636000	125.074000
21413	64359	42214	43558	28.294000	14.532000	128.718000
21221	63433	41657	42997	28.098000	14.344000	126.866000
21349	63614	41687	43276	28.308000	14.390000	127.228000
21210	63716	41848	43078	28.224000	14.196000	127.432000
20782	62114	40834	42062	27.644000	13.920000	124.228000
20683	62129	40836	41976	27.658000	13.708000	124.258000
21093	63779	41625	43247	28.062000	14.124000	127.558000
21195	61575	40839	41931	28.308000	14.082000	123.150000
20775	62747	41071	42451	27.638000	13.912000	125.494000
21528	64021	42215	43334	28.612000	14.444000	128.042000
21198	62763	41317	42644	28.226000	14.170000	125.526000
20785	63803	41676	42912	27.730000	13.840000	127.606000
20949	62734	41152	42531	27.918000	13.980000	125.468000
21219	62399	41232	42386	28.392000	14.046000	124.798000
20915	62106	40794	42227	27.832000	13.998000	124.212000
20912	62949	41412	42449	27.800000	14.024000	125.898000
20914	63412	41313	43013	27.796000	14.032000	126.824000
21080	63647	41582	43145	27.962000	14.198000	127.294000
21038	63115	41560	42593	27.832000	14.244000	126.230000
20741	61963	40628	42076	27.700000	13.782000	123.926000
20819	63212	41248	42783	27.668000	13.970000	126.424000
21079	62752	41084	42747	28.086000	14.072000	125.504000
20682	62401	40835	42248	27.608000	13.756000	124.802000
21302	63702	41748	43256	28.152000	14.452000	127.404000
21221	63920	41832	43309	28.036000	14.406000	127.840000
21191	63773	41710	43254	28.214000	14.168000	127.546000
20786	62222	40802	42206	27.716000	13.856000	124.444000
21030	62433	41074	42389	27.990000	14.070000	124.866000
21447	64034	42023	43458	28.454000	14.440000	128.068000
21134	63394	41411	43117	28.150000	14.118000	126.788000
20968	63200	41394	42774	27.882000	14.054000	126.400000
20972	62960	41434	42498	27.954000	13.990000	125.920000
21323	62552	41278	42597	28.358000	14.288000	125.104000
21050	62983	41361	42672	27.930000	14.170000	125.966000
20916	63632	41838	42710	27.696000	14.136000	127.264000
21111	62824	41222	42713	28.174000	14.048000	125.648000
20864	63490	41268	43086	27.610000	14.118000	126.980000
21266	62685	41421	42530	28.362000	14.170000	125.370000
21176	62049	41020	42205	28.170000	14.182000	124.098000
21205	63339	41376	43168	28.050000	14.360000	126.678000
20834	63163	41418	42579	27.830000	13.838000	126.326000
21074	62326	41168	42232	28.146000	14.002000	124.652000
21256	62879	41497	42638	28.214000	14.298000	125.758000
21039	63052	41347	42744	27.924000	14.154000	126.104000
21276	63721	41775	43222	28.208000	14.344000	127.442000
21016	62578	41110	42484	28.028000	14.004000	125.156000
20974	63482	41488	42968	27.758000	14.190000	126.964000
21088	63188	41362	42914	27.944000	14.232000	126.376000
20781	62810	41169	42422	27.844000	13.718000	125.620000
21187	63478	41627	43038	28.078000	14.296000	126.956000
21208	64149	41884	43473	28.116000	14.300000	128.298000
20964	63211	41361	42814	27.900000	14.028000	126.422000
20796	63516	41389	42923	27.570000	14.022000	127.032000
20727	62353	40878	42202	27.638000	13.816000	124.706000
21362	63176	41511	43027	28.268000	14.456000	126.352000
21025	63914	41655	43284	27.742000	14.308000	127.828000
20883	63680	41593	42970	27.908000	13.858000	127.360000
21303	62902	41436	42769	28.308000	14.298000	125.804000
20975	62089	40865	42199	27.782000	14.168000	124.178000
20981	63153	41553	42581	28.036000	13.926000	126.306000
21187	61730	40913	42004	28.198000	14.176000	123.460000
21069	62039	40952	42156	28.086000	14.052000	124.078000
21252	63573	41845	42980	28.366000	14.138000	127.146000
20754	63198	41206	42746	27.680000	13.828000	126.396000
20904	62593	41026	42471	27.974000	13.834000	125.186000
20867	63053	41258	42662	27.884000	13.850000	126.106000
21038	62721	41077	42682	28.018000	14.058000	125.442000
20803	62506	40939	42370	27.730000	13.876000	125.012000
20943	63257	41584	42616	27.932000	13.954000	126.514000
20955	62306	40928	42333	27.898000	14.012000	124.612000
20538	63021	41022	42537	27.356000	13.720000	126.042000
20897	61906	40783	42020	27.934000	13.860000	123.812000
20931	63765	41695	43001	27.896000	13.966000	127.530000
21093	62675	41063	42705	28.030000	14.156000	125.350000
21387	63070	41611	42846	28.316000	14.458000	126.140000
20984	63160	41323	42821	27.842000	14.126000	126.320000
21499	63719	41842	43376	28.384000	14.614000	127.438000
21006	63376	41441	42941	27.870000	14.142000	126.752000
20966	62862	41176	42652	28.010000	13.922000	125.724000
20955	62483	41079	42359	27.974000	13.936000	124.966000
21202	62568	41256	42514	28.290000	14.114000	125.136000
21191	63836	41799	43228	28.184000	14.198000	127.672000
20777	63062	41351	42488	27.594000	13.960000	126.124000
20862	62071	40857	42076	27.800000	13.924000	124.142000
20937	61872	40783	42026	27.934000	13.940000	123.744000
21340	62728	41232	42836	28.176000	14.504000	125.456000
21037	63272	41415	42894	27.872000	14.202000	126.544000
21190	63334	41815	42709	28.180000	14.200000	126.668000
21068	62157	41199	42026	28.096000	14.040000	124.314000
21268	63072	41519	42821	28.314000	14.222000	126.144000
21374	63072	41553	42893	28.294000	14.454000	126.144000
21105	63207	41493	42819	28.024000	14.186000	126.414000
21038	62483	41272	42249	28.096000	13.980000	124.966000
21086	63993	41792	43287	27.980000	14.192000	127.986000
21182	63188	41359	43011	28.004000	14.360000	126.376000
20886	63067	41348	42605	27.762000	14.010000	126.134000
20959	64115	41766	43308	27.810000	14.108000	128.230000
21283	62540	41435	42388	28.344000	14.222000	125.080000
20909	63118	41362	42665	27.726000	14.092000	126.236000
20810	63596	41334	43072	27.702000	13.918000	127.192000
21003	62618	41287	42334	28.006000	14.000000	125.236000
21004	63071	41254	42821	27.942000	14.066000	126.142000
21423	63937	41880	43480	28.138000	14.708000	127.874000
20882	63585	41630	42837	27.772000	13.992000	127.170000
21027	64232	41912	43347	27.966000	14.088000	128.464000
20833	63366	41344	42855	27.802000	13.864000	126.732000
20815	62762	41251	42326	27.694000	13.936000	125.524000
21072	62874	41185	42761	28.082000	14.062000	125.748000
20975	62863	41120	42718	28.014000	13.936000	125.726000
20854	61993	40825	42022	27.930000	13.778000	123.986000
21067	63326	41606	42787	27.954000	14.180000	126.652000
21176	63339	41548	42967	28.034000	14.318000	126.678000
21257	62982	41447	42792	28.056000	14.458000	125.964000
21087	63976	41660	43403	28.010000	14.164000	127.952000
21112	62943	41332	42723	28.058000	14.166000	125.886000
21046	62994	41436	42604	28.016000	14.076000	125.988000
21230	62265	40982	42513	28.320000	14.140000	124.530000
21513	63717	41807	43423	28.626000	14.400000	127.434000
20527	62960	41151	42336	27.582000	13.472000	125.920000
21036	62885	41448	42473	28.212000	13.860000	125.770000
21078	64012	41832	43258	28.002000	14.154000	128.024000
21083	62394	40956	42521	28.030000	14.136000	124.788000
21295	63167	41662	42800	28.372000	14.218000	126.334000
21275	62904	41426	42753	28.322000	14.228000	125.808000
21111	63065	41459	42717	28.086000	14.136000	126.130000
21088	62830	41205	42713	28.050000	14.126000	125.660000
20976	63107	41417	42666	28.032000	13.920000	126.214000
21037	62609	41086	42560	27.698000	14.376000	125.218000
21055	62647	41226	42476	27.992000	14.118000	125.294000
20941	61970	40786	42125	27.976000	13.906000	123.940000
20839	62462	40944	42357	27.748000	13.930000	124.924000
20733	62458	40951	42240	27.618000	13.848000	124.916000
21517	62446	41343	42620	28.432000	14.602000	124.892000
21361	63740	41835	43266	28.268000	14.454000	127.480000
20933	62925	41295	42563	27.932000	13.934000	125.850000
21138	62550	41165	42523	28.252000	14.024000	125.100000
21176	62626	41264	42538	28.244000	14.108000	125.252000
20917	61995	40722	42190	28.000000	13.834000	123.990000
21344	62542	41320	42566	28.260000	14.428000	125.084000
21165	63731	41772	43124	28.066000	14.264000	127.462000
20443	62818	41075	42186	27.214000	13.672000	125.636000
20942	62914	41157	42699	27.844000	14.040000	125.828000
21051	62634	41252	42433	28.034000	14.068000	125.268000
21512	64136	42169	43479	28.350000	14.674000	128.272000
20946	62311	40999	42258	27.976000	13.916000	124.622000
20830	61860	40760	41930	27.834000	13.826000	123.720000
21415	62720	41361	42774	28.348000	14.482000	125.440000
20749	61935	40770	41914	27.770000	13.728000	123.870000
20815	62067	40755	42127	27.882000	13.748000	124.134000
20957	63570	41601	42926	27.850000	14.064000	127.140000
21292	64114	41938	43468	28.254000	14.330000	128.228000
20943	62823	41209	42557	27.918000	13.968000	125.646000
21357	63535	41765	43127	28.320000	14.394000	127.070000
21477	64110	41858	43729	28.302000	14.652000	128.220000
20633	62532	40922	42243	27.602000	13.664000	125.064000
21222	63137	41528	42831	28.290000	14.154000	126.274000
21167	62278	41102	42343	28.322000	14.012000	124.556000
20730	62864	41076	42518	27.554000	13.906000	125.728000
20974	62711	41163	42522	27.824000	14.124000	125.422000
21480	63510	41764	43226	28.450000	14.510000	127.020000
21233	62620	41307	42546	28.324000	14.142000	125.240000
20720	61996	40880	41836	27.842000	13.598000	123.992000
21396	63344	41683	43057	28.266000	14.526000	126.688000
20848	62643	41036	42455	27.776000	13.920000	125.286000
21223	63353	41527	43049	28.232000	14.214000	126.706000
21073	63170	41336	42907	28.058000	14.088000	126.340000
20751	61863	40686	41928	27.818000	13.684000	123.726000
21374	63614	41843	43145	28.320000	14.428000	127.228000
21156	62874	41404	42626	28.274000	14.038000	125.748000
21113	63929	41655	43387	27.856000	14.370000	127.858000
20758	63424	41263	42919	27.608000	13.908000	126.848000
21149	63463	41392	43220	28.036000	14.262000	126.926000
20758	62836	41181	42413	27.694000	13.822000	125.672000
21002	62991	41181	42812	27.922000	14.082000	125.982000
20992	64243	41960	43275	27.730000	14.254000	128.486000
20570	62124	40831	41863	27.494000	13.646000	124.248000
21350	63507	41765	43092	28.268000	14.432000	127.014000
20707	61907	40851	41763	27.732000	13.682000	123.814000
21320	63069	41663	42726	28.300000	14.340000	126.138000
20479	63809	41507	42781	27.248000	13.710000	127.618000
20642	62550	40812	42380	27.572000	13.712000	125.100000
21247	63591	41676	43162	28.244000	14.250000	127.182000
20877	61931	40913	41895	28.088000	13.666000	123.862000
20739	62281	41094	41926	27.772000	13.706000	124.562000
21338	63815	41786	43367	28.248000	14.428000	127.630000
21148	62875	41282	42741	27.984000	14.312000	125.750000
21120	63267	41412	42975	27.970000	14.270000	126.534000
21299	64027	41963	43363	28.116000	14.482000	128.054000
21286	63878	41874	43290	28.210000	14.362000	127.756000
20838	61409	40605	41642	27.890000	13.786000	122.818000
20766	63327	41524	42569	27.720000	13.812000	126.654000
20830	62431	40927	42334	27.926000	13.734000	124.862000
21020	63709	41458	43271	27.836000	14.204000	127.418000
21146	63336	41509	42973	28.012000	14.280000	126.672000
20861	63399	41505	42755	27.776000	13.946000	126.798000
20717	63051	41397	42371	27.690000	13.744000	126.102000
21217	63373	41669	42921	28.186000	14.248000	126.746000
21021	63303	41415	42909	27.892000	14.150000	126.606000
21160	62031	41084	42107	28.280000	14.040000	124.062000
21134	63931	41947	43118	28.042000	14.226000	127.862000
21109	62887	41424	42572	28.208000	14.010000	125.774000
21101	63908	41933	43076	27.938000	14.264000	127.816000
20977	63495	41372	43100	27.910000	14.044000	126.990000
21223	63702	41873	43052	28.284000	14.162000	127.404000
20807	62100	40861	42046	27.740000	13.874000	124.200000
20875	62081	40843	42113	27.970000	13.780000	124.162000
20858	63426	41367	42917	27.650000	14.066000	126.852000
20856	62329	41115	42070	27.820000	13.892000	124.658000
21209	63719	41646	43282	28.090000	14.328000	127.438000
21102	63577	41454	43225	27.864000	14.340000	127.154000
21096	62861	41351	42606	28.106000	14.086000	125.722000
20990	63599	41646	42943	27.874000	14.106000	127.198000
21272	63150	41512	42910	28.272000	14.272000	126.300000
20948	62484	41073	42359	27.970000	13.926000	124.968000
21043	62955	41279	42719	27.956000	14.130000	125.910000
20672	63540	41310	42902	27.532000	13.812000	127.080000
21110	64078	41946	43242	28.092000	14.128000	128.156000
20701	63053	41332	42422	27.532000	13.870000	126.106000
21190	62776	41322	42644	28.176000	14.204000	125.552000
20940	63107	41384	42663	27.770000	14.110000	126.214000
20825	62823	41052	42596	27.874000	13.776000	125.646000
21114	62700	41288	42526	28.068000	14.160000	125.400000
21169	62877	41354	42692	28.080000	14.258000	125.754000
21167	62669	41313	42523	28.158000	14.176000	125.338000
21120	63547	41688	42979	28.084000	14.156000	127.094000
21150	62752	41492	42410	28.102000	14.198000	125.504000
20934	62347	40893	42388	27.824000	14.044000	124.694000
20993	62460	40928	42525	28.008000	13.978000	124.920000
21178	62555	41177	42556	28.300000	14.056000	125.110000
21285	63022	41616	42691	28.298000	14.272000	126.044000
20998	63159	41451	42706	28.024000	13.972000	126.318000
20959	62765	41246	42478	27.946000	13.972000	125.530000
20993	63385	41495	42883	27.938000	14.048000	126.770000
20892	62413	41115	42190	27.814000	13.970000	124.826000
21212	63463	41678	42997	28.202000	14.222000	126.926000
21176	63917	41679	43414	28.080000	14.272000	127.834000
21338	64408	41942	43804	28.184000	14.492000	128.816000
21085	63894	41687	43292	27.902000	14.268000	127.788000
20741	62423	40874	42290	27.600000	13.882000	124.846000
21218	63194	41596	42816	28.290000	14.146000	126.388000
21362	63529	41631	43260	28.284000	14.440000	127.058000
20748	62382	40992	42138	27.502000	13.994000	124.764000
20985	62817	41311	42491	27.978000	13.992000	125.634000
21032	62328	41141	42219	27.976000	14.088000	124.656000
20879	62507	41131	42255	27.982000	13.776000	125.014000
21465	63282	41550	43197	28.464000	14.466000	126.564000
21283	62732	41596	42419	28.222000	14.344000	125.464000
21111	63683	41628	43166	27.962000	14.260000	127.366000
20755	62393	40989	42159	27.508000	14.002000	124.786000
21203	63237	41712	42728	28.190000	14.216000	126.474000
21019	62401	41083	42337	27.974000	14.064000	124.802000
21407	63779	41852	43334	28.406000	14.408000	127.558000
21282	63089	41574	42797	28.206000	14.358000	126.178000
20855	62805	41178	42482	27.970000	13.740000	125.610000
21199	63404	41565	43038	28.038000	14.360000	126.808000
21120	63714	41707	43127	28.132000	14.108000	127.428000
20905	64303	41745	43463	27.936000	13.874000	128.606000
21225	63005	41433	42797	28.312000	14.138000	126.010000
20894	64234	41760	43368	27.666000	14.122000	128.468000
20763	63839	41446	43156	27.586000	13.940000	127.678000
20776	64054	41541	43289	27.494000	14.058000	128.108000
21245	62923	41314	42854	28.250000	14.240000	125.846000
20848	61831	40596	42083	27.780000	13.916000	123.662000
21148	62803	41307	42644	28.120000	14.176000	125.606000
21101	62913	41339	42675	27.992000	14.210000	125.826000
21094	63688	41666	43116	27.942000	14.246000	127.376000
20927	63026	41257	42696	27.826000	14.028000	126.052000
20889	62862	41166	42585	27.858000	13.920000	125.724000
20963	61912	40719	42156	28.068000	13.858000	123.824000
21367	62959	41445	42881	28.318000	14.416000	125.918000
20976	63136	41305	42807	27.992000	13.960000	126.272000
20831	62199	40901	42129	27.932000	13.730000	124.398000
20963	62992	41199	42756	27.896000	14.030000	125.984000
20972	62354	41016	42310	28.082000	13.862000	124.708000
21267	63015	41606	42676	28.246000	14.288000	126.030000
20952	63572	41459	43065	27.888000	14.016000	127.144000
21098	62583	41284	42397	28.148000	14.048000	125.166000
20999	63194	41438	42755	27.888000	14.110000	126.388000
20963	62127	41016	42074	28.000000	13.926000	124.254000
21005	63364	41381	42988	27.890000	14.120000	126.728000
21405	63459	41786	43078	28.364000	14.446000	126.918000
21060	63240	41457	42843	27.990000	14.130000	126.480000
21042	62635	41181	42496	28.116000	13.968000	125.270000
20900	62779	41255	42424	28.062000	13.738000	125.558000
21141	63045	41413	42773	28.108000	14.174000	126.090000
20788	62634	41113	42309	27.728000	13.848000	125.268000
20867	62201	40995	42073	27.968000	13.766000	124.402000
21242	62948	41304	42886	28.184000	14.300000	125.896000
21258	63601	41805	43054	28.272000	14.244000	127.202000
20786	62097	41029	41854	28.070000	13.502000	124.194000
20846	63105	41461	42490	27.756000	13.936000	126.210000
21039	63060	41418	42681	28.164000	13.914000	126.120000
21573	63315	41640	43248	28.504000	14.642000	126.630000
21299	62528	41312	42515	28.338000	14.260000	125.056000
20950	62622	41184	42388	28.014000	13.886000	125.244000
21537	64256	42218	43575	28.430000	14.644000	128.512000
20724	63212	41306	42630	27.728000	13.720000	126.424000
20939	62880	41185	42634	27.976000	13.902000	125.760000
21286	63915	41885	43316	28.142000	14.430000	127.830000
21476	63568	41840	43204	28.410000	14.542000	127.136000
21233	63714	41675	43272	28.074000	14.392000	127.428000
21099	63197	41643	42653	28.020000	14.178000	126.394000
20991	61998	40820	42169	28.102000	13.880000	123.996000
20997	62911	41364	42544	28.058000	13.936000	125.822000
21152	62478	41211	42419	28.216000	14.088000	124.956000
21315	62697	41418	42594	28.258000	14.372000	125.394000
21023	61829	40756	42096	28.094000	13.952000	123.658000
21199	62653	41174	42678	28.064000	14.334000	125.306000
21237	62507	41171	42573	28.284000	14.190000	125.014000
21351	63962	41804	43509	28.278000	14.424000	127.924000
21381	62731	41495	42617	28.352000	14.410000	125.462000
21497	62787	41398	42886	28.546000	14.448000	125.574000
20730	63237	41169	42798	27.500000	13.960000	126.474000
21291	62512	41332	42471	28.398000	14.184000	125.024000
20902	62963	41183	42682	27.900000	13.904000	125.926000
20817	62678	41131	42364	27.960000	13.674000	125.356000
21106	63092	41326	42872	27.884000	14.328000	126.184000
20904	63513	41568	42849	27.692000	14.116000	127.026000
21546	63661	41859	43348	28.350000	14.742000	127.322000
21008	61529	40484	42053	27.950000	14.066000	123.058000
20948	63854	41813	42989	27.866000	14.030000	127.708000
20824	62735	41195	42364	27.938000	13.710000	125.470000
21620	64046	41910	43756	28.450000	14.790000	128.092000
21111	63430	41629	42912	28.050000	14.172000	126.860000
21149	62897	41361	42685	28.078000	14.220000	125.794000
20844	63555	41422	42977	27.662000	14.026000	127.110000
20880	62462	41055	42287	27.862000	13.898000	124.924000
20838	63578	41694	42722	27.912000	13.764000	127.156000
20595	62340	40971	41964	27.552000	13.638000	124.680000
21197	63162	41469	42890	28.166000	14.228000	126.324000
20626	61309	40462	41473	27.768000	13.484000	122.618000
21122	63574	41722	42974	27.992000	14.252000	127.148000
20752	63275	41332	42695	27.460000	14.044000	126.550000
20864	63211	41388	42687	27.770000	13.958000	126.422000
21053	62823	41430	42446	28.118000	13.988000	125.646000
21052	61730	40718	42064	28.196000	13.908000	123.460000
21435	62675	41336	42774	28.340000	14.530000	125.350000
21188	62205	41039	42354	28.258000	14.118000	124.410000
21232	63830	41842	43220	28.120000	14.344000	127.660000
20984	63523	41446	43061	27.966000	14.002000	127.046000
21032	63352	41411	42973	27.718000	14.346000	126.704000
20900	63674	41562	43012	27.664000	14.136000	127.348000
20758	62542	41174	42126	27.736000	13.780000	125.084000
20938	63678	41570	43046	27.830000	14.046000	127.356000
21220	63219	41441	42998	28.074000	14.366000	126.438000
20702	63029	41227	42504	27.724000	13.680000	126.058000
21178	63399	41508	43069	28.354000	14.002000	126.798000
20919	62796	41169	42546	28.034000	13.804000	125.592000
20514	63031	41289	42256	27.354000	13.674000	126.062000
20925	62619	41176	42368	27.806000	14.044000	125.238000
20975	63120	41564	42531	27.890000	14.060000	126.240000
20990	62803	41205	42588	27.952000	14.028000	125.606000
20963	62407	40929	42441	27.980000	13.946000	124.814000
21121	63262	41523	42860	28.020000	14.222000	126.524000
21383	61812	40966	42229	28.450000	14.316000	123.624000
21178	63125	41457	42846	28.028000	14.328000	126.250000
21013	62435	41187	42261	27.954000	14.072000	124.870000
21062	63400	41299	43163	28.014000	14.110000	126.800000
21104	63415	41488	43031	27.944000	14.264000	126.830000
21402	63439	41665	43176	28.404000	14.400000	126.878000
20855	63767	41583	43039	27.790000	13.920000	127.534000
21240	63412	41565	43087	28.066000	14.414000	126.824000
20976	64371	41701	43646	27.664000	14.288000	128.742000
20998	63359	41452	42905	28.040000	13.956000	126.718000
21070	62539	41097	42512	27.918000	14.222000	125.078000
21345	62744	41521	42568	28.288000	14.402000	125.488000
21403	63527	41705	43225	28.426000	14.380000	127.054000
21049	62392	41077	42364	27.864000	14.234000	124.784000
21118	62401	41283	42236	28.054000	14.182000	124.802000
20742	62786	41071	42457	27.504000	13.980000	125.572000
20874	62992	41274	42592	27.868000	13.880000	125.984000
21084	62804	41151	42737	28.004000	14.164000	125.608000
21342	62990	41478	42854	28.262000	14.422000	125.980000
20535	62373	40848	42060	27.474000	13.596000	124.746000
20797	63363	41367	42793	27.638000	13.956000	126.726000
20985	63453	41515	42923	27.890000	14.080000	126.906000
20866	63090	41394	42562	27.650000	14.082000	126.180000
21365	63259	41687	42937	28.240000	14.490000	126.518000
21094	63662	41762	42994	27.938000	14.250000	127.324000
20952	63546	41517	42981	27.926000	13.978000	127.092000
20907	63347	41266	42988	27.872000	13.942000	126.694000
21152	62485	41300	42337	28.252000	14.052000	124.970000
20931	62481	41096	42316	27.968000	13.894000	124.962000
20900	63342	41332	42910	27.768000	14.032000	126.684000
21531	63463	41784	43210	28.536000	14.526000	126.926000
21283	63604	41640	43247	28.042000	14.524000	127.208000
20912	61861	40725	42048	27.872000	13.952000	123.722000
21049	63262	41479	42832	28.012000	14.086000	126.524000
21062	63430	41436	43056	28.140000	13.984000	126.860000
21064	62399	41090	42373	28.010000	14.118000	124.798000
20629	63381	41112	42898	27.450000	13.808000	126.762000
21421	64258	42043	43636	28.380000	14.462000	128.516000
20817	62511	41045	42283	27.782000	13.852000	125.022000
21214	62666	41437	42443	28.284000	14.144000	125.332000
21113	63468	41624	42957	27.984000	14.242000	126.936000
20859	61811	40690	41980	27.856000	13.862000	123.622000
20888	62719	41252	42355	27.820000	13.956000	125.438000
21095	63721	41846	42970	27.968000	14.222000	127.442000
20844	62844	41305	42383	27.844000	13.844000	125.688000
21451	62709	41325	42835	28.446000	14.456000	125.418000
20271	61970	40623	41618	27.408000	13.134000	123.940000
21254	62744	41408	42590	28.244000	14.264000	125.488000
20988	63096	41192	42892	27.956000	14.020000	126.192000
20771	62948	41126	42593	27.658000	13.884000	125.896000
21102	63674	41670	43106	27.944000	14.260000	127.348000
20913	62466	41110	42269	27.874000	13.952000	124.932000
20879	62506	41006	42379	27.736000	14.022000	125.012000
21325	63810	41973	43162	28.308000	14.342000	127.620000
21251	63362	41654	42959	28.194000	14.308000	126.724000
21038	62664	41187	42515	28.176000	13.900000	125.328000
21073	63308	41512	42869	28.040000	14.106000	126.616000
21059	63606	41696	42969	27.988000	14.130000	127.212000
21098	63741	41797	43042	27.844000	14.352000	127.482000
21509	63711	41939	43281	28.502000	14.516000	127.422000
20868	62592	41248	42212	27.862000	13.874000	125.184000
21138	63641	41846	42933	28.092000	14.184000	127.282000
20643	62118	40752	42009	27.664000	13.622000	124.236000
20874	63489	41458	42905	27.732000	14.016000	126.978000
20692	61561	40527	41726	27.754000	13.630000	123.122000
20826	63164	41378	42612	27.772000	13.880000	126.328000
21212	63162	41426	42948	28.188000	14.236000	126.324000
20700	62498	41129	42069	27.724000	13.676000	124.996000
21359	63585	41804	43140	28.232000	14.486000	127.170000
21315	63559	41701	43173	28.150000	14.480000	127.118000
20734	63203	41272	42665	27.618000	13.850000	126.406000
21064	63655	41745	42974	27.946000	14.182000	127.310000
21286	63870	41856	43300	28.128000	14.444000	127.740000
21259	63029	41608	42680	28.382000	14.136000	126.058000
21029	63454	41519	42964	27.926000	14.132000	126.908000
20807	63095	41307	42595	27.922000	13.692000	126.190000
20914	63363	41428	42849	27.878000	13.950000	126.726000
21000	62778	41168	42610	27.874000	14.126000	125.556000
20848	63178	41317	42709	27.808000	13.888000	126.356000
20997	62843	41216	42624	27.920000	14.074000	125.686000
21348	62334	41320	42362	28.494000	14.202000	124.668000
20749	62556	40993	42312	27.898000	13.600000	125.112000
21282	62561	41480	42363	28.340000	14.224000	125.122000
21008	62936	41344	42600	27.928000	14.088000	125.872000
21277	63417	41562	43132	28.126000	14.428000	126.834000
21237	62736	41477	42496	28.198000	14.276000	125.472000
20983	62733	41275	42441	28.100000	13.866000	125.466000
21090	63209	41395	42904	27.982000	14.198000	126.418000
21194	63599	41666	43127	28.208000	14.180000	127.198000
21011	62538	41014	42535	27.784000	14.238000	125.076000
21136	63895	41657	43374	27.970000	14.302000	127.790000
21348	64004	41797	43555	28.166000	14.530000	128.008000
20906	62542	40985	42463	27.906000	13.906000	125.084000
20712	62878	41334	42256	27.708000	13.716000	125.756000
21023	62224	41074	42173	27.972000	14.074000	124.448000
20954	63354	41557	42751	27.874000	14.034000	126.708000
21073	63143	41656	42560	28.096000	14.050000	126.286000
20887	62727	41218	42396	27.904000	13.870000	125.454000
21135	62313	40893	42555	28.102000	14.168000	124.626000
21090	63734	41629	43195	28.166000	14.014000	127.468000
21283	63272	41523	43032	28.344000	14.222000	126.544000
20999	63493	41620	42872	27.858000	14.140000	126.986000
21086	62517	41087	42516	28.092000	14.080000	125.034000
21118	62892	41329	42681	28.112000	14.124000	125.784000
20914	64259	41716	43457	27.664000	14.164000	128.518000
20598	63280	41519	42359	27.414000	13.782000	126.560000
21560	63936	42122	43374	28.406000	14.714000	127.872000
21099	63781	41635	43245	27.942000	14.256000	127.562000
21320	63019	41531	42808	28.278000	14.362000	126.038000
20966	63243	41464	42745	27.786000	14.146000	126.486000
20911	62977	41358	42530	27.650000	14.172000	125.954000
21044	64016	41778	43282	27.954000	14.134000	128.032000
20816	61752	40621	41947	27.958000	13.674000	123.504000
