20x20 grid, p = 0.43, f = 0.02, 500 steps
Ma D	Mi D	Red D	 Blue D	s+	s-
906	74589	37716	37779	1.812000	149.178000
915	74562	37723	37754	1.830000	149.124000
887	74875	37811	37951	1.774000	149.750000
935	75468	38251	38152	1.870000	150.936000
902	74796	37818	37880	1.804000	149.592000
904	74598	37823	37679	1.808000	149.196000
950	74634	37918	37666	1.900000	149.268000
970	74570	37615	37925	1.940000	149.140000
912	74809	37810	37911	1.824000	149.618000
879	74502	37711	37670	1.758000	149.004000
874	74742	37743	37873	1.748000	149.484000
905	74380	37692	37593	1.810000	148.760000
890	74571	37656	37805	1.780000	149.142000
948	74176	37363	37761	1.896000	148.352000
885	74663	37900	37648	1.770000	149.326000
879	74732	37815	37796	1.758000	149.464000
920	74867	37741	38046	1.840000	149.734000
867	74857	37736	37988	1.734000	149.714000
881	74769	37741	37909	1.762000	149.538000
954	75099	38207	37846	1.908000	150.198000
872	74348	37567	37653	1.744000	148.696000
919	74432	37639	37712	1.838000	148.864000
905	75092	37986	38011	1.810000	150.184000
866	75065	37934	37997	1.732000	150.130000
887	75268	37984	38171	1.774000	150.536000
887	74627	37763	37751	1.774000	149.254000
904	73809	37482	37231	1.808000	147.618000
909	74346	37553	37702	1.818000	148.692000
920	74426	37669	37677	1.840000	148.852000
917	74657	37828	37746	1.834000	149.314000
906	74905	38058	37753	1.812000	149.810000
922	74119	37503	37538	1.844000	148.238000
910	74550	37685	37775	1.820000	149.100000
861	74462	37758	37565	1.722000	148.924000
892	74901	38032	37761	1.784000	149.802000
929	74720	37855	37794	1.858000	149.440000
904	74844	37754	37994	1.808000	149.688000
927	74215	37672	37470	1.854000	148.430000
881	74487	37610	37758	1.762000	148.974000
906	75288	38008	38186	1.812000	150.576000
902	75040	37972	37970	1.804000	150.080000
945	74353	37650	37648	1.890000	148.706000
909	74873	37713	38069	1.818000	149.746000
910	73931	37437	37404	1.820000	147.862000
866	74494	37743	37617	1.732000	148.988000
931	75355	38106	38180	1.862000	150.710000
923	74695	37948	37670	1.846000	149.390000
865	75276	38062	38079	1.730000	150.552000
977	73158	36989	37146	1.954000	146.316000
928	74572	37806	37694	1.856000	149.144000
917	74892	37844	37965	1.834000	149.784000
936	74625	37669	37892	1.872000	149.250000
842	74669	37951	37560	1.684000	149.338000
919	75086	38029	37976	1.838000	150.172000
930	74509	37646	37793	1.860000	149.018000
886	74494	37804	37576	1.772000	148.988000
931	74670	37758	37843	1.862000	149.340000
853	74291	37532	37612	1.706000	148.582000
925	74529	37558	37896	1.850000	149.058000
823	75434	38166	38091	1.646000	150.868000
846	74585	37634	37797	1.692000	149.170000
896	74125	37429	37592	1.792000	148.250000
888	74710	37773	37825	1.776000	149.420000
866	74874	37791	37949	1.732000	149.748000
871	74603	37760	37714	1.742000	149.206000
917	74627	37944	37600	1.834000	149.254000
904	75313	38101	38116	1.808000	150.626000
884	74543	37713	37714	1.768000	149.086000
868	74727	37811	37784	1.736000	149.454000
879	74921	37829	37971	1.758000	149.842000
909	74606	37712	37803	1.818000	149.212000
909	74381	37570	37720	1.818000	148.762000
895	74933	37983	37845	1.790000	149.866000
897	74400	37574	37723	1.794000	148.800000
928	74163	37696	37395	1.856000	148.326000
955	74872	37889	37938	1.910000	149.744000
876	74881	37750	38007	1.752000	149.762000
885	75066	37950	38001	1.770000	150.132000
901	74806	37804	37903	1.802000	149.612000
962	74275	37547	37690	1.924000	148.550000
879	75001	37940	37940	1.758000	150.002000
878	74923	37868	37933	1.756000	149.846000
892	75570	38203	38259	1.784000	151.140000
930	74397	37629	37698	1.860000	148.794000
913	75110	38068	37955	1.826000	150.220000
930	74597	37719	37808	1.860000	149.194000
896	74820	37844	37872	1.792000	149.640000
900	74178	37402	37676	1.800000	148.356000
889	74959	37985	37863	1.778000	149.918000
928	74684	37857	37755	1.856000	149.368000
909	74375	37631	37653	1.818000	148.750000
895	74859	38055	37699	1.790000	149.718000
930	74297	37511	37716	1.860000	148.594000
911	74079	37482	37508	1.822000	148.158000
927	74553	37697	37783	1.854000	149.106000
873	74890	37694	38069	1.746000	149.780000
840	75037	37996	37881	1.680000	150.074000
884	74964	37927	37921	1.768000	149.928000
890	74762	37763	37889	1.780000	149.524000
885	74864	37841	37908	1.770000	149.728000
880	74654	37956	37578	1.760000	149.308000
924	74615	37656	37883	1.848000	149.230000
876	75418	38038	38256	1.752000	150.836000
940	74707	37854	37793	1.880000	149.414000
905	74814	37861	37858	1.810000	149.628000
936	74657	37670	37923	1.872000	149.314000
876	74857	37912	37821	1.752000	149.714000
951	74677	37924	37704	1.902000	149.354000
919	74032	37505	37446	1.838000	148.064000
873	74583	37688	37768	1.746000	149.166000
954	73988	37355	37587	1.908000	147.976000
914	73310	36949	37275	1.828000	146.620000
889	75551	38170	38270	1.778000	151.102000
941	74742	37894	37789	1.882000	149.484000
921	74407	37760	37568	1.842000	148.814000
904	74463	37677	37690	1.808000	148.926000
900	75297	38155	38042	1.800000	150.594000
916	74492	37830	37578	1.832000	148.984000
937	74216	37678	37475	1.874000	148.432000
936	74254	37639	37551	1.872000	148.508000
926	74953	37655	38224	1.852000	149.906000
942	74671	37873	37740	1.884000	149.342000
856	74213	37633	37436	1.712000	148.426000
933	74529	37791	37671	1.866000	149.058000
916	74810	37778	37948	1.832000	149.620000
909	75276	38243	37942	1.818000	150.552000
917	74523	37826	37614	1.834000	149.046000
931	74801	37979	37753	1.862000	149.602000
903	74340	37597	37646	1.806000	148.680000
892	74337	37492	37737	1.784000	148.674000
859	74772	37850	37781	1.718000	149.544000
898	75008	38061	37845	1.796000	150.016000
922	74648	37913	37657	1.844000	149.296000
934	74263	37636	37561	1.868000	148.526000
913	74636	37792	37757	1.826000	149.272000
972	74547	37829	37690	1.944000	149.094000
863	75165	38138	37890	1.726000	150.330000
855	74838	37789	37904	1.710000	149.676000
866	74821	37808	37879	1.732000	149.642000
920	74893	37712	38101	1.840000	149.786000
905	74995	37884	38016	1.810000	149.990000
870	74445	37670	37645	1.740000	148.890000
878	74608	37766	37720	1.756000	149.216000
859	74918	37850	37927	1.718000	149.836000
868	74893	37914	37847	1.736000	149.786000
962	74722	37752	37932	1.924000	149.444000
898	74611	37847	37662	1.796000	149.222000
891	74558	37648	37801	1.782000	149.116000
890	74772	37885	37777	1.780000	149.544000
979	74833	38021	37791	1.958000	149.666000
897	74608	37800	37705	1.794000	149.216000
927	74505	37774	37658	1.854000	149.010000
898	74564	37691	37771	1.796000	149.128000
920	74777	37844	37853	1.840000	149.554000
904	74342	37608	37638	1.808000	148.684000
934	74075	37400	37609	1.868000	148.150000
906	75508	38256	38158	1.812000	151.016000
861	75386	38113	38134	1.722000	150.772000
890	75419	38107	38202	1.780000	150.838000
953	74426	37648	37731	1.906000	148.852000
925	74363	37672	37616	1.850000	148.726000
899	74840	37770	37969	1.798000	149.680000
873	74591	37667	37797	1.746000	149.182000
942	74902	37786	38058	1.884000	149.804000
929	74238	37722	37445	1.858000	148.476000
911	75016	37831	38096	1.822000	150.032000
897	74342	37562	37677	1.794000	148.684000
863	75013	37890	37986	1.726000	150.026000
931	74601	37820	37712	1.862000	149.202000
895	74324	37649	37570	1.790000	148.648000
900	74315	37455	37760	1.800000	148.630000
898	74386	37460	37824	1.796000	148.772000
901	74199	37547	37553	1.802000	148.398000
940	74479	37691	37728	1.880000	148.958000
951	74549	37548	37952	1.902000	149.098000
907	74694	37905	37696	1.814000	149.388000
862	74774	37706	37930	1.724000	149.548000
895	75007	37845	38057	1.790000	150.014000
935	74457	37738	37654	1.870000	148.914000
907	74770	37715	37962	1.814000	149.540000
911	74900	37975	37836	1.822000	149.800000
931	74843	37929	37845	1.862000	149.686000
920	74611	37831	37700	1.840000	149.222000
852	75322	38027	38147	1.704000	150.644000
924	74629	37864	37689	1.848000	149.258000
958	74135	37515	37578	1.916000	148.270000
925	74996	38149	37772	1.850000	149.992000
873	74987	37916	37944	1.746000	149.974000
906	75416	38119	38203	1.812000	150.832000
845	74678	37778	37745	1.690000	149.356000
914	73954	37474	37394	1.828000	147.908000
882	74730	37946	37666	1.764000	149.460000
894	73992	37501	37385	1.788000	147.984000
909	73575	37183	37301	1.818000	147.150000
924	75358	37977	38305	1.848000	150.716000
881	74807	37656	38032	1.762000	149.614000
936	74253	37568	37621	1.872000	148.506000
886	75051	38176	37761	1.772000	150.102000
942	74565	37825	37682	1.884000	149.130000
917	74392	37628	37681	1.834000	148.784000
908	74921	37841	37988	1.816000	149.842000
919	74897	37778	38038	1.838000	149.794000
870	74741	37995	37616	1.740000	149.482000
846	74983	37925	37904	1.692000	149.966000
935	74921	37937	37919	1.870000	149.842000
881	75185	37950	38116	1.762000	150.370000
904	74748	37830	37822	1.808000	149.496000
915	74512	37670	37757	1.830000	149.024000
906	74848	37958	37796	1.812000	149.696000
918	74428	37445	37901	1.836000	148.856000
867	74855	37772	37950	1.734000	149.710000
912	74373	37635	37650	1.824000	148.746000
869	74827	37720	37976	1.738000	149.654000
891	74331	37702	37520	1.782000	148.662000
913	74073	37427	37559	1.826000	148.146000
848	74395	37651	37592	1.696000	148.790000
926	74591	37696	37821	1.852000	149.182000
915	74045	37443	37517	1.830000	148.090000
922	74419	37727	37614	1.844000	148.838000
903	74214	37500	37617	1.806000	148.428000
898	74882	37836	37944	1.796000	149.764000
940	75046	37954	38032	1.880000	150.092000
911	74750	37894	37767	1.822000	149.500000
878	74785	37854	37809	1.756000	149.570000
913	74595	37542	37966	1.826000	149.190000
921	74668	37724	37865	1.842000	149.336000
912	74007	37447	37472	1.824000	148.014000
882	74493	37705	37670	1.764000	148.986000
887	74394	37562	37719	1.774000	148.788000
901	74247	37700	37448	1.802000	148.494000
907	74847	37918	37836	1.814000	149.694000
921	74171	37559	37533	1.842000	148.342000
936	74399	37582	37753	1.872000	148.798000
855	75090	37883	38062	1.710000	150.180000
902	74802	37844	37860	1.804000	149.604000
899	74298	37529	37668	1.798000	148.596000
903	74131	37463	37571	1.806000	148.262000
861	74853	37897	37817	1.722000	149.706000
927	74711	37882	37756	1.854000	149.422000
880	75036	37747	38169	1.760000	150.072000
939	74460	37720	37679	1.878000	148.920000
885	75017	38018	37884	1.770000	150.034000
937	74468	37594	37811	1.874000	148.936000
945	73864	37323	37486	1.890000	147.728000
905	74441	37749	37597	1.810000	148.882000
834	75430	38116	38148	1.668000	150.860000
849	75524	38053	38320	1.698000	151.048000
943	73967	37545	37365	1.886000	147.934000
942	74267	37546	37663	1.884000	148.534000
923	73716	37361	37278	1.846000	147.432000
866	75177	38003	38040	1.732000	150.354000
864	74767	37664	37967	1.728000	149.534000
877	74597	37694	37780	1.754000	149.194000
900	74736	37920	37716	1.800000	149.472000
848	74674	37629	37893	1.696000	149.348000
882	75201	38050	38033	1.764000	150.402000
904	74533	37718	37719	1.808000	149.066000
861	74500	37824	37537	1.722000	149.000000
913	74686	37867	37732	1.826000	149.372000
951	74777	37966	37762	1.902000	149.554000
937	74884	38048	37773	1.874000	149.768000
913	74703	37765	37851	1.826000	149.406000
902	74615	37724	37793	1.804000	149.230000
952	74307	37839	37420	1.904000	148.614000
881	75086	38140	37827	1.762000	150.172000
925	75010	38030	37905	1.850000	150.020000
870	75575	38296	38149	1.740000	151.150000
878	74782	37879	37781	1.756000	149.564000
872	74502	37717	37657	1.744000	149.004000
931	74583	37934	37580	1.862000	149.166000
884	74422	37647	37659	1.768000	148.844000
850	75327	38217	37960	1.700000	150.654000
944	74466	37693	37717	1.888000	148.932000
945	74418	37730	37633	1.890000	148.836000
884	75000	37909	37975	1.768000	150.000000
896	74484	37800	37580	1.792000	148.968000
950	74451	37860	37541	1.900000	148.902000
941	73847	37558	37230	1.882000	147.694000
937	74359	37724	37572	1.874000	148.718000
864	75117	38021	37960	1.728000	150.234000
936	74499	37856	37579	1.872000	148.998000
893	75391	38089	38195	1.786000	150.782000
862	74818	38036	37644	1.724000	149.636000
907	75124	37853	38178	1.814000	150.248000
986	73564	37276	37274	1.972000	147.128000
885	75070	38116	37839	1.770000	150.140000
877	75084	38123	37838	1.754000	150.168000
923	75353	38130	38146	1.846000	150.706000
949	74408	37915	37442	1.898000	148.816000
872	74747	37825	37794	1.744000	149.494000
873	74725	37824	37774	1.746000	149.450000
907	74643	37812	37738	1.814000	149.286000
852	75402	38156	38098	1.704000	150.804000
912	73517	37297	37132	1.824000	147.034000
932	74409	37582	37759	1.864000	148.818000
894	74206	37608	37492	1.788000	148.412000
838	75138	38064	37912	1.676000	150.276000
870	74891	37802	37959	1.740000	149.782000
853	75303	38127	38029	1.706000	150.606000
878	75107	37998	37987	1.756000	150.214000
863	74617	37820	37660	1.726000	149.234000
904	74553	37731	37726	1.808000	149.106000
906	74521	37586	37841	1.812000	149.042000
870	74741	37731	37880	1.740000	149.482000
908	75071	38033	37946	1.816000	150.142000
893	74491	37725	37659	1.786000	148.982000
871	74409	37521	37759	1.742000	148.818000
897	74644	37751	37790	1.794000	149.288000
905	75514	38269	38150	1.810000	151.028000
876	74348	37692	37532	1.752000	148.696000
887	74830	37808	37909	1.774000	149.660000
930	74859	37831	37958	1.860000	149.718000
910	74224	37543	37591	1.820000	148.448000
910	74842	37944	37808	1.820000	149.684000
853	74691	37795	37749	1.706000	149.382000
933	75136	37972	38097	1.866000	150.272000
889	73827	37226	37490	1.778000	147.654000
847	75179	37943	38083	1.694000	150.358000
892	75170	37984	38078	1.784000	150.340000
932	74272	37718	37486	1.864000	148.544000
865	74789	37756	37898	1.730000	149.578000
897	74895	37967	37825	1.794000	149.790000
871	74801	38056	37616	1.742000	149.602000
895	74574	37704	37765	1.790000	149.148000
868	74671	37817	37722	1.736000	149.342000
887	73986	37502	37371	1.774000	147.972000
883	74661	37736	37808	1.766000	149.322000
916	74966	38062	37820	1.832000	149.932000
876	74847	37972	37751	1.752000	149.694000
896	75356	38132	38120	1.792000	150.712000
938	74319	37545	37712	1.876000	148.638000
907	74241	37601	37547	1.814000	148.482000
915	74941	37981	37875	1.830000	149.882000
902	74527	37779	37650	1.804000	149.054000
894	74776	37875	37795	1.788000	149.552000
855	75492	37943	38404	1.710000	150.984000
874	75523	38047	38350	1.748000	151.046000
872	75052	37867	38057	1.744000	150.104000
904	74465	37685	37684	1.808000	148.930000
897	74491	37741	37647	1.794000	148.982000
901	75707	38318	38290	1.802000	151.414000
941	74780	37855	37866	1.882000	149.560000
912	75008	37969	37951	1.824000	150.016000
892	74088	37450	37530	1.784000	148.176000
898	75190	38005	38083	1.796000	150.380000
911	75332	37973	38270	1.822000	150.664000
865	74504	37696	37673	1.730000	149.008000
944	74549	37821	37672	1.888000	149.098000
926	74495	37710	37711	1.852000	148.990000
942	74278	37593	37627	1.884000	148.556000
906	74390	37733	37563	1.812000	148.780000
863	74764	37686	37941	1.726000	149.528000
900	74678	37756	37822	1.800000	149.356000
898	75108	37881	38125	1.796000	150.216000
834	74432	37614	37652	1.668000	148.864000
951	74676	38007	37620	1.902000	149.352000
918	74261	37437	37742	1.836000	148.522000
932	74937	37890	37979	1.864000	149.874000
958	74223	37548	37633	1.916000	148.446000
849	75289	38148	37990	1.698000	150.578000
896	75222	38198	37920	1.792000	150.444000
859	74786	37825	37820	1.718000	149.572000
856	74823	37920	37759	1.712000	149.646000
885	74531	37625	37791	1.770000	149.062000
908	74981	37967	37922	1.816000	149.962000
937	74601	37756	37782	1.874000	149.202000
891	74887	37865	37913	1.782000	149.774000
853	74690	37821	37722	1.706000	149.380000
874	74918	37899	37893	1.748000	149.836000
906	74881	37880	37907	1.812000	149.762000
892	74487	37717	37662	1.784000	148.974000
938	74377	37650	37665	1.876000	148.754000
911	74236	37472	37675	1.822000	148.472000
882	74940	37817	38005	1.764000	149.880000
912	74861	37843	37930	1.824000	149.722000
900	75078	37905	38073	1.800000	150.156000
941	74917	37831	38027	1.882000	149.834000
886	74448	37641	37693	1.772000	148.896000
877	74578	37590	37865	1.754000	149.156000
907	74148	37573	37482	1.814000	148.296000
903	75002	37977	37928	1.806000	150.004000
884	74843	38007	37720	1.768000	149.686000
863	74952	37965	37850	1.726000	149.904000
910	75044	37832	38122	1.820000	150.088000
885	75808	38266	38427	1.770000	151.616000
888	74397	37749	37536	1.776000	148.794000
863	75334	38130	38067	1.726000	150.668000
924	74785	37868	37841	1.848000	149.570000
882	75433	38022	38293	1.764000	150.866000
898	74131	37347	37682	1.796000	148.262000
869	74156	37310	37715	1.738000	148.312000
915	74613	37929	37599	1.830000	149.226000
896	74588	37683	37801	1.792000	149.176000
885	75210	38177	37918	1.770000	150.420000
930	73939	37453	37416	1.860000	147.878000
916	74469	37659	37726	1.832000	148.938000
990	75098	38095	37993	1.980000	150.196000
880	74888	37705	38063	1.760000	149.776000
913	75055	37842	38126	1.826000	150.110000
889	75327	38004	38212	1.778000	150.654000
920	74539	37781	37678	1.840000	149.078000
921	74816	37897	37840	1.842000	149.632000
917	74756	37680	37993	1.834000	149.512000
891	73933	37372	37452	1.782000	147.866000
882	74946	37786	38042	1.764000	149.892000
837	75428	38109	38156	1.674000	150.856000
912	74547	37790	37669	1.824000	149.094000
926	74456	37753	37629	1.852000	148.912000
885	74994	37955	37924	1.770000	149.988000
903	74569	37587	37885	1.806000	149.138000
956	74170	37567	37559	1.912000	148.340000
836	75426	38085	38177	1.672000	150.852000
868	74425	37531	37762	1.736000	148.850000
847	73462	37307	37002	1.694000	146.924000
887	74953	37903	37937	1.774000	149.906000
892	74309	37655	37546	1.784000	148.618000
934	74424	37682	37676	1.868000	148.848000
934	74304	37726	37512	1.868000	148.608000
879	74717	37831	37765	1.758000	149.434000
868	74719	37700	37887	1.736000	149.438000
869	74237	37497	37609	1.738000	148.474000
910	74626	37734	37802	1.820000	149.252000
836	74969	37925	37880	1.672000	149.938000
882	74109	37606	37385	1.764000	148.218000
849	74898	37883	37864	1.698000	149.796000
938	74264	37689	37513	1.876000	148.528000
891	74433	37627	37697	1.782000	148.866000
875	74811	38014	37672	1.750000	149.622000
893	74430	37450	37873	1.786000	148.860000
882	74530	37648	37764	1.764000	149.060000
934	74663	37769	37828	1.868000	149.326000
931	74760	37919	37772	1.862000	149.520000
906	75014	37951	37969	1.812000	150.028000
876	74895	37740	38031	1.752000	149.790000
924	74792	37860	37856	1.848000	149.584000
925	73883	37322	37486	1.850000	147.766000
942	74910	37978	37874	1.884000	149.820000
894	74132	37488	37538	1.788000	148.264000
905	74111	37453	37563	1.810000	148.222000
921	74179	37474	37626	1.842000	148.358000
899	74661	37925	37635	1.798000	149.322000
859	74468	37715	37612	1.718000	148.936000
910	74211	37627	37494	1.820000	148.422000
894	74579	37702	37771	1.788000	149.158000
885	75389	38244	38030	1.770000	150.778000
892	75150	37960	38082	1.784000	150.300000
925	74446	37538	37833	1.850000	148.892000
947	74342	37620	37669	1.894000	148.684000
890	74937	38033	37794	1.780000	149.874000
924	73949	37563	37310	1.848000	147.898000
918	74456	37596	37778	1.836000	148.912000
930	74677	37822	37785	1.860000	149.354000
894	74695	37740	37849	1.788000	149.390000
872	74510	37556	37826	1.744000	149.020000
922	73867	37445	37344	1.844000	147.734000
936	74076	37571	37441	1.872000	148.152000
838	75177	37959	38056	1.676000	150.354000
889	75672	38276	38285	1.778000	151.344000
955	74883	37826	38012	1.910000	149.766000
921	74969	37889	38001	1.842000	149.938000
857	75131	38231	37757	1.714000	150.262000
903	74848	37884	37867	1.806000	149.696000
891	74903	38085	37709	1.782000	149.806000
878	75126	37990	38014	1.756000	150.252000
859	75181	38008	38032	1.718000	150.362000
874	75020	37796	38098	1.748000	150.040000
920	74816	37950	37786	1.840000	149.632000
891	74741	37833	37799	1.782000	149.482000
923	74520	37893	37550	1.846000	149.040000
926	74614	37908	37632	1.852000	149.228000
874	74572	37779	37667	1.748000	149.144000
886	74327	37496	37717	1.772000	148.654000
897	74753	37764	37886	1.794000	149.506000
955	74301	37429	37827	1.910000	148.602000
940	74664	37756	37848	1.880000	149.328000
841	75159	37910	38090	1.682000	150.318000
926	74849	37870	37905	1.852000	149.698000
883	74295	37636	37542	1.766000	148.590000
841	75002	37802	38041	1.682000	150.004000
874	74864	37714	38024	1.748000	149.728000
910	75221	38073	38058	1.820000	150.442000
871	74733	37657	37947	1.742000	149.466000
919	74355	37696	37578	1.838000	148.710000
846	74771	37856	37761	1.692000	149.542000
887	75014	37994	37907	1.774000	150.028000
900	74789	37792	37897	1.800000	149.578000
894	74716	37909	37701	1.788000	149.432000
869	74702	37913	37658	1.738000	149.404000
903	74207	37414	37696	1.806000	148.414000
871	75626	38329	38168	1.742000	151.252000
927	74341	37576	37692	1.854000	148.682000
966	74101	37401	37666	1.932000	148.202000
933	74682	37829	37786	1.866000	149.364000
837	74952	37914	37875	1.674000	149.904000
898	74670	37947	37621	1.796000	149.340000
969	75121	38053	38037	1.938000	150.242000
944	74256	37645	37555	1.888000	148.512000
914	74919	37820	38013	1.828000	149.838000
919	74139	37443	37615	1.838000	148.278000
877	74921	38086	37712	1.754000	149.842000
913	73718	37386	37245	1.826000	147.436000
899	73962	37536	37325	1.798000	147.924000
872	74942	37862	37952	1.744000	149.884000
930	74463	37756	37637	1.860000	148.926000
949	74907	37900	37956	1.898000	149.814000
897	75214	38046	38065	1.794000	150.428000
932	74908	38118	37722	1.864000	149.816000
930	74044	37350	37624	1.860000	148.088000
889	74852	37814	37927	1.778000	149.704000
883	74799	38032	37650	1.766000	149.598000
871	75181	37824	38228	1.742000	150.362000
