Step	MinBlueDeath	MajBlueDeath	MinRedDeath	MajReadDeath
0	0	0	0	0
1	130	9	124	8
2	125	11	128	14
3	129	16	123	12
4	116	22	95	20
5	131	19	117	17
6	115	19	92	17
7	108	18	99	15
8	101	21	104	21
9	94	16	101	13
10	105	36	106	26
11	106	23	91	17
12	117	20	89	22
13	100	26	112	28
14	112	20	116	19
15	114	16	104	14
16	118	27	118	24
17	115	24	113	24
18	112	26	121	22
19	106	27	115	21
20	103	21	104	18
21	123	17	120	22
22	97	17	107	14
23	101	27	126	22
24	91	30	92	27
25	106	28	122	24
26	101	18	99	16
27	102	29	110	21
28	108	25	113	18
29	87	17	101	14
30	121	26	121	19
31	91	13	103	13
32	122	23	104	23
33	113	24	111	24
34	104	17	96	17
35	111	31	124	30
36	99	22	89	23
37	100	25	103	24
38	104	26	95	20
39	118	18	116	21
40	117	17	119	17
41	112	16	123	20
42	108	32	109	27
43	110	21	111	20
44	103	26	112	38
45	112	18	108	22
46	116	39	127	35
47	96	22	98	16
48	104	15	117	11
49	128	20	116	19
50	99	18	97	19
51	96	19	102	18
52	120	38	123	27
53	99	12	112	11
54	115	25	116	19
55	108	21	123	20
56	108	27	105	28
57	110	16	104	15
58	115	24	104	24
59	104	23	108	22
60	106	29	110	26
61	107	18	125	22
62	121	26	133	26
63	91	23	113	22
64	118	15	109	18
65	114	24	108	21
66	90	23	111	28
67	120	24	89	22
68	122	20	125	17
69	109	14	114	11
70	104	31	102	31
71	78	20	87	27
72	117	32	100	27
73	106	19	105	23
74	101	27	105	22
75	102	24	101	27
76	114	21	102	22
77	109	19	102	19
78	110	22	99	26
79	104	18	109	20
80	106	22	106	21
81	102	30	99	29
82	116	32	108	24
83	101	24	109	20
84	105	15	106	17
85	110	16	104	15
86	97	16	105	20
87	108	30	90	25
88	85	24	102	18
89	96	20	89	22
90	112	21	119	17
91	108	21	112	18
92	114	33	115	35
93	99	37	99	28
94	100	27	94	25
95	105	21	90	22
96	116	27	113	28
97	120	30	128	23
98	91	21	105	19
99	104	23	109	21
100	102	24	108	23
101	101	22	101	18
102	108	22	119	19
103	108	24	103	24
104	109	21	100	15
105	114	19	120	20
106	96	13	90	9
107	109	29	131	27
108	99	13	113	16
109	120	18	114	18
110	92	21	103	20
111	111	25	97	25
112	102	13	120	12
113	98	33	97	29
114	91	18	90	13
115	103	24	113	22
116	99	25	100	26
117	124	29	116	25
118	114	24	99	19
119	100	30	91	31
120	106	23	103	20
121	110	21	99	25
122	116	21	104	26
123	104	25	95	30
124	97	23	85	26
125	122	20	113	19
126	118	20	110	20
127	107	20	110	21
128	116	25	102	28
129	92	27	92	22
130	98	27	87	23
131	118	29	110	28
132	104	23	106	24
133	99	21	109	19
134	118	27	112	29
135	116	11	106	14
136	117	28	119	28
137	110	22	103	22
138	89	18	86	17
139	102	28	110	26
140	120	29	108	20
141	92	17	94	13
142	111	27	116	21
143	77	22	79	22
144	90	34	139	28
145	90	30	96	25
146	108	24	100	25
147	99	23	112	19
148	125	29	121	23
149	89	22	117	24
150	111	25	100	21
151	96	16	107	17
152	116	21	124	18
153	113	24	115	22
154	92	13	95	18
155	111	15	114	17
156	120	25	107	25
157	99	20	96	23
158	108	30	101	24
159	102	22	84	24
160	118	19	125	16
161	88	29	111	30
162	102	26	117	24
163	100	14	93	15
164	115	23	127	25
165	99	17	93	14
166	106	25	109	22
167	122	24	106	30
168	98	29	98	28
169	100	24	110	23
170	117	17	107	24
171	116	34	122	24
172	113	13	107	17
173	121	22	111	21
174	118	21	109	19
175	98	21	91	22
176	101	19	113	23
177	121	32	121	26
178	94	21	105	18
179	104	44	106	44
180	89	15	101	16
181	103	39	108	40
182	107	29	114	24
183	120	24	110	28
184	122	20	125	19
185	120	26	119	23
186	112	27	96	26
187	120	14	116	15
188	118	18	92	17
189	108	25	115	32
190	103	18	105	20
191	105	31	109	29
192	103	21	98	24
193	116	21	114	23
194	98	18	89	17
195	118	26	128	30
196	110	19	124	17
197	114	29	125	25
198	110	19	116	18
199	118	26	107	32
200	105	25	111	32
201	88	24	121	28
202	87	31	111	34
203	120	11	104	11
204	100	31	106	26
205	133	16	120	14
206	108	23	107	22
207	111	15	95	14
208	132	24	105	20
209	105	18	125	21
210	97	25	104	23
211	94	30	94	29
212	88	16	98	16
213	106	31	101	28
214	113	26	114	29
215	107	20	89	23
216	112	20	110	21
217	108	28	103	27
218	97	18	100	17
219	111	21	127	17
220	108	21	97	24
221	104	15	111	15
222	111	29	98	32
223	95	27	100	30
224	116	22	113	27
225	89	19	96	27
226	97	25	117	26
227	108	22	109	26
228	98	24	113	25
229	105	18	101	22
230	134	17	118	19
231	111	13	116	17
232	105	18	113	17
233	93	25	113	34
234	98	32	104	21
235	96	19	104	22
236	121	27	106	17
237	101	16	106	15
238	100	21	101	21
239	95	25	93	24
240	93	28	113	26
241	102	20	112	21
242	114	20	106	24
243	101	28	88	26
244	114	23	109	30
245	98	22	91	26
246	96	16	91	16
247	117	17	108	17
248	109	17	129	23
249	101	16	88	19
250	96	19	112	29
251	108	23	110	21
252	104	25	112	25
253	100	21	103	28
254	92	20	103	19
255	104	17	106	22
256	96	23	97	32
257	112	29	111	39
258	90	23	81	27
259	104	19	97	18
260	120	21	125	20
261	112	16	117	15
262	123	31	123	29
263	106	13	100	14
264	123	25	113	28
265	92	20	98	26
266	95	18	90	22
267	118	22	106	27
268	100	30	102	38
269	97	23	83	33
270	123	22	121	27
271	123	20	114	22
272	103	21	101	21
273	99	18	104	18
274	132	28	101	32
275	113	28	112	25
276	100	28	103	38
277	106	15	113	18
278	117	29	114	38
279	108	22	100	27
280	105	10	81	14
281	117	21	113	20
282	106	28	112	25
283	104	18	104	15
284	107	11	106	15
285	118	20	110	17
286	109	16	107	17
287	109	22	97	21
288	111	31	102	29
289	122	27	110	32
290	103	23	84	24
291	100	19	99	22
292	125	21	113	27
293	107	22	100	23
294	133	24	105	19
295	112	28	115	21
296	110	9	101	13
297	103	21	122	22
298	117	19	107	16
299	99	21	102	22
300	116	24	105	23
301	115	7	101	10
302	108	24	105	26
303	126	22	101	28
304	102	20	84	22
305	109	25	126	21
306	106	23	108	21
307	94	21	90	26
308	89	20	95	19
309	129	28	106	33
310	93	23	108	24
311	101	22	109	20
312	107	31	99	25
313	101	31	107	28
314	116	20	111	20
315	109	25	100	22
316	105	29	102	22
317	128	21	108	19
318	100	23	106	20
319	102	13	102	11
320	119	26	111	21
321	105	19	116	21
322	108	39	95	30
323	96	15	99	20
324	126	23	106	26
325	99	24	113	18
326	106	24	106	24
327	125	29	119	25
328	103	12	103	10
329	118	24	115	18
330	104	17	115	14
331	94	26	111	23
332	105	19	97	24
333	96	21	96	26
334	105	18	109	19
335	108	27	105	34
336	95	31	98	27
337	99	22	95	27
338	104	21	115	19
339	107	28	100	24
340	105	27	113	26
341	107	29	112	24
342	105	10	111	12
343	126	25	98	23
344	99	26	96	24
345	105	22	90	25
346	97	28	110	23
347	115	25	111	20
348	130	20	98	19
349	106	21	123	18
350	115	17	104	16
351	117	16	103	18
352	120	26	108	31
353	100	15	100	17
354	123	26	109	30
355	101	19	109	22
356	122	25	94	27
357	92	17	86	18
358	109	25	103	23
359	114	22	116	22
360	92	17	112	16
361	105	23	92	27
362	110	17	114	13
363	92	23	122	23
364	100	23	104	29
365	111	38	117	31
366	117	17	108	16
367	112	40	100	29
368	115	20	116	20
369	125	18	111	19
370	127	24	117	14
371	87	22	102	18
372	108	21	119	21
373	95	22	113	21
374	102	24	101	19
375	97	34	83	24
376	100	23	121	24
377	109	23	104	30
378	110	16	122	14
379	101	12	104	10
380	114	24	124	23
381	111	33	112	32
382	113	9	114	11
383	101	35	97	32
384	112	25	111	33
385	118	19	121	20
386	109	26	106	19
387	124	21	104	22
388	104	20	106	22
389	120	29	112	32
390	101	14	87	21
391	96	17	108	22
392	105	26	117	28
393	110	23	102	21
394	98	18	89	20
395	105	25	106	23
396	110	22	107	20
397	107	22	105	24
398	102	19	105	27
399	95	22	99	30
400	114	18	94	23
401	104	33	116	37
402	106	22	105	26
403	107	27	119	25
404	97	16	88	14
405	111	17	118	20
406	136	27	120	20
407	119	14	99	15
408	95	21	95	21
409	118	25	112	28
410	118	18	116	21
411	125	18	127	16
412	117	26	100	25
413	110	18	105	22
414	105	22	104	25
415	97	20	112	24
416	101	23	94	17
417	117	25	119	23
418	89	22	94	27
419	100	41	103	48
420	80	17	78	18
421	114	27	105	26
422	106	37	125	41
423	100	24	97	25
424	115	14	104	15
425	107	16	124	18
426	110	25	97	21
427	106	20	100	23
428	101	23	105	18
429	110	17	100	18
430	101	19	97	20
431	102	23	99	21
432	98	21	99	22
433	109	23	109	22
434	112	26	104	23
435	98	32	92	30
436	118	16	103	18
437	98	15	96	16
438	96	31	93	30
439	110	27	102	30
440	100	23	107	23
441	102	23	98	22
442	99	18	100	18
443	111	20	109	22
444	122	25	110	26
445	106	33	96	36
446	115	25	106	27
447	116	17	114	27
448	106	18	96	18
449	116	24	112	22
450	134	18	107	16
451	109	23	103	20
452	105	23	107	23
453	106	28	107	27
454	126	22	115	19
455	133	24	112	23
456	112	15	111	16
457	122	19	117	19
458	89	18	85	17
459	99	22	97	18
460	80	21	102	22
461	104	21	109	18
462	102	20	120	21
463	98	17	83	17
464	113	28	109	24
465	126	23	107	26
466	97	20	105	24
467	92	23	105	18
468	98	27	107	27
469	110	17	118	19
470	108	14	97	11
471	93	27	111	25
472	107	29	104	27
473	123	27	110	27
474	119	22	107	23
475	104	21	103	19
476	92	22	97	26
477	114	16	115	22
478	108	23	109	24
479	109	25	103	25
480	102	10	98	11
481	111	23	110	28
482	91	28	103	25
483	114	25	104	28
484	92	25	102	21
485	124	20	117	20
486	114	16	121	15
487	98	20	97	17
488	112	14	113	16
489	107	23	106	24
490	98	22	107	14
491	120	21	96	15
492	112	30	116	22
493	100	25	98	25
494	82	36	90	33
495	103	15	97	15
496	120	21	88	23
497	129	22	118	28
498	111	24	108	29
499	94	24	116	25
500	100	19	99	25
501	125	20	112	19
502	97	19	105	20
503	128	17	110	14
504	126	16	111	16
505	89	30	103	34
506	91	25	95	20
507	99	22	105	21
508	99	19	97	17
509	103	29	101	34
510	106	28	111	27
511	104	18	100	16
512	100	23	123	17
513	102	15	95	10
514	96	28	122	26
515	90	20	98	22
516	110	23	95	19
517	95	27	98	20
518	103	33	93	32
519	104	33	112	26
520	106	26	113	25
521	105	28	107	24
522	99	17	90	18
523	115	22	111	28
524	107	26	107	26
525	96	26	89	26
526	113	12	104	13
527	107	25	101	29
528	109	17	104	14
529	95	17	83	18
530	107	21	97	22
531	101	27	110	25
532	120	22	96	28
533	101	18	99	19
534	112	27	108	29
535	99	14	92	16
536	110	18	105	19
537	115	27	102	28
538	104	27	108	26
539	103	24	102	25
540	116	12	99	12
541	94	29	104	29
542	102	27	117	27
543	98	19	99	22
544	119	33	98	38
545	97	20	97	22
546	120	18	110	19
547	104	23	101	25
548	101	18	118	12
549	118	29	123	33
550	84	24	106	17
551	93	24	111	19
552	104	23	116	26
553	114	15	120	17
554	93	24	120	24
555	99	31	96	25
556	98	18	104	25
557	115	13	106	11
558	125	18	118	20
559	114	20	112	20
560	104	27	94	28
561	106	35	108	40
562	115	23	97	24
563	107	18	101	17
564	111	20	133	17
565	114	19	118	23
566	90	26	94	28
567	96	33	89	32
568	107	21	95	20
569	101	25	111	25
570	111	16	102	14
571	117	22	124	18
572	98	31	104	21
573	95	26	110	18
574	97	26	105	30
575	95	17	90	17
576	101	31	113	25
577	107	22	119	21
578	131	17	110	13
579	100	24	121	22
580	103	22	111	22
581	119	32	108	27
582	105	26	117	26
583	82	20	94	19
584	114	29	119	22
585	105	27	105	26
586	115	20	106	22
587	106	22	112	23
588	101	22	99	21
589	96	25	122	12
590	102	25	96	20
591	112	20	99	19
592	124	25	122	24
593	91	16	97	18
594	105	33	107	31
595	96	29	104	22
596	113	23	109	23
597	105	26	102	22
598	106	27	86	24
599	118	20	116	18
600	89	29	102	24
601	102	21	109	20
602	115	22	107	21
603	115	22	104	18
604	113	22	91	23
605	122	21	103	26
606	119	24	114	23
607	107	22	116	17
608	102	32	105	28
609	105	21	116	19
610	103	24	104	23
611	98	28	111	14
612	100	12	106	14
613	129	28	118	34
614	103	10	108	12
615	100	19	127	17
616	93	22	112	27
617	117	12	102	16
618	109	30	114	23
619	84	16	81	19
620	108	20	104	16
621	112	30	119	26
622	98	20	110	21
623	102	19	109	19
624	99	24	117	30
625	94	19	106	16
626	103	20	123	21
627	82	28	98	23
628	97	20	81	23
629	100	17	106	16
630	112	17	108	19
631	121	30	136	27
632	98	23	95	20
633	111	29	111	23
634	103	24	116	27
635	97	23	109	21
636	120	30	113	28
637	100	23	102	24
638	105	24	102	21
639	109	12	117	18
640	109	15	115	17
641	83	29	88	25
642	110	28	91	26
643	91	19	114	22
644	108	23	102	15
645	117	21	117	16
646	107	27	104	22
647	85	14	106	20
648	121	25	110	24
649	107	23	114	21
650	106	20	101	23
651	103	20	122	18
652	110	13	106	17
653	89	17	102	17
654	110	25	121	34
655	89	27	97	26
656	88	21	88	19
657	114	13	106	17
658	104	21	124	25
659	100	35	96	37
660	101	23	116	22
661	122	19	116	28
662	112	38	88	30
663	118	23	95	24
664	118	29	124	27
665	84	19	98	19
666	101	26	124	25
667	99	23	122	20
668	102	20	98	21
669	113	21	111	22
670	105	19	90	17
671	98	22	104	21
672	119	25	125	30
673	87	24	108	26
674	110	19	111	23
675	109	21	103	25
676	98	22	101	21
677	125	27	107	27
678	108	24	97	27
679	127	30	101	32
680	80	18	121	18
681	93	23	129	20
682	109	20	111	22
683	100	32	127	26
684	91	26	103	27
685	97	18	107	22
686	119	18	100	24
687	105	20	111	25
688	118	27	111	23
689	101	21	92	20
690	120	22	111	16
691	117	15	94	16
692	130	19	115	14
693	104	17	108	16
694	99	23	107	19
695	96	20	96	21
696	108	29	98	29
697	92	23	100	24
698	106	22	111	21
699	103	28	103	25
700	106	29	98	29
701	105	24	112	21
702	91	26	111	22
703	102	20	109	22
704	105	21	117	21
705	79	24	81	26
706	122	32	98	29
707	108	26	113	25
708	97	21	110	18
709	127	18	119	16
710	107	21	111	25
711	97	25	110	21
712	118	16	119	13
713	112	16	101	16
714	117	25	98	26
715	117	25	101	17
716	98	35	105	32
717	91	38	81	33
718	92	18	91	19
719	108	15	122	13
720	101	28	87	29
721	111	24	124	18
722	121	14	104	14
723	116	19	90	17
724	103	30	111	33
725	102	10	106	10
726	119	28	117	29
727	112	27	99	22
728	114	21	111	18
729	103	26	123	25
730	104	18	110	22
731	98	24	98	24
732	108	29	114	27
733	100	26	97	30
734	93	19	97	17
735	128	15	112	16
736	102	24	101	26
737	82	33	103	35
738	94	28	112	33
739	95	22	121	26
740	126	14	108	19
741	97	20	114	13
742	124	19	117	20
743	98	22	114	25
744	97	14	110	18
745	108	32	110	29
746	116	18	111	22
747	128	26	108	20
748	111	13	105	13
749	108	23	118	21
750	117	18	102	19
751	109	25	100	24
752	113	27	108	34
753	94	25	87	31
754	102	28	99	24
755	101	22	107	26
756	124	22	107	23
757	105	18	108	23
758	111	23	118	22
759	109	12	120	10
760	101	21	92	17
761	103	22	99	23
762	108	23	114	27
763	94	26	90	25
764	95	22	113	28
765	111	21	118	27
766	108	18	101	27
767	110	38	110	29
768	92	23	94	23
769	112	15	98	21
770	103	29	100	33
771	100	14	104	16
772	106	19	109	20
773	94	27	102	23
774	109	33	117	41
775	100	19	112	15
776	111	16	103	18
777	115	27	111	18
778	114	12	101	15
779	101	30	107	25
780	128	21	129	28
781	107	21	107	23
782	113	22	95	28
783	131	20	105	19
784	95	17	114	23
785	108	21	109	19
786	104	23	96	32
787	105	31	111	33
788	115	24	108	20
789	112	24	97	21
790	111	19	108	24
791	118	28	103	25
792	112	30	105	27
793	115	30	111	34
794	105	14	97	13
795	137	27	123	17
796	113	22	116	19
797	106	16	119	20
798	112	9	112	10
799	84	19	88	17
800	102	20	107	25
801	100	24	98	34
802	97	46	109	41
803	125	19	92	17
804	97	27	119	26
805	105	17	105	18
806	119	14	119	12
807	114	23	108	26
808	110	27	102	22
809	90	23	97	28
810	102	30	125	28
811	102	21	94	23
812	112	21	121	20
813	135	16	101	19
814	112	27	109	22
815	99	19	110	20
816	102	28	117	23
817	118	26	104	24
818	111	30	115	29
819	99	29	90	27
820	110	18	114	19
821	126	21	117	24
822	103	28	95	30
823	91	15	92	14
824	113	17	105	14
825	113	27	111	25
826	105	17	106	15
827	95	30	111	27
828	103	22	101	27
829	101	19	106	24
830	108	20	103	20
831	103	15	109	30
832	130	23	120	24
833	106	24	114	24
834	100	17	103	15
835	121	29	121	33
836	88	20	100	21
837	117	26	118	20
838	124	24	111	20
839	112	27	100	21
840	105	23	107	21
841	113	16	122	19
842	114	24	98	27
843	126	19	106	21
844	98	15	102	17
845	105	22	122	19
846	102	20	114	19
847	106	27	93	22
848	124	17	129	22
849	116	17	106	15
850	94	34	113	31
851	87	26	101	27
852	108	23	115	17
853	96	17	97	24
854	106	19	125	19
855	103	19	97	17
856	116	18	102	19
857	94	25	101	25
858	86	24	110	20
859	116	21	109	27
860	89	27	88	24
861	110	25	96	28
862	99	17	115	13
863	102	24	108	25
864	94	22	114	20
865	87	32	83	28
866	119	24	105	22
867	115	19	111	19
868	102	23	92	20
869	124	28	141	31
870	106	23	103	28
871	109	24	114	21
872	111	20	90	21
873	94	18	101	21
874	101	27	112	25
875	120	13	94	17
876	113	29	113	22
877	104	29	112	28
878	111	23	111	17
879	104	20	103	17
880	104	21	102	20
881	80	28	86	25
882	117	19	108	21
883	121	30	120	32
884	105	22	92	24
885	97	19	109	18
886	115	20	103	22
887	120	36	108	26
888	85	23	112	24
889	115	28	113	27
890	120	22	120	25
891	110	27	112	21
892	104	23	112	19
893	97	20	100	21
894	104	21	119	25
895	117	29	114	30
896	106	15	107	14
897	120	19	110	24
898	113	28	111	28
899	106	18	108	19
900	113	18	106	22
901	108	20	108	25
902	99	19	104	24
903	101	21	114	22
904	99	16	118	13
905	100	23	106	22
906	117	31	132	25
907	93	28	114	25
908	104	31	109	27
909	113	31	104	23
910	113	22	105	20
911	92	25	110	21
912	130	29	122	23
913	103	29	120	23
914	129	17	96	20
915	97	22	110	16
916	116	21	114	18
917	109	26	113	25
918	96	23	102	22
919	120	16	114	15
920	106	24	110	23
921	117	15	104	19
922	105	21	112	18
923	118	26	118	21
924	104	23	100	18
925	104	17	106	11
926	117	15	114	17
927	120	25	125	24
928	106	19	93	17
929	95	25	110	27
930	114	21	104	18
931	117	26	113	21
932	115	21	103	25
933	106	27	111	23
934	104	21	87	25
935	111	22	119	22
936	120	31	117	22
937	126	19	95	16
938	102	27	99	29
939	95	27	88	28
940	104	32	102	31
941	119	20	107	17
942	117	20	114	21
943	117	27	103	25
944	101	26	85	26
945	103	28	121	27
946	114	28	109	24
947	109	18	104	20
948	117	22	128	22
949	103	15	103	20
950	110	26	119	28
951	108	18	119	23
952	88	21	101	20
953	104	17	99	20
954	92	28	94	30
955	105	22	100	19
956	110	21	114	24
957	98	27	107	25
958	100	22	79	22
959	98	11	123	11
960	115	23	126	36
961	100	13	116	15
962	100	14	117	19
963	114	14	124	19
964	112	23	116	25
965	106	22	104	29
966	116	19	119	22
967	104	16	111	20
968	106	21	114	19
969	116	15	110	18
970	111	26	98	30
971	99	13	93	19
972	122	14	111	17
973	109	28	105	35
974	99	20	94	26
975	115	15	114	17
976	102	22	102	25
977	110	17	115	16
978	109	24	105	27
979	92	22	115	24
980	110	29	110	25
981	104	23	96	28
982	112	21	106	20
983	95	24	108	25
984	118	16	135	18
985	115	19	102	23
986	108	30	104	35
987	100	24	107	27
988	94	25	108	22
989	104	19	97	23
990	104	32	109	26
991	114	13	104	12
992	122	26	117	31
993	106	23	106	21
994	110	16	96	21
995	104	22	104	25
996	109	21	91	25
997	110	27	108	23
998	96	25	122	30
999	92	25	94	25
1000	95	25	104	30
1001	97	28	99	29
1002	114	20	91	22
1003	98	15	101	16
1004	98	13	96	19
1005	111	23	107	26
1006	114	16	105	19
1007	125	22	125	22
1008	94	27	113	25
1009	107	29	101	34
1010	107	22	109	25
1011	106	17	107	14
1012	111	21	101	21
1013	104	28	106	23
1014	109	25	119	26
1015	99	26	100	32
1016	102	25	117	24
1017	106	29	103	30
1018	106	29	123	22
1019	93	13	90	12
1020	124	27	106	29
1021	109	20	107	18
1022	117	28	132	25
1023	96	14	94	12
1024	100	18	103	20
1025	98	23	86	26
1026	127	18	110	23
1027	97	25	105	21
1028	103	25	101	20
1029	100	19	113	23
1030	100	26	104	25
1031	102	21	100	21
1032	117	30	101	24
1033	112	18	99	16
1034	116	26	105	20
1035	101	22	105	18
1036	95	27	111	29
1037	118	17	99	15
1038	110	30	105	28
1039	97	16	109	16
1040	97	19	116	22
1041	95	21	100	20
1042	97	26	101	23
1043	111	25	129	16
1044	95	16	89	14
1045	116	19	98	18
1046	111	20	112	18
1047	98	24	86	30
1048	98	24	118	24
1049	104	24	94	23
1050	104	27	93	26
1051	94	29	126	30
1052	96	17	106	24
1053	115	31	104	32
1054	96	16	101	15
1055	108	18	118	18
1056	92	28	110	17
1057	107	37	97	26
1058	108	26	115	19
1059	102	20	108	28
1060	104	28	108	22
1061	95	22	94	24
1062	103	37	96	31
1063	120	30	114	30
1064	89	17	104	13
1065	119	22	125	18
1066	108	14	120	12
1067	122	26	104	27
1068	95	17	109	18
1069	114	16	127	20
1070	95	21	102	23
1071	105	27	117	25
1072	91	26	102	29
1073	112	16	111	16
1074	103	28	111	23
1075	111	24	109	29
1076	103	16	111	16
1077	114	23	116	25
1078	116	24	98	30
1079	105	26	109	23
1080	104	24	110	23
1081	108	18	127	19
1082	92	19	95	21
1083	118	23	104	26
1084	91	16	82	17
1085	104	24	113	26
1086	108	23	93	23
1087	108	22	90	26
1088	120	13	127	10
1089	110	26	106	29
1090	105	22	102	24
1091	122	24	100	24
1092	100	17	101	19
1093	98	27	105	23
1094	96	38	104	40
1095	100	14	116	16
1096	125	24	99	28
1097	108	24	100	18
1098	105	25	83	25
1099	126	29	118	26
1100	97	24	99	31
1101	100	28	92	31
1102	111	21	108	24
1103	99	25	115	26
1104	102	28	105	27
1105	118	11	118	15
1106	103	14	105	12
1107	110	30	109	35
1108	106	18	113	26
1109	113	20	117	21
1110	97	31	114	27
1111	95	28	123	21
1112	111	23	98	25
1113	108	25	106	31
1114	110	16	98	19
1115	109	17	128	19
1116	118	26	95	26
1117	120	19	106	20
1118	104	24	120	29
1119	91	27	99	23
1120	96	24	94	18
1121	99	28	133	32
1122	91	23	102	20
1123	111	29	118	33
1124	115	22	100	26
1125	109	25	107	23
1126	104	24	96	18
1127	120	24	109	30
1128	122	15	103	21
1129	106	19	124	21
1130	107	14	101	14
1131	110	33	124	33
1132	102	11	104	15
1133	82	16	108	14
1134	107	24	110	24
1135	108	23	113	29
1136	113	26	116	29
1137	106	20	104	28
1138	123	19	119	19
1139	102	17	117	8
1140	101	20	106	25
1141	96	19	103	23
1142	105	24	122	23
1143	105	20	112	21
1144	99	19	104	14
1145	109	30	99	31
1146	122	18	98	25
1147	104	34	116	28
1148	115	14	96	16
1149	120	33	120	29
1150	97	23	98	31
1151	109	28	98	25
1152	106	20	101	17
1153	111	23	107	21
1154	107	14	110	12
1155	112	31	105	28
1156	88	22	96	22
1157	111	21	115	24
1158	107	13	118	16
1159	106	17	99	19
1160	113	27	113	22
1161	89	28	99	28
1162	115	30	100	31
1163	119	26	117	22
1164	109	15	93	17
1165	108	27	116	28
1166	105	18	109	18
1167	121	7	121	7
1168	111	17	104	12
1169	119	29	107	30
1170	117	19	100	20
1171	104	19	110	22
1172	126	24	107	21
1173	112	18	95	30
1174	97	28	102	20
1175	92	37	102	33
1176	106	14	106	15
1177	103	17	117	15
1178	109	21	107	20
1179	106	20	118	23
1180	112	26	119	24
1181	96	25	85	29
1182	111	29	106	25
1183	92	27	102	24
1184	105	21	109	28
1185	110	26	107	31
1186	109	19	114	20
1187	106	19	129	18
1188	98	27	102	29
1189	108	20	112	21
1190	114	19	89	23
1191	105	25	103	22
1192	106	31	110	41
1193	103	23	113	27
1194	93	16	91	21
1195	102	15	111	26
1196	104	20	98	22
1197	98	25	110	19
1198	93	17	112	20
1199	102	24	113	25
1200	105	23	110	24
1201	112	19	115	19
1202	98	15	97	19
1203	104	34	102	25
1204	111	12	121	10
1205	106	33	120	32
1206	86	26	94	28
1207	112	27	125	27
1208	104	22	108	26
1209	102	26	101	25
1210	108	26	109	26
1211	93	21	111	24
1212	115	24	121	16
1213	93	25	115	32
1214	112	21	100	22
1215	106	22	120	25
1216	105	32	120	33
1217	95	20	110	21
1218	111	18	115	15
1219	114	28	131	24
1220	110	24	118	22
1221	98	19	114	15
1222	110	25	118	23
1223	109	17	109	18
1224	105	33	113	23
1225	88	20	99	14
1226	130	31	89	29
1227	116	19	125	20
1228	122	18	106	16
1229	104	14	123	17
1230	103	15	96	16
1231	99	35	98	22
1232	105	26	112	24
1233	104	24	115	28
1234	104	30	113	31
1235	95	18	88	20
1236	94	21	107	20
1237	89	26	99	24
1238	103	23	118	25
1239	94	30	116	28
1240	116	19	96	17
1241	98	23	95	23
1242	115	32	132	27
1243	105	14	91	16
1244	116	17	101	17
1245	111	32	104	30
1246	113	14	96	13
1247	95	27	91	28
1248	107	28	99	29
1249	120	24	113	24
1250	114	16	98	18
1251	97	20	104	21
1252	113	20	106	18
1253	116	12	108	13
1254	117	24	129	21
1255	95	21	88	26
1256	105	20	105	28
1257	98	29	92	29
1258	114	26	103	30
1259	104	21	87	27
1260	104	14	101	10
1261	134	30	125	26
1262	98	26	92	32
1263	94	22	125	28
1264	100	22	109	23
1265	118	24	111	21
1266	118	12	116	16
1267	102	12	109	14
1268	101	19	137	14
1269	105	25	97	34
1270	111	15	114	23
1271	103	19	100	27
1272	102	26	107	30
1273	127	15	91	19
1274	101	20	107	21
1275	101	17	104	20
1276	101	24	111	16
1277	116	26	106	21
1278	105	18	93	22
1279	116	28	127	40
1280	94	20	105	19
1281	111	20	99	23
1282	113	17	118	19
1283	111	24	105	20
1284	97	22	116	21
1285	112	22	120	19
1286	119	30	127	27
1287	112	20	108	26
1288	105	19	105	22
1289	95	23	105	21
1290	121	19	105	20
1291	125	24	133	20
1292	99	29	104	24
1293	102	33	110	36
1294	124	15	116	16
1295	105	14	126	14
1296	115	26	113	27
1297	115	23	105	21
1298	130	22	102	20
1299	92	32	103	25
1300	104	22	118	17
1301	112	17	127	21
1302	107	20	117	19
1303	103	24	102	23
1304	108	23	104	21
1305	112	13	109	14
1306	119	34	123	30
1307	106	20	101	22
1308	103	18	123	15
1309	116	14	106	15
1310	94	26	109	24
1311	118	24	122	24
1312	120	18	107	24
1313	112	29	112	32
1314	110	28	110	26
1315	109	24	102	23
1316	98	26	123	21
1317	118	20	108	23
1318	112	18	108	21
1319	110	31	119	33
1320	104	15	113	18
1321	111	24	101	22
1322	102	21	89	16
1323	116	24	116	20
1324	116	18	110	17
1325	98	20	101	21
1326	109	20	119	17
1327	115	18	112	18
1328	101	16	119	18
1329	104	24	102	29
1330	106	11	99	12
1331	103	24	113	18
1332	104	31	98	26
1333	116	21	110	18
1334	132	15	119	15
1335	102	18	97	20
1336	103	21	105	29
1337	97	21	110	24
1338	111	13	94	12
1339	111	18	119	21
1340	105	26	117	23
1341	103	21	112	24
1342	103	22	124	24
1343	127	16	109	19
1344	113	27	108	21
1345	95	25	117	23
1346	95	14	87	13
1347	118	19	99	19
1348	98	18	89	19
1349	85	24	94	22
1350	101	23	105	17
1351	104	20	115	17
1352	91	26	92	24
1353	107	18	103	18
1354	110	26	97	21
1355	98	21	100	21
1356	89	30	110	27
1357	89	17	94	19
1358	109	21	125	23
1359	95	19	108	22
1360	116	20	128	22
1361	88	18	113	12
1362	110	28	100	21
1363	113	23	99	21
1364	100	33	101	29
1365	106	20	89	19
1366	107	23	111	26
1367	99	26	99	20
1368	112	29	135	25
1369	98	15	97	12
1370	105	23	94	18
1371	116	22	116	23
1372	131	15	121	16
1373	102	21	95	24
1374	113	23	100	29
1375	93	14	103	14
1376	105	22	118	23
1377	112	23	106	23
1378	104	16	95	17
1379	107	27	109	25
1380	112	28	98	34
1381	106	15	102	21
1382	112	21	105	25
1383	116	21	105	23
1384	120	6	113	7
1385	97	25	102	35
1386	90	22	94	31
1387	106	25	122	25
1388	100	29	110	38
1389	110	21	102	19
1390	124	15	119	17
1391	105	13	106	13
1392	117	32	97	29
1393	96	23	84	19
1394	113	26	102	36
1395	100	18	102	23
1396	122	26	122	30
1397	105	11	93	13
1398	107	13	112	19
1399	96	24	98	26
1400	97	21	104	26
1401	95	24	106	19
1402	97	23	107	25
1403	111	26	99	25
1404	111	25	118	19
1405	118	24	100	26
1406	122	24	119	26
1407	104	15	107	16
1408	116	16	103	15
1409	100	12	106	14
1410	103	21	108	27
1411	112	24	103	25
1412	90	23	113	21
1413	94	23	94	26
1414	111	14	102	13
1415	89	22	112	18
1416	113	26	106	25
1417	101	20	107	28
1418	89	14	93	15
1419	107	32	95	30
1420	116	32	116	31
1421	108	18	105	24
1422	123	32	102	34
1423	112	14	99	18
1424	107	16	92	16
1425	104	10	92	15
1426	93	21	125	28
1427	110	36	113	39
1428	91	24	102	20
1429	98	22	85	28
1430	92	23	105	31
1431	103	24	126	30
1432	123	20	121	19
1433	105	17	122	26
1434	105	23	109	18
1435	102	14	111	14
1436	111	18	116	19
1437	105	19	105	17
1438	105	21	117	21
1439	111	23	93	22
1440	105	13	101	15
1441	129	32	119	28
1442	99	17	104	28
1443	123	18	113	27
1444	101	25	110	24
1445	108	16	119	18
1446	107	28	92	27
1447	105	20	108	20
1448	107	26	99	28
1449	86	18	96	18
1450	110	36	99	39
1451	113	19	105	24
1452	102	25	105	28
1453	117	32	109	35
1454	101	22	107	20
1455	114	17	110	18
1456	105	18	116	16
1457	99	27	110	25
1458	120	27	105	20
1459	91	19	105	25
1460	102	30	101	33
1461	120	25	118	24
1462	90	12	107	19
1463	112	18	100	22
1464	116	20	99	25
1465	109	28	89	35
1466	97	22	102	22
1467	112	27	117	26
1468	95	19	126	18
1469	116	19	105	28
1470	111	21	114	24
1471	101	26	111	32
1472	93	23	100	25
1473	123	22	119	26
1474	98	21	98	21
1475	105	29	113	27
1476	112	24	111	23
1477	109	18	109	13
1478	99	25	98	21
1479	95	30	102	25
1480	99	21	127	24
1481	97	32	90	28
1482	106	22	107	25
1483	125	17	97	22
1484	93	22	94	25
1485	105	21	105	25
1486	109	11	97	10
1487	117	19	113	20
1488	100	23	97	26
1489	93	26	104	24
1490	99	28	94	22
1491	112	34	105	27
1492	111	26	97	23
1493	108	19	82	25
1494	99	20	107	28
1495	108	27	104	36
1496	106	23	104	20
1497	117	26	107	22
1498	97	28	106	25
1499	109	18	111	15
1500	109	24	114	29
1501	99	25	101	28
1502	111	28	100	30
1503	84	29	95	24
1504	107	22	120	24
1505	105	21	105	18
1506	114	34	104	30
1507	98	23	96	27
1508	119	24	100	21
1509	103	31	104	29
1510	111	17	116	12
1511	123	20	131	17
1512	94	15	116	11
1513	113	30	129	24
1514	102	25	98	20
1515	104	16	101	15
1516	130	19	129	12
1517	92	9	104	10
1518	121	29	119	24
1519	100	28	96	26
1520	99	24	93	23
1521	101	20	118	20
1522	103	27	103	14
1523	110	32	118	26
1524	105	20	92	12
1525	105	16	110	13
1526	91	23	117	24
1527	91	18	101	21
1528	96	30	113	26
1529	94	27	97	23
1530	97	35	109	37
1531	102	33	103	26
1532	94	27	92	29
1533	115	24	106	26
1534	104	16	113	18
1535	98	27	128	19
1536	106	20	108	20
1537	124	21	112	20
1538	104	25	113	24
1539	89	24	115	24
1540	102	16	99	16
1541	121	15	118	18
1542	128	30	130	28
1543	111	28	120	25
1544	108	21	103	21
1545	86	21	87	19
1546	98	29	95	24
1547	121	36	122	29
1548	102	21	81	19
1549	103	20	110	20
1550	104	15	106	19
1551	101	27	98	28
1552	100	30	113	20
1553	119	24	117	28
1554	123	16	112	18
1555	114	19	105	33
1556	111	22	112	20
1557	120	26	126	25
1558	102	21	104	16
1559	106	21	132	21
1560	95	26	91	24
1561	117	16	106	16
1562	104	28	112	22
1563	103	30	97	30
1564	90	31	90	25
1565	119	22	120	20
1566	101	26	108	24
1567	88	22	85	26
1568	103	22	112	29
1569	112	31	105	31
1570	102	22	98	21
1571	124	19	110	17
1572	109	21	98	17
1573	96	31	101	25
1574	95	26	88	25
1575	101	17	106	14
1576	113	18	116	18
1577	109	23	122	22
1578	125	24	111	16
1579	106	14	114	16
1580	134	30	118	34
1581	98	13	92	20
1582	103	32	103	28
1583	109	24	107	20
1584	83	29	91	30
1585	122	24	108	27
1586	117	19	116	17
1587	133	23	121	24
1588	100	22	107	25
1589	105	18	111	21
1590	125	17	116	18
1591	101	25	102	22
1592	112	27	101	22
1593	120	28	108	31
1594	104	19	98	13
1595	97	34	104	37
1596	98	19	95	16
1597	104	17	110	13
1598	131	15	123	19
1599	112	19	109	23
1600	108	26	117	29
1601	93	22	94	27
1602	105	22	97	22
1603	106	28	111	28
1604	86	16	109	17
1605	93	21	96	21
1606	98	24	84	27
1607	115	38	112	36
1608	117	29	111	28
1609	102	24	109	21
1610	119	19	108	14
1611	95	31	117	32
1612	107	30	105	18
1613	116	17	104	21
1614	119	17	106	16
1615	117	25	102	26
1616	87	26	104	28
1617	109	33	109	31
1618	104	30	113	26
1619	97	26	113	24
1620	107	23	90	22
1621	120	23	120	16
1622	122	26	119	16
1623	109	17	101	20
1624	99	24	102	22
1625	109	25	89	28
1626	100	20	97	19
1627	106	26	111	22
1628	96	27	92	29
1629	124	17	118	19
1630	103	20	106	20
1631	119	14	107	17
1632	116	17	121	17
1633	111	27	99	24
1634	108	19	113	14
1635	122	20	110	17
1636	116	19	107	20
1637	108	22	108	19
1638	103	28	105	20
1639	104	23	94	18
1640	87	13	94	12
1641	107	22	97	24
1642	107	17	109	15
1643	109	19	116	18
1644	116	21	94	20
1645	90	26	93	23
1646	89	23	110	19
1647	110	23	99	21
1648	119	16	107	15
1649	125	18	129	16
1650	101	24	99	23
1651	99	22	102	25
1652	109	29	112	28
1653	105	15	104	16
1654	111	18	113	17
1655	123	32	104	22
1656	108	15	124	13
1657	98	18	106	17
1658	99	24	101	22
1659	108	26	109	23
1660	113	16	104	27
1661	99	27	116	24
1662	119	19	108	23
1663	95	19	104	25
1664	101	15	98	18
1665	99	21	102	20
1666	101	25	91	24
1667	102	28	109	22
1668	104	19	105	24
1669	95	22	103	30
1670	93	16	84	17
1671	109	21	124	22
1672	118	20	119	16
1673	79	29	78	28
1674	111	20	96	20
1675	104	31	101	32
1676	107	18	100	20
1677	112	23	107	29
1678	103	23	92	30
1679	121	24	100	25
1680	110	24	107	22
1681	99	24	123	28
1682	124	24	111	18
1683	115	22	117	28
1684	110	21	111	21
1685	98	20	88	22
1686	111	25	118	21
1687	105	19	111	20
1688	129	16	117	20
1689	119	18	108	16
1690	110	18	97	21
1691	109	31	91	34
1692	103	20	109	21
1693	107	20	107	18
1694	113	17	101	20
1695	95	25	106	27
1696	99	27	112	29
1697	100	14	107	16
1698	124	15	122	20
1699	126	21	125	22
1700	130	19	105	20
1701	117	22	113	23
1702	109	16	97	18
1703	104	22	120	22
1704	112	42	95	41
1705	108	15	111	15
1706	115	18	122	20
1707	102	21	117	19
1708	113	29	110	18
1709	109	20	119	19
1710	111	19	112	23
1711	102	23	117	24
1712	100	16	107	14
1713	106	26	99	31
1714	99	27	100	23
1715	93	24	109	23
1716	121	21	99	26
1717	108	25	98	25
1718	88	20	106	16
1719	120	27	100	23
1720	105	24	124	22
1721	107	24	105	19
1722	107	23	108	21
1723	116	24	123	23
1724	117	14	126	19
1725	108	14	112	9
1726	118	17	114	22
1727	92	22	114	23
1728	94	21	93	21
1729	115	27	111	34
1730	116	18	100	18
1731	113	18	114	19
1732	98	20	96	23
1733	115	22	108	26
1734	122	25	92	26
1735	98	28	115	33
1736	97	18	105	23
1737	102	19	104	16
1738	117	32	115	23
1739	104	19	112	14
1740	98	20	111	18
1741	100	17	110	13
1742	109	22	105	24
1743	99	23	105	22
1744	109	18	117	19
1745	107	23	114	26
1746	90	23	86	34
1747	92	23	102	21
1748	118	19	104	19
1749	118	22	107	27
1750	110	24	92	29
1751	107	25	103	20
1752	97	18	110	21
1753	113	20	104	25
1754	114	22	129	18
1755	93	17	97	14
1756	99	25	106	22
1757	95	30	90	31
1758	134	32	107	23
1759	108	24	113	26
1760	111	15	116	13
1761	106	17	111	21
1762	113	29	101	24
1763	115	24	98	18
1764	119	16	121	14
1765	121	17	103	21
1766	105	23	112	24
1767	108	27	121	36
1768	105	19	105	21
1769	111	27	118	34
1770	103	16	110	17
1771	117	20	105	24
1772	134	15	108	14
1773	85	25	113	29
1774	128	25	108	32
1775	110	18	109	14
1776	108	26	103	33
1777	107	20	95	17
1778	105	15	105	13
1779	108	23	104	25
1780	116	18	94	24
1781	114	23	107	30
1782	92	17	91	27
1783	115	25	102	27
1784	105	25	100	35
1785	92	26	117	28
1786	106	25	93	22
1787	106	17	98	20
1788	98	24	112	20
1789	109	25	118	23
1790	94	26	105	27
1791	97	20	97	19
1792	100	15	111	16
1793	104	22	110	22
1794	96	32	114	25
1795	85	19	100	17
1796	111	20	118	22
1797	83	24	107	23
1798	108	21	121	22
1799	92	28	105	20
1800	117	27	121	28
1801	104	20	106	22
1802	126	23	116	24
1803	103	29	115	29
1804	111	35	94	29
1805	116	18	109	17
1806	119	19	132	24
1807	108	12	105	12
1808	102	23	111	20
1809	105	24	99	27
1810	113	20	115	22
1811	113	21	105	20
1812	96	24	91	28
1813	114	22	133	24
1814	108	15	96	15
1815	132	23	106	23
1816	107	17	108	18
1817	110	30	104	35
1818	119	19	98	26
1819	109	29	106	27
1820	109	25	118	26
1821	111	23	106	22
1822	118	21	114	21
1823	117	14	116	11
1824	120	28	112	25
1825	95	28	105	36
1826	103	22	90	25
1827	118	21	97	21
1828	104	14	91	15
1829	96	19	115	17
1830	104	35	94	32
1831	103	30	97	29
1832	111	22	114	18
1833	127	20	122	21
1834	114	21	111	21
1835	115	24	101	25
1836	108	26	110	22
1837	110	22	106	21
1838	116	21	118	27
1839	115	21	107	19
1840	92	18	101	19
1841	113	14	113	11
1842	115	25	119	25
1843	94	27	97	26
1844	92	20	77	20
1845	99	30	104	30
1846	85	15	87	11
1847	108	26	130	22
1848	98	27	91	24
1849	111	18	104	14
1850	109	24	112	28
1851	118	26	114	21
1852	101	27	85	23
1853	106	37	107	30
1854	118	15	107	17
1855	95	31	103	29
1856	101	16	103	13
1857	103	27	111	20
1858	120	21	110	23
1859	107	20	90	16
1860	123	27	112	22
1861	100	28	98	25
1862	91	29	110	24
1863	112	19	90	22
1864	110	19	100	19
1865	103	30	108	31
1866	105	22	97	25
1867	84	23	103	18
1868	114	31	106	24
1869	97	28	92	28
1870	113	14	94	17
1871	120	32	115	29
1872	95	16	113	14
1873	108	32	109	25
1874	122	21	112	24
1875	111	21	115	23
1876	93	16	100	17
1877	111	24	104	20
1878	105	31	114	19
1879	94	19	96	18
1880	103	25	103	18
1881	111	27	107	29
1882	116	24	103	23
1883	107	20	97	17
1884	106	25	116	17
1885	107	16	95	16
1886	114	32	112	24
1887	115	22	111	23
1888	108	25	112	20
1889	107	13	110	19
1890	110	21	108	15
1891	121	13	106	16
1892	104	24	100	24
1893	104	25	118	19
1894	110	13	101	18
1895	116	21	110	16
1896	100	29	97	23
1897	93	28	106	24
1898	102	25	79	17
1899	108	30	116	36
1900	101	17	105	20
1901	109	26	107	19
1902	111	31	103	31
1903	98	18	96	20
1904	103	27	118	17
1905	122	25	118	19
1906	114	31	90	22
1907	102	30	95	26
1908	100	13	114	15
1909	103	23	129	24
1910	110	27	101	28
1911	107	32	108	28
1912	96	26	108	20
1913	99	27	99	24
1914	109	31	112	29
1915	96	20	99	19
1916	109	31	103	24
1917	114	22	106	22
1918	96	21	108	16
1919	117	16	103	18
1920	110	25	118	20
1921	99	20	119	16
1922	121	24	113	21
1923	108	12	106	15
1924	136	23	119	16
1925	102	18	115	14
1926	112	13	108	14
1927	124	29	132	26
1928	97	28	101	22
1929	96	21	103	15
1930	100	28	111	23
1931	105	11	115	13
1932	109	26	113	29
1933	95	33	116	23
1934	116	17	102	17
1935	125	29	95	23
1936	98	21	112	19
1937	124	25	91	28
1938	122	20	99	20
1939	102	21	108	22
1940	109	18	108	17
1941	102	30	110	25
1942	89	17	88	18
1943	119	23	114	21
1944	108	31	120	27
1945	108	24	104	33
1946	120	18	97	17
1947	95	21	99	22
1948	95	28	87	24
1949	131	30	102	25
1950	108	24	112	25
1951	93	27	104	19
1952	119	25	110	21
1953	106	17	110	15
1954	110	32	108	33
1955	112	25	96	27
1956	115	14	108	20
1957	110	32	82	31
1958	105	17	111	16
1959	121	16	129	21
1960	130	24	123	27
1961	103	29	105	22
1962	115	23	100	29
1963	103	11	86	14
1964	122	12	113	15
1965	105	20	100	20
1966	105	26	112	23
1967	103	38	104	30
1968	105	25	112	23
1969	108	17	91	18
1970	97	16	114	16
1971	122	27	115	28
1972	118	20	126	19
1973	98	24	94	26
1974	118	23	108	24
1975	100	21	114	21
1976	127	31	117	33
1977	110	21	89	22
1978	109	15	91	17
1979	101	20	129	22
1980	111	16	104	23
1981	121	16	113	15
1982	105	26	115	25
1983	98	17	115	18
1984	105	21	101	27
1985	107	19	109	23
1986	108	20	93	20
1987	91	25	108	23
1988	124	22	107	23
1989	102	15	93	21
1990	114	21	111	25
1991	114	18	113	22
1992	113	21	101	23
1993	97	24	115	25
1994	105	27	102	25
1995	103	29	108	31
1996	113	21	97	24
1997	87	17	103	15
1998	99	29	128	25
1999	104	17	101	20
